{"level":"warn","message":"💥 ITERATION INIT 💥","timestamp":"2024-10-25 03:12:37.581 PM"}
{"accountId":"273-support-500-last-9-sep","level":"info","message":"Connecting to zws2.web.telegram.org...","timestamp":"2024-10-25 03:12:37.663 PM"}
{"accountId":"273-support-500-last-9-sep","level":"info","message":"Connection success!","timestamp":"2024-10-25 03:12:38.788 PM"}
{"accountId":"273-support-500-last-9-sep","level":"info","message":"Starting send loop","timestamp":"2024-10-25 03:12:38.789 PM"}
{"accountId":"273-support-500-last-9-sep","level":"info","message":"Starting receive loop","timestamp":"2024-10-25 03:12:38.789 PM"}
{"accountId":"273-support-500-last-9-sep","level":"info","message":"Connection to zws2.web.telegram.org:443/TCPObfuscated complete!","timestamp":"2024-10-25 03:12:38.790 PM"}
{"accountId":"273-support-500-last-9-sep","level":"info","message":"Connected!","timestamp":"2024-10-25 03:12:38.790 PM"}
{"accountId":"273-support-500-last-9-sep","level":"info","message":"Send Loop: [InvokeWithLayer]","payload":{"CONSTRUCTOR_ID":3667594509,"SUBCLASS_OF_ID":3081909835,"className":"InvokeWithLayer","classType":"request","layer":177,"query":{"CONSTRUCTOR_ID":3251461801,"SUBCLASS_OF_ID":3081909835,"apiId":2496,"appVersion":"3.7.1 A","className":"InitConnection","classType":"request","deviceModel":"Mozilla/5.0 (Windows NT 10.0; Win64; x64) AppleWebKit/537.36 (KHTML, like Gecko) Chrome/127.0.0.0 Safari/537.36","langCode":"en","langPack":"weba","query":{"CONSTRUCTOR_ID":3304659051,"SUBCLASS_OF_ID":3542493770,"className":"help.GetConfig","classType":"request"},"systemLangCode":"en","systemVersion":"Win64"}},"timestamp":"2024-10-25 03:12:38.792 PM"}
{"accountId":"273-support-500-last-9-sep","level":"error","message":"Resend Loop: [InvokeWithLayer]","stack":"Error: Resend Loop: [InvokeWithLayer]\n    at _MTProtoSender._handleBadServerSalt (/Users/pavel/Projects/telegram-tt/out.js:65301:20)\n    at _MTProtoSender._processMessage (/Users/pavel/Projects/telegram-tt/out.js:65145:15)\n    at async _MTProtoSender._recvLoop (/Users/pavel/Projects/telegram-tt/out.js:65087:13)","timestamp":"2024-10-25 03:12:39.069 PM"}
{"accountId":"273-support-500-last-9-sep","level":"info","message":"Send Loop: [InvokeWithLayer]","payload":{"CONSTRUCTOR_ID":3667594509,"SUBCLASS_OF_ID":3081909835,"className":"InvokeWithLayer","classType":"request","layer":177,"query":{"CONSTRUCTOR_ID":3251461801,"SUBCLASS_OF_ID":3081909835,"apiId":2496,"appVersion":"3.7.1 A","className":"InitConnection","classType":"request","deviceModel":"Mozilla/5.0 (Windows NT 10.0; Win64; x64) AppleWebKit/537.36 (KHTML, like Gecko) Chrome/127.0.0.0 Safari/537.36","langCode":"en","langPack":"weba","query":{"CONSTRUCTOR_ID":3304659051,"SUBCLASS_OF_ID":3542493770,"className":"help.GetConfig","classType":"request"},"systemLangCode":"en","systemVersion":"Win64"}},"timestamp":"2024-10-25 03:12:39.070 PM"}
{"level":"warn","message":"💥 ITERATION INIT 💥","timestamp":"2024-10-25 03:46:13.439 PM"}
{"accountId":"273-support-500-last-9-sep","level":"info","message":"Connecting to zws2.web.telegram.org...","timestamp":"2024-10-25 03:46:13.531 PM"}
{"accountId":"273-support-500-last-9-sep","level":"info","message":"Connection success!","timestamp":"2024-10-25 03:46:14.953 PM"}
{"accountId":"273-support-500-last-9-sep","level":"info","message":"Starting send loop","timestamp":"2024-10-25 03:46:14.955 PM"}
{"accountId":"273-support-500-last-9-sep","level":"info","message":"Starting receive loop","timestamp":"2024-10-25 03:46:14.957 PM"}
{"accountId":"273-support-500-last-9-sep","level":"info","message":"Connection to zws2.web.telegram.org:443/TCPObfuscated complete!","timestamp":"2024-10-25 03:46:14.961 PM"}
{"accountId":"273-support-500-last-9-sep","level":"info","message":"Connected!","timestamp":"2024-10-25 03:46:14.962 PM"}
{"accountId":"273-support-500-last-9-sep","level":"info","message":"Send Loop: [InvokeWithLayer]","payload":{"CONSTRUCTOR_ID":3667594509,"SUBCLASS_OF_ID":3081909835,"className":"InvokeWithLayer","classType":"request","layer":177,"query":{"CONSTRUCTOR_ID":3251461801,"SUBCLASS_OF_ID":3081909835,"apiId":2496,"appVersion":"0.9.5 A","className":"InitConnection","classType":"request","deviceModel":"Mozilla/5.0 (Windows NT 10.0; Win64; x64) AppleWebKit/537.36 (KHTML, like Gecko) Chrome/127.0.0.0 Safari/537.36","langCode":"en","langPack":"weba","query":{"CONSTRUCTOR_ID":3304659051,"SUBCLASS_OF_ID":3542493770,"className":"help.GetConfig","classType":"request"},"systemLangCode":"en","systemVersion":"Win64"}},"timestamp":"2024-10-25 03:46:14.967 PM"}
{"accountId":"273-support-500-last-9-sep","level":"error","message":"Resend Loop: [InvokeWithLayer]","stack":"Error: Resend Loop: [InvokeWithLayer]\n    at _MTProtoSender._handleBadServerSalt (/Users/pavel/Projects/telegram-tt/out.js:65301:20)\n    at _MTProtoSender._processMessage (/Users/pavel/Projects/telegram-tt/out.js:65145:15)\n    at async _MTProtoSender._recvLoop (/Users/pavel/Projects/telegram-tt/out.js:65087:13)","timestamp":"2024-10-25 03:46:15.260 PM"}
{"accountId":"273-support-500-last-9-sep","level":"info","message":"Send Loop: [InvokeWithLayer]","payload":{"CONSTRUCTOR_ID":3667594509,"SUBCLASS_OF_ID":3081909835,"className":"InvokeWithLayer","classType":"request","layer":177,"query":{"CONSTRUCTOR_ID":3251461801,"SUBCLASS_OF_ID":3081909835,"apiId":2496,"appVersion":"0.9.5 A","className":"InitConnection","classType":"request","deviceModel":"Mozilla/5.0 (Windows NT 10.0; Win64; x64) AppleWebKit/537.36 (KHTML, like Gecko) Chrome/127.0.0.0 Safari/537.36","langCode":"en","langPack":"weba","query":{"CONSTRUCTOR_ID":3304659051,"SUBCLASS_OF_ID":3542493770,"className":"help.GetConfig","classType":"request"},"systemLangCode":"en","systemVersion":"Win64"}},"timestamp":"2024-10-25 03:46:15.262 PM"}
{"accountId":"273-support-500-last-9-sep","level":"info","message":"Send Loop: [account.GetAuthorizations]","payload":{"CONSTRUCTOR_ID":3810574680,"SUBCLASS_OF_ID":200663295,"className":"account.GetAuthorizations","classType":"request"},"timestamp":"2024-10-25 03:46:45.571 PM"}
{"accountId":"273-support-500-last-9-sep","level":"info","message":"Init iteration [1]","timestamp":"2024-10-25 03:46:45.870 PM"}
{"accountId":"273-support-500-last-9-sep","level":"info","message":"**AUTO RESPONSE**","timestamp":"2024-10-25 03:46:45.872 PM"}
{"accountId":"273-support-500-last-9-sep","level":"info","message":"Send Loop: [messages.GetDialogs]","payload":{"CONSTRUCTOR_ID":2700397391,"SUBCLASS_OF_ID":236671726,"className":"messages.GetDialogs","classType":"request","folderId":1,"limit":100,"offsetPeer":{"CONSTRUCTOR_ID":2134579434,"SUBCLASS_OF_ID":3374092470,"className":"InputPeerEmpty","classType":"constructor"}},"timestamp":"2024-10-25 03:46:45.873 PM"}
{"count":1,"level":"warn","message":{"273-support-500-last-9-sep":1},"timestamp":"2024-10-25 03:47:13.467 PM"}
{"accountId":"273-support-500-last-9-sep","level":"info","message":"End iteration [1]","timestamp":"2024-10-25 03:47:47.062 PM"}
{"accountId":"273-support-500-last-9-sep","level":"info","message":"Init iteration [2]","timestamp":"2024-10-25 03:47:47.065 PM"}
{"count":1,"level":"warn","message":{"273-support-500-last-9-sep":2},"timestamp":"2024-10-25 03:48:13.468 PM"}
{"accountId":"273-support-500-last-9-sep","level":"info","message":"End iteration [2]","timestamp":"2024-10-25 03:48:47.067 PM"}
{"accountId":"273-support-500-last-9-sep","level":"info","message":"Init iteration [3]","timestamp":"2024-10-25 03:48:47.070 PM"}
{"accountId":"273-support-500-last-9-sep","level":"info","message":"New update: <UpdateUserStatus>","payload":{"CONSTRUCTOR_ID":3854432478,"SUBCLASS_OF_ID":2676568142,"_entities":[],"className":"UpdateUserStatus","classType":"constructor","status":{"CONSTRUCTOR_ID":3988339017,"SUBCLASS_OF_ID":1527477310,"className":"UserStatusOnline","classType":"constructor","expires":1729850030},"userId":"483779758"},"timestamp":"2024-10-25 03:48:50.091 PM"}
{"accountId":"273-support-500-last-9-sep","level":"info","message":"New update: <UpdateUserStatus>","payload":{"CONSTRUCTOR_ID":3854432478,"SUBCLASS_OF_ID":2676568142,"_entities":[],"className":"UpdateUserStatus","classType":"constructor","status":{"CONSTRUCTOR_ID":9203775,"SUBCLASS_OF_ID":1527477310,"className":"UserStatusOffline","classType":"constructor","wasOnline":1729849733},"userId":"483779758"},"timestamp":"2024-10-25 03:48:53.411 PM"}
{"count":1,"level":"warn","message":{"273-support-500-last-9-sep":3},"timestamp":"2024-10-25 03:49:13.469 PM"}
{"accountId":"273-support-500-last-9-sep","level":"info","message":"End iteration [3]","timestamp":"2024-10-25 03:49:47.072 PM"}
{"accountId":"273-support-500-last-9-sep","level":"info","message":"Init iteration [4]","timestamp":"2024-10-25 03:49:47.075 PM"}
{"count":1,"level":"warn","message":{"273-support-500-last-9-sep":4},"timestamp":"2024-10-25 03:50:13.470 PM"}
{"level":"warn","message":"💥 ITERATION INIT 💥","timestamp":"2024-10-25 03:50:55.475 PM"}
{"accountId":"273-support-500-last-9-sep","level":"info","message":"Connecting to zws2.web.telegram.org...","timestamp":"2024-10-25 03:50:55.558 PM"}
{"accountId":"273-support-500-last-9-sep","level":"info","message":"Connection success!","timestamp":"2024-10-25 03:50:56.684 PM"}
{"accountId":"273-support-500-last-9-sep","level":"info","message":"Starting send loop","timestamp":"2024-10-25 03:50:56.686 PM"}
{"accountId":"273-support-500-last-9-sep","level":"info","message":"Starting receive loop","timestamp":"2024-10-25 03:50:56.687 PM"}
{"accountId":"273-support-500-last-9-sep","level":"info","message":"Connection to zws2.web.telegram.org:443/TCPObfuscated complete!","timestamp":"2024-10-25 03:50:56.688 PM"}
{"accountId":"273-support-500-last-9-sep","level":"info","message":"Connected!","timestamp":"2024-10-25 03:50:56.689 PM"}
{"accountId":"273-support-500-last-9-sep","level":"info","message":"Send Loop: [InvokeWithLayer]","payload":{"CONSTRUCTOR_ID":3667594509,"SUBCLASS_OF_ID":3081909835,"className":"InvokeWithLayer","classType":"request","layer":177,"query":{"CONSTRUCTOR_ID":3251461801,"SUBCLASS_OF_ID":3081909835,"apiId":2496,"appVersion":"9.1.8 A","className":"InitConnection","classType":"request","deviceModel":"Mozilla/5.0 (Windows NT 10.0; Win64; x64) AppleWebKit/537.36 (KHTML, like Gecko) Chrome/127.0.0.0 Safari/537.36","langCode":"en","langPack":"weba","query":{"CONSTRUCTOR_ID":3304659051,"SUBCLASS_OF_ID":3542493770,"className":"help.GetConfig","classType":"request"},"systemLangCode":"en","systemVersion":"Win64"}},"timestamp":"2024-10-25 03:50:56.693 PM"}
{"accountId":"273-support-500-last-9-sep","level":"error","message":"Resend Loop: [InvokeWithLayer]","stack":"Error: Resend Loop: [InvokeWithLayer]\n    at _MTProtoSender._handleBadServerSalt (/Users/pavel/Projects/telegram-tt/out.js:65303:20)\n    at _MTProtoSender._processMessage (/Users/pavel/Projects/telegram-tt/out.js:65147:15)\n    at async _MTProtoSender._recvLoop (/Users/pavel/Projects/telegram-tt/out.js:65089:13)","timestamp":"2024-10-25 03:50:56.968 PM"}
{"accountId":"273-support-500-last-9-sep","level":"info","message":"Send Loop: [InvokeWithLayer]","payload":{"CONSTRUCTOR_ID":3667594509,"SUBCLASS_OF_ID":3081909835,"className":"InvokeWithLayer","classType":"request","layer":177,"query":{"CONSTRUCTOR_ID":3251461801,"SUBCLASS_OF_ID":3081909835,"apiId":2496,"appVersion":"9.1.8 A","className":"InitConnection","classType":"request","deviceModel":"Mozilla/5.0 (Windows NT 10.0; Win64; x64) AppleWebKit/537.36 (KHTML, like Gecko) Chrome/127.0.0.0 Safari/537.36","langCode":"en","langPack":"weba","query":{"CONSTRUCTOR_ID":3304659051,"SUBCLASS_OF_ID":3542493770,"className":"help.GetConfig","classType":"request"},"systemLangCode":"en","systemVersion":"Win64"}},"timestamp":"2024-10-25 03:50:56.969 PM"}
{"level":"warn","message":"💥 ITERATION INIT 💥","timestamp":"2024-10-25 03:51:09.859 PM"}
{"accountId":"273-support-500-last-9-sep","level":"info","message":"Connecting to zws2.web.telegram.org...","timestamp":"2024-10-25 03:51:09.941 PM"}
{"accountId":"273-support-500-last-9-sep","level":"info","message":"Connection success!","timestamp":"2024-10-25 03:51:11.004 PM"}
{"accountId":"273-support-500-last-9-sep","level":"info","message":"Starting send loop","timestamp":"2024-10-25 03:51:11.005 PM"}
{"accountId":"273-support-500-last-9-sep","level":"info","message":"Starting receive loop","timestamp":"2024-10-25 03:51:11.006 PM"}
{"accountId":"273-support-500-last-9-sep","level":"info","message":"Connection to zws2.web.telegram.org:443/TCPObfuscated complete!","timestamp":"2024-10-25 03:51:11.007 PM"}
{"accountId":"273-support-500-last-9-sep","level":"info","message":"Connected!","timestamp":"2024-10-25 03:51:11.008 PM"}
{"accountId":"273-support-500-last-9-sep","level":"info","message":"Send Loop: [InvokeWithLayer]","payload":{"CONSTRUCTOR_ID":3667594509,"SUBCLASS_OF_ID":3081909835,"className":"InvokeWithLayer","classType":"request","layer":177,"query":{"CONSTRUCTOR_ID":3251461801,"SUBCLASS_OF_ID":3081909835,"apiId":2496,"appVersion":"8.7.8 A","className":"InitConnection","classType":"request","deviceModel":"Mozilla/5.0 (Windows NT 10.0; Win64; x64) AppleWebKit/537.36 (KHTML, like Gecko) Chrome/127.0.0.0 Safari/537.36","langCode":"en","langPack":"weba","query":{"CONSTRUCTOR_ID":3304659051,"SUBCLASS_OF_ID":3542493770,"className":"help.GetConfig","classType":"request"},"systemLangCode":"en","systemVersion":"Win64"}},"timestamp":"2024-10-25 03:51:11.012 PM"}
{"accountId":"273-support-500-last-9-sep","level":"error","message":"Resend Loop: [InvokeWithLayer]","stack":"Error: Resend Loop: [InvokeWithLayer]\n    at _MTProtoSender._handleBadServerSalt (/Users/pavel/Projects/telegram-tt/out.js:65303:20)\n    at _MTProtoSender._processMessage (/Users/pavel/Projects/telegram-tt/out.js:65147:15)\n    at async _MTProtoSender._recvLoop (/Users/pavel/Projects/telegram-tt/out.js:65089:13)","timestamp":"2024-10-25 03:51:11.285 PM"}
{"accountId":"273-support-500-last-9-sep","level":"info","message":"Send Loop: [InvokeWithLayer]","payload":{"CONSTRUCTOR_ID":3667594509,"SUBCLASS_OF_ID":3081909835,"className":"InvokeWithLayer","classType":"request","layer":177,"query":{"CONSTRUCTOR_ID":3251461801,"SUBCLASS_OF_ID":3081909835,"apiId":2496,"appVersion":"8.7.8 A","className":"InitConnection","classType":"request","deviceModel":"Mozilla/5.0 (Windows NT 10.0; Win64; x64) AppleWebKit/537.36 (KHTML, like Gecko) Chrome/127.0.0.0 Safari/537.36","langCode":"en","langPack":"weba","query":{"CONSTRUCTOR_ID":3304659051,"SUBCLASS_OF_ID":3542493770,"className":"help.GetConfig","classType":"request"},"systemLangCode":"en","systemVersion":"Win64"}},"timestamp":"2024-10-25 03:51:11.287 PM"}
{"accountId":"273-support-500-last-9-sep","level":"info","message":"Send Loop: [account.GetAuthorizations]","payload":{"CONSTRUCTOR_ID":3810574680,"SUBCLASS_OF_ID":200663295,"className":"account.GetAuthorizations","classType":"request"},"timestamp":"2024-10-25 03:51:41.605 PM"}
{"accountId":"273-support-500-last-9-sep","level":"info","message":"Init iteration [1]","timestamp":"2024-10-25 03:51:42.002 PM"}
{"accountId":"273-support-500-last-9-sep","level":"info","message":"**AUTO RESPONSE**","timestamp":"2024-10-25 03:51:42.004 PM"}
{"accountId":"273-support-500-last-9-sep","level":"info","message":"Send Loop: [messages.GetDialogs]","payload":{"CONSTRUCTOR_ID":2700397391,"SUBCLASS_OF_ID":236671726,"className":"messages.GetDialogs","classType":"request","folderId":1,"limit":100,"offsetPeer":{"CONSTRUCTOR_ID":2134579434,"SUBCLASS_OF_ID":3374092470,"className":"InputPeerEmpty","classType":"constructor"}},"timestamp":"2024-10-25 03:51:42.006 PM"}
{"count":1,"level":"warn","message":{"273-support-500-last-9-sep":1},"timestamp":"2024-10-25 03:52:09.876 PM"}
{"accountId":"273-support-500-last-9-sep","level":"info","message":"End iteration [1]","timestamp":"2024-10-25 03:52:43.501 PM"}
{"accountId":"273-support-500-last-9-sep","level":"info","message":"Init iteration [2]","timestamp":"2024-10-25 03:52:43.504 PM"}
{"count":1,"level":"warn","message":{"273-support-500-last-9-sep":2},"timestamp":"2024-10-25 03:53:09.877 PM"}
{"level":"warn","message":"💥 ITERATION INIT 💥","timestamp":"2024-10-25 04:00:41.955 PM"}
{"accountId":"273-support-500-last-9-sep","level":"info","message":"Connecting to zws2.web.telegram.org...","timestamp":"2024-10-25 04:00:42.042 PM"}
{"accountId":"273-support-500-last-9-sep","level":"info","message":"Connection success!","timestamp":"2024-10-25 04:00:43.212 PM"}
{"accountId":"273-support-500-last-9-sep","level":"info","message":"Starting send loop","timestamp":"2024-10-25 04:00:43.215 PM"}
{"accountId":"273-support-500-last-9-sep","level":"info","message":"Starting receive loop","timestamp":"2024-10-25 04:00:43.216 PM"}
{"accountId":"273-support-500-last-9-sep","level":"info","message":"Connection to zws2.web.telegram.org:443/TCPObfuscated complete!","timestamp":"2024-10-25 04:00:43.217 PM"}
{"accountId":"273-support-500-last-9-sep","level":"info","message":"Connected!","timestamp":"2024-10-25 04:00:43.217 PM"}
{"accountId":"273-support-500-last-9-sep","level":"info","message":"Send Loop: [InvokeWithLayer]","payload":{"CONSTRUCTOR_ID":3667594509,"SUBCLASS_OF_ID":3081909835,"className":"InvokeWithLayer","classType":"request","layer":177,"query":{"CONSTRUCTOR_ID":3251461801,"SUBCLASS_OF_ID":3081909835,"apiId":2496,"appVersion":"3.6.0 A","className":"InitConnection","classType":"request","deviceModel":"Mozilla/5.0 (Windows NT 10.0; Win64; x64) AppleWebKit/537.36 (KHTML, like Gecko) Chrome/127.0.0.0 Safari/537.36","langCode":"en","langPack":"weba","query":{"CONSTRUCTOR_ID":3304659051,"SUBCLASS_OF_ID":3542493770,"className":"help.GetConfig","classType":"request"},"systemLangCode":"en","systemVersion":"Win64"}},"timestamp":"2024-10-25 04:00:43.221 PM"}
{"accountId":"273-support-500-last-9-sep","level":"error","message":"Resend Loop: [InvokeWithLayer]","stack":"Error: Resend Loop: [InvokeWithLayer]\n    at _MTProtoSender._handleBadServerSalt (/Users/pavel/Projects/telegram-tt/out.js:65301:20)\n    at _MTProtoSender._processMessage (/Users/pavel/Projects/telegram-tt/out.js:65145:15)\n    at async _MTProtoSender._recvLoop (/Users/pavel/Projects/telegram-tt/out.js:65087:13)","timestamp":"2024-10-25 04:00:43.504 PM"}
{"accountId":"273-support-500-last-9-sep","level":"info","message":"Send Loop: [InvokeWithLayer]","payload":{"CONSTRUCTOR_ID":3667594509,"SUBCLASS_OF_ID":3081909835,"className":"InvokeWithLayer","classType":"request","layer":177,"query":{"CONSTRUCTOR_ID":3251461801,"SUBCLASS_OF_ID":3081909835,"apiId":2496,"appVersion":"3.6.0 A","className":"InitConnection","classType":"request","deviceModel":"Mozilla/5.0 (Windows NT 10.0; Win64; x64) AppleWebKit/537.36 (KHTML, like Gecko) Chrome/127.0.0.0 Safari/537.36","langCode":"en","langPack":"weba","query":{"CONSTRUCTOR_ID":3304659051,"SUBCLASS_OF_ID":3542493770,"className":"help.GetConfig","classType":"request"},"systemLangCode":"en","systemVersion":"Win64"}},"timestamp":"2024-10-25 04:00:43.505 PM"}
{"accountId":"273-support-500-last-9-sep","level":"info","message":"Send Loop: [account.GetAuthorizations]","payload":{"CONSTRUCTOR_ID":3810574680,"SUBCLASS_OF_ID":200663295,"className":"account.GetAuthorizations","classType":"request"},"timestamp":"2024-10-25 04:01:13.992 PM"}
{"accountId":"273-support-500-last-9-sep","level":"info","message":"Init iteration [1]","timestamp":"2024-10-25 04:01:14.299 PM"}
{"accountId":"273-support-500-last-9-sep","level":"info","message":"**AUTO RESPONSE**","timestamp":"2024-10-25 04:01:14.303 PM"}
{"accountId":"273-support-500-last-9-sep","level":"info","message":"Send Loop: [messages.GetDialogs]","payload":{"CONSTRUCTOR_ID":2700397391,"SUBCLASS_OF_ID":236671726,"className":"messages.GetDialogs","classType":"request","folderId":1,"limit":100,"offsetPeer":{"CONSTRUCTOR_ID":2134579434,"SUBCLASS_OF_ID":3374092470,"className":"InputPeerEmpty","classType":"constructor"}},"timestamp":"2024-10-25 04:01:14.306 PM"}
{"level":"warn","message":"💥 ITERATION INIT 💥","timestamp":"2024-10-26 11:57:12.584 AM"}
{"accountId":"273-support-500-last-9-sep","level":"info","message":"Connecting to zws2.web.telegram.org...","timestamp":"2024-10-26 11:57:12.682 AM"}
{"accountId":"273-support-500-last-9-sep","level":"info","message":"Connection success!","timestamp":"2024-10-26 11:57:14.021 AM"}
{"accountId":"273-support-500-last-9-sep","level":"info","message":"Starting send loop","timestamp":"2024-10-26 11:57:14.023 AM"}
{"accountId":"273-support-500-last-9-sep","level":"info","message":"Starting receive loop","timestamp":"2024-10-26 11:57:14.025 AM"}
{"accountId":"273-support-500-last-9-sep","level":"info","message":"Connection to zws2.web.telegram.org:443/TCPObfuscated complete!","timestamp":"2024-10-26 11:57:14.027 AM"}
{"accountId":"273-support-500-last-9-sep","level":"info","message":"Connected!","timestamp":"2024-10-26 11:57:14.028 AM"}
{"accountId":"273-support-500-last-9-sep","level":"info","message":"Send Loop: [InvokeWithLayer]","payload":{"CONSTRUCTOR_ID":3667594509,"SUBCLASS_OF_ID":3081909835,"className":"InvokeWithLayer","classType":"request","layer":177,"query":{"CONSTRUCTOR_ID":3251461801,"SUBCLASS_OF_ID":3081909835,"apiId":2496,"appVersion":"6.3.9 A","className":"InitConnection","classType":"request","deviceModel":"Mozilla/5.0 (Windows NT 10.0; Win64; x64) AppleWebKit/537.36 (KHTML, like Gecko) Chrome/127.0.0.0 Safari/537.36","langCode":"en","langPack":"weba","query":{"CONSTRUCTOR_ID":3304659051,"SUBCLASS_OF_ID":3542493770,"className":"help.GetConfig","classType":"request"},"systemLangCode":"en","systemVersion":"Win64"}},"timestamp":"2024-10-26 11:57:14.032 AM"}
{"accountId":"273-support-500-last-9-sep","level":"error","message":"Resend Loop: [InvokeWithLayer]","stack":"Error: Resend Loop: [InvokeWithLayer]\n    at _MTProtoSender._handleBadServerSalt (/Users/pavel/Projects/telegram-tt/out.js:65301:20)\n    at _MTProtoSender._processMessage (/Users/pavel/Projects/telegram-tt/out.js:65145:15)\n    at async _MTProtoSender._recvLoop (/Users/pavel/Projects/telegram-tt/out.js:65087:13)","timestamp":"2024-10-26 11:57:14.339 AM"}
{"accountId":"273-support-500-last-9-sep","level":"info","message":"Send Loop: [InvokeWithLayer]","payload":{"CONSTRUCTOR_ID":3667594509,"SUBCLASS_OF_ID":3081909835,"className":"InvokeWithLayer","classType":"request","layer":177,"query":{"CONSTRUCTOR_ID":3251461801,"SUBCLASS_OF_ID":3081909835,"apiId":2496,"appVersion":"6.3.9 A","className":"InitConnection","classType":"request","deviceModel":"Mozilla/5.0 (Windows NT 10.0; Win64; x64) AppleWebKit/537.36 (KHTML, like Gecko) Chrome/127.0.0.0 Safari/537.36","langCode":"en","langPack":"weba","query":{"CONSTRUCTOR_ID":3304659051,"SUBCLASS_OF_ID":3542493770,"className":"help.GetConfig","classType":"request"},"systemLangCode":"en","systemVersion":"Win64"}},"timestamp":"2024-10-26 11:57:14.340 AM"}
