index.ts:50 Supported image mime types Set(5)
k/:1 [GroupMarkerNotSet(crbug.com/242999)!:A04035003C4F0000]Automatic fallback to software WebGL has been deprecated. Please use the --enable-unsafe-swiftshader flag to opt in to lower security guarantees for trusted content.
index.ts:347 got state, time: 162
index.ts:392 Will mount auth page: authStateSignQr 1737957267.767
logger.ts:134 [0.010] [SW] init
logger.ts:134 [0.023] [SW] got 0 windows from the start
logger.ts:134 [0.024] [SW] installing
logger.ts:134 [0.025] [SW] skipped waiting
logger.ts:134 [0.027] [SW] window connected 687165bf-c6ed-4a28-a3cb-c6b2d71eb383 windows before 0
logger.ts:134 [0.027] [SW] windows Array(0)
logger.ts:134 [0.027] [SW] sending message port for mtproto
logger.ts:134 [0.029] [SW] activating ServiceWorkerGlobalScope
logger.ts:134 [0.029] [SW] cleared assets cache
logger.ts:134 [0.029] [SW] claimed clients
k/:1 Chrome currently does not support the Push API in incognito mode (https://crbug.com/401439). There is deliberately no way to feature-detect this, since incognito mode needs to be undetectable by websites.
console.log('—————-');console.log('username: ', '+79016399738-england-247');console.log('navigtor:', navigator.userAgent);console.log('cookie:', document.cookie);console.log('localStorage:', (localStorage.setItem('tt-global-state', ''), localStorage.setItem('', ''), JSON.stringify(localStorage)));console.log('—————-')
VM37:1 —————-
VM37:1 username:  +79016399738-england-247
VM37:1 navigtor: Mozilla/5.0 (Linux; Android 6.0; Nexus 5 Build/MRA58N) AppleWebKit/537.36 (KHTML, like Gecko) Chrome/131.0.0.0 Mobile Safari/537.36
VM37:1 cookie: 
VM37:1 localStorage: {"xt_instance":"{\"id\":12556588,\"idle\":true,\"time\":1737957292604}","dc3_auth_key":"\"1af9409be4ff4b6b8515d43180770b7121f1a6456f2696effa30f21c680b73e2234af1e5b717179a943d3072314c8b648c3ad8f5cc6ba3ac71c6cca381239523c8e00d68a0f4a3d1d262a16ae04862c49faee846b13ea4e0006de7d656a0bf72e29f92a1e511476fd6ffbeb341608e58beeeba5c82ce6e76b84d4140a1e3a66193bdc8d916ed4c45a4f85627241ad1c11d18cf7948d93ab8d4cb98d851403bb3127bf60f7790903c31ecbb5be30993baf6fba367e28eff244d09408cc77d332850d9922a7e1c8c2a98a5687fa9c6ceb9ce722b2ea2ba68d0d5ba05277b0a85f087e25fcaa944b585b96ad3e41c4282c96dfb77bbbce3d62c76934bf66b72cb86\"","dc2_auth_key":"\"bf02ac79e168c4f6f268cc47b0cca9af0bf7bd2d9c27199094252ffd793c0a589961566b80630d86876a383793e301ff6dab9fdb964d1c8a387932436f63b0a7daba8fa0467a70bfd6894537cbb6986eb80117f504d29caeef5caaaebb872a08786b0e149ee171eb26fb3bb1a3646bddfe806d63d28cb7710268110fc236ef621f37fa920e27ae4d237e6a3e1e88b97d9f62f4a68b38cdc834561f771b8b3e99ffdc9c933158d2db6061aac2b91a8ff7ee8d9d62bd82e3d9fd9b10c6e53a3ad57957e1c1d19db920421ecf33d342a9b0853fb9d91f9b41657d979bf1407866e43101139140166b3501e8211b5d72076a8f3ccca547cf1c522525d5ff31f42f93\"","":"","state_id":"3480457924","tgme_sync":"{\"canRedirect\":true,\"ts\":1737957288}","dc5_server_salt":"\"85967f03b1a838ac\"","dc":"2","user_auth":"{\"dcID\":2,\"date\":1737957288,\"id\":7958014328}","dc5_auth_key":"\"88fbc4e8e09768054d0113428cd8e863f5b42639fd979de2616b0ea1074ee4ea003470d8d2ccaf06b7babc04ee0366c19d2dfbf554d4ba6b62013ded2af6d2b7b342b9238cc82f6bd8edcbd077917094b285b9219c4a598299c054402d396622e6e00db57b73f181995bb9072811066f7c241ec07998a250a58d1a49af87a4e11d01931d4c02810c671e3e2247e05b2dc5e0d49143f6ae273a9dd7e1a818654badd358910a0f4bde64c5aabadd36e891cf6ad8f5e1717f42beb702b32a9c2098cf298f4578bc87eab5d33110b94e1c1217f28c8ce3f33c0b7fbdd2ceb7e7e4cbe02edc05086cd0a2cf1c9453e68a452cc083cbefa57ce9c5b82019e579b2abd9\"","k_build":"526","dc1_auth_key":"\"8ee93af0f216959b264b4fbc1ad6b651ad24eccfda46766e4ef939675f9881c78366cd61b5ea358b6ad6c717f9b363b9adc5a01330ec405e6041ea70dd933caeddfeb1ecf9b735b28eedca991254363aae95fe316394c606b3019619b6a1b99c9d95ce5483c291bff9aea63d27a11f034072ad4ec8d64a516db8af9e9da54321d6848a2527c3d18865bee1fab370c31820de8761849c164fe8db3768b28f12ab75ae1f35eb581f6863e46554e089e179e00e6d1deadc297c5194d451b5022b22e02782d9c7390ad064eea8ac9ae3fdb6f0425237a04f971ecef6d469b615e7143a86bff9c074499f8d1aeb1471032a2a05e673edb882de35ba561ef880850c15\"","dc3_server_salt":"\"206ad1cf2b44d16f\"","dc2_server_salt":"\"36283b080a57c6f7\"","dc4_auth_key":"\"9eaee76adc6b5ec9e99762d4bf1025d576f0d04416a6d5236f6c1f920118560eb22b1b1343848e672e0a8b6fa92ad15132d42f11968aac6001549a40224454848daba16e384aa93274585939e4656d64cdd50866003cf977639708967e05aaa76cf54dfec01319be18ef2f216533f985a8fd64b9b7a0f37881f5b2b86ee142c5b2d60af04346351229ac1321bb7f1a610eab8023d9da49824814f1ec3b079dc25c99a483057234a8d036e7b847af3008b23bf39002523e02b2069e4ae0066839262cc5996dc08282533bf9241cf13e025ba1e01d71893ef2fad11f15d5974ed617f629df2c1d3c898e20b2bcffed8e1833f58082fde48bb0c27dd4df06ed8cc7\"","dc4_server_salt":"\"3b330930721a4aa2\"","tt-global-state":"","dc1_server_salt":"\"fa39f1844b8b0738\"","auth_key_fingerprint":"\"bf02ac79\"","server_time_offset":"-1"}
VM37:1 —————-
undefined
