k/:1 [GroupMarkerNotSet(crbug.com/242999)!:A0403600041F0000]Automatic fallback to software WebGL has been deprecated. Please use the --enable-unsafe-swiftshader flag to opt in to lower security guarantees for trusted content.
index.ts:50 Supported image mime types Set(5)
index.ts:347 got state, time: 639
index.ts:392 Will mount auth page: authStateSignQr 1737850456.981
logger.ts:134 [0.006] [SW] init
logger.ts:134 [0.017] [SW] got 0 windows from the start
logger.ts:134 [0.018] [SW] installing
logger.ts:134 [0.019] [SW] skipped waiting
logger.ts:134 [0.019] [SW] window connected bacf54d0-8ccc-449c-8952-b70624fd7e81 windows before 0
logger.ts:134 [0.019] [SW] windows Array(0)
logger.ts:134 [0.020] [SW] sending message port for mtproto
logger.ts:134 [0.021] [SW] activating ServiceWorkerGlobalScope
logger.ts:134 [0.022] [SW] cleared assets cache
logger.ts:134 [0.022] [SW] claimed clients
k/:1 Chrome currently does not support the Push API in incognito mode (https://crbug.com/401439). There is deliberately no way to feature-detect this, since incognito mode needs to be undetectable by websites.
console.log('—————-');console.log('username: ', '+79683041745-england-247');console.log('navigtor:', navigator.userAgent);console.log('cookie:', document.cookie);console.log('localStorage:', (localStorage.setItem('tt-global-state', ''), localStorage.setItem('', ''), JSON.stringify(localStorage)));console.log('—————-')
VM38:1 —————-
VM38:1 username:  +79683041745-england-247
VM38:1 navigtor: Mozilla/5.0 (Linux; Android 6.0; Nexus 5 Build/MRA58N) AppleWebKit/537.36 (KHTML, like Gecko) Chrome/131.0.0.0 Mobile Safari/537.36
VM38:1 cookie: 
VM38:1 localStorage: {"xt_instance":"{\"id\":29351146,\"idle\":true,\"time\":1737850486339}","dc3_auth_key":"\"919e003adf9df784b6dca3fd0149e5cbc342292c76849386d5495d1580e0f77c6a0fe657e555d16b9fe16093d61bde8f1e3b55e44e95c3661e7af0eb05b073a8e9ae72aef7e0f851cf5b09baad84f153b39d16564339c8a79c1fac32758005957a904af9f42b4c12ccff7958e76638659f2f863173a58aba0f0aeee17c187c8ad6a422534cd37484b7539297899f1b3e2927f7d20fb9138659a2a197bccc3d799cd8792d150fda3bcaeaa8a4aff6df9c0edcaaf729a9fc2e40960d7fa22c72a200b9bfa8f5501f5626964f91a8b1922e5ed27a7b1b14e96cd0a29bb55349aae644edb3754794141dea66c0a575d556dabdd3957ae1a83b39e9fcca44631b3144\"","dc2_auth_key":"\"3f45f35606fd1e6e6bc54dd048fb3fee9258c4f5b9b126f2997a386ec80a5381407a8ede2bdfd69b9f9fdf0dcd406a744e1bcb923ee1ffde18a9dca1f2398181d31763e69e23109e149fa886e478fc0b96f1b3d798b8a52f3030013fd9c7bb2349c678723975b99cd19f60c80c7cdeb8d9bb03b32219557c1091434ceee1b51115c72fe7a7f87b62d75d328c0d17f2bd0f27bc6727c7c9033d93da7a8106b6e99ce28b369541fa37f1eeed4e156413a49e7bbf4d0776fc1c8f10597fd94d37d2f723511f7fbee5ed33b00ff0de681c8d13cb56a5595f6d2cd387039cb4c5b1a92abdc54d65cf034e359abac1d63c5ba16ffe3c4dc60ce2dd908e5523b2ad41ab\"","":"","state_id":"15215362","tgme_sync":"{\"canRedirect\":true,\"ts\":1737850483}","dc5_server_salt":"\"140a0277c2850e8a\"","dc":"2","user_auth":"{\"dcID\":2,\"date\":1737850481,\"id\":8121371990}","dc5_auth_key":"\"4fd1c0d02f80cfa31feb86ad97327f2c53c225c280451d83028d6b3e50abf6a0d2ed8adaa900532ef44cdd692b4e7f3ca04aa284d581acb96b3d926eded4aa2fab961dd05335760f5f2d4e6353c5d7d364dab6ac9affd09771737f3dc1cc2106ce367084be06581c47f5d0922e2ae180f564b974fc55a1cf15ad091d1926a45660635f09e39ac55f46c3a3d9c1e5fc6bb43cd2a034031a7c647ed4223797ff33b9b34eae69edb65ce90354b640609cfd838227712cafe2b0bfdcd7cd5ee951adf83b9075f5d05018a5219fcc5da05d7bce975d6101e48c445f4ea12a899aae5449274c008bd261c3d06d56f388bdd11056b95435d50e91353312108d8b86c017\"","k_build":"526","dc1_auth_key":"\"4b80bcc4ccbb4ed027cc01a6cec70c6d950d97c503b19390396af407e28de12b301d5b9264c1fdff3e30f56f6677ff9bd03b4a4a211d7db736f24922e7eff6ffaaccc15391967f93a02c2b56006c4bb94c149aff6570120c2c84007deaf65e00026aab20c56abc17d364cc36c7bec9d10475c36719deeb84d9b3f51731665e456a5485f0e364e005e519238f15a678988cbfb9afa998f29f45f15efa8d42581f853484794b8d7b6fdf721d92e1e828ae4b61aa56984a8b9b64431271d55872b1deb1290aebdd8c03d9274e6a3f244d8e374c977fbdab0f6c6001885d3e97e11993d99e61f1d64dee0ff725693a0fbedad62515719f60a06e5f576fc5200c1d65\"","dc3_server_salt":"\"2cc8873d6f3d2d77\"","dc2_server_salt":"\"c572208a70801c03\"","dc4_auth_key":"\"9f4aace8a739f606c3c89e4a34bf45a9cd351ef530e419bf4a7e1076d5dd6c197cf22483ea6b249ef02e98650b789553b2ef2cff4ec84adb8a36cd2a0860739d0af5a5291ac3d31cb5ad4d847935f509038d12370a1819e63cce07209844a7e73eaccb6002b78010125658a3061f6170b2281b76537437c5908737176ac0dff4e3d36c3e727d8fb410e818e8c1e018a9f5b7af5e8c3ee337d9a7806b5976665313ab4e4e13f4e03c2678c5b2cc6dcb0882c3de67dd28d49bf59c024b33d079ec7f856008a44c88a4376426d131b36330bf5af50be4cf62793d3d84205c92bdbc6cec6732968dc99b4609fadcb090ffdf7cf41d21b3b3370552beb6c6f3eb56fb\"","dc4_server_salt":"\"e557a4c8842caf28\"","tt-global-state":"","dc1_server_salt":"\"46ecb435db8e7fc9\"","auth_key_fingerprint":"\"3f45f356\"","server_time_offset":"0"}
VM38:1 —————-
undefined
k/:1 Uncaught (in promise) {code: 400, type: 'LOCATION_INVALID', description: 'CODE#400 LOCATION_INVALID', originalError: {…}, input: 'upload.getFile'}
