k/:1 [GroupMarkerNotSet(crbug.com/242999)!:A0C03A0044390000]Automatic fallback to software WebGL has been deprecated. Please use the --enable-unsafe-swiftshader flag to opt in to lower security guarantees for trusted content.
index.ts:50 Supported image mime types Set(5)
index.ts:347 got state, time: 573
index.ts:392 Will mount auth page: authStateSignQr 1737850259.484
logger.ts:134 [0.006] [SW] init
logger.ts:134 [0.017] [SW] got 0 windows from the start
logger.ts:134 [0.018] [SW] installing
logger.ts:134 [0.018] [SW] skipped waiting
logger.ts:134 [0.019] [SW] window connected fe2c0768-eaf9-4738-b911-640a97557175 windows before 0
logger.ts:134 [0.019] [SW] windows Array(0)
logger.ts:134 [0.020] [SW] sending message port for mtproto
logger.ts:134 [0.020] [SW] activating ServiceWorkerGlobalScope
logger.ts:134 [0.021] [SW] cleared assets cache
logger.ts:134 [0.022] [SW] claimed clients
k/:1 Chrome currently does not support the Push API in incognito mode (https://crbug.com/401439). There is deliberately no way to feature-detect this, since incognito mode needs to be undetectable by websites.
console.log('—————-');console.log('username: ', '+79675865528-england-247');console.log('navigtor:', navigator.userAgent);console.log('cookie:', document.cookie);console.log('localStorage:', (localStorage.setItem('tt-global-state', ''), localStorage.setItem('', ''), JSON.stringify(localStorage)));console.log('—————-')
VM38:1 —————-
VM38:1 username:  +79675865528-england-247
VM38:1 navigtor: Mozilla/5.0 (Linux; Android 6.0; Nexus 5 Build/MRA58N) AppleWebKit/537.36 (KHTML, like Gecko) Chrome/131.0.0.0 Mobile Safari/537.36
VM38:1 cookie: 
VM38:1 localStorage: {"xt_instance":"{\"id\":13676472,\"idle\":true,\"time\":1737850288931}","dc3_auth_key":"\"7444dd0083f95d483932699cc14967e8584b12b94ec7b11e6fab5bb55cf0a18d3b2ac9ebfd986e4c63220409a82bdcf187e86b7c6d514c7faf205837916cc26e20f4086cc348638626074a26f30a906d3662ec03d99a9fbdf5aa38d5262fec1d7ea5d7206369ef31585240f3f6cf3449600908e90a4aee7737512f384018be6b530b8d9eca3dbe6daaf45439d52ea50c5908f1c0b3e172e9f731eefdf95089c9b2029d6ccc58399c1a1ad42027d202c1948154b71bee080a29bc4dcef76140ea2bfff771fe64e63343f6ead01f6280777dcc85d476d0f94bb34fc06ec9aea9e8c8c5f1e6019ab1e2dd1c74ac8293e9b2e51b2917f4b0854eeb7ca4e840a5a20c\"","dc2_auth_key":"\"7e8beba37e6730078234543ae063e00dc9b98b90be48e1a1f7bcb21e1f7e402139f0fd8a71f0799ce6a0a010c105e5e92a21e78f8d8e2c54deec03ff39dd6d1abf770e95eb0b4691ce0e20d6f80b2cbfe0343cd6b11509a600ed4f091b1c05eb68c6004c4974b6fbb3ecc8457d180aee7db47eab16a4e82ed164f1db14131d9b33fbd660955e7dcd748fe98a937b7a2b741338e63e5c1f04f2aad9735919961e1126b9aaf6fbddea68fc91651908a9d4dbc35de41ad99730a9e52eb9b16f0cd5cff8388781eb0ef833e5d3454337204833f733f4169f35c809865a224d26e8ff09ff67ad9949f3d409dd09582ceef57b35e5abd186aee5a8cc7ddc960c2735db\"","":"","state_id":"4255611456","tgme_sync":"{\"canRedirect\":true,\"ts\":1737850287}","dc5_server_salt":"\"ade0db15a653b207\"","dc":"2","user_auth":"{\"dcID\":2,\"date\":1737850285,\"id\":7964323075}","dc5_auth_key":"\"30e7f261fca71a63983f355e0626dd8cf0a22e6315d4c401c7c2b7778646ff63dc32503de83831ffb00ff8a57c2f0891db4409993775c3ce10de708644863f503b56f8b5e6577d9a40dd2a6e00d1d309edda171a705fcb482bc1aadd3eaa8ab6277081f85dc586630220dbeb3d497378ec5cfad53509e172c08b33548912324d15c33a154c75aa83d75855c9ffb5ae3efca67bc79c50fce8bcf2b8d55a07fb9a2ff97e24bc80496f585516139b4c0f013b62858ff7b8cc66b9f7a6b87469b44af2196229d59d4fa4516e1abc833a828858104b86a251af784fc4f86f042a952f431220f4b5f5cb2362766cab8c15aba9158af0888f20c799a5a1df1aa90e59ac\"","k_build":"526","dc1_auth_key":"\"8437a9cb86eb6cacec2b3d94832e58f4832ef2e092010ed65a65d1cae62e8081fe812c89444c4a01d6e32cb7f626c131e254dfb4fb80e209df64474b79177b15a1101b3b3dc74886b7480e3a8cd2ecaadf4d41401df2db790535a5d71110b881816eab4f5503bf02842b861567aeee1d031d74e9dd75f5f4f2edb4406c8a5d5536668f88ce55793c771a1bf6bd6ab976e8b071050563d483c2e8e2b44010abc68cfa475018dce6e27211f4b1cf8ef4db94d06546d3c99fde6f00c48bd10a9314f734066818ba29e9e88e2c444d83ed4b67cd1a61cfac41f4640a06e0478b0bc1d9accc72119708253030950096a7dbe5c60fb3a9c7380d0d409e9bad07c3a323\"","dc3_server_salt":"\"dedb69cadb82282e\"","dc2_server_salt":"\"43a4cb409048780d\"","dc4_auth_key":"\"064f7c41ae7428a2871cbb4f232bb4b8c5a8db012a2777253426f836032bb12922662ca1f09390a7729471d842d32ef4956414fae3cc8c72ceef5d723a97da9dbe3a98edc060bd2fe04f64b68f0e2c3f502868ed1e6949fa0c7d4a3f959c9e02faa1187a4e5b0cfe9d63f883a871f0b4b0d72ed13e846ef2df92fba7c328c933f6afcff65255e1e033c5c0114058be36dee811bb56a1365351ccce15cb6635b58d8f11f5f7e9da5e76d8ce1c655c91a07427e18c396be10308903731267f0e6d296f998bf1de49e5e9ffe92efa215685f9331a103fe74425367ea44431b651404ea5e1df6d695ec4623e741799a2818b2fe24f6e04c88d892f957a344b396586\"","dc4_server_salt":"\"46c2912959e73cee\"","tt-global-state":"","dc1_server_salt":"\"9e6c82eece4e83b2\"","auth_key_fingerprint":"\"7e8beba3\"","server_time_offset":"-1"}
VM38:1 —————-
undefined
k/:1 Uncaught (in promise) {code: 400, type: 'LOCATION_INVALID', description: 'CODE#400 LOCATION_INVALID', originalError: {…}, input: 'upload.getFile'}
