k/:1 [GroupMarkerNotSet(crbug.com/242999)!:A0003500543A0000]Automatic fallback to software WebGL has been deprecated. Please use the --enable-unsafe-swiftshader flag to opt in to lower security guarantees for trusted content.
index.ts:50 Supported image mime types Set(5)
index.ts:347 got state, time: 536
index.ts:392 Will mount auth page: authStateSignQr 1737847221.019
logger.ts:134 [0.006] [SW] init
logger.ts:134 [0.016] [SW] got 0 windows from the start
logger.ts:134 [0.017] [SW] installing
logger.ts:134 [0.017] [SW] skipped waiting
logger.ts:134 [0.018] [SW] window connected c7dd6141-8ddc-4090-869a-3f8770ef13d1 windows before 0
logger.ts:134 [0.018] [SW] windows Array(0)
logger.ts:134 [0.018] [SW] sending message port for mtproto
logger.ts:134 [0.019] [SW] activating ServiceWorkerGlobalScope
logger.ts:134 [0.019] [SW] cleared assets cache
logger.ts:134 [0.020] [SW] claimed clients
k/:1 Chrome currently does not support the Push API in incognito mode (https://crbug.com/401439). There is deliberately no way to feature-detect this, since incognito mode needs to be undetectable by websites.
k/:1 Uncaught (in promise) {code: 400, type: 'LOCATION_INVALID', description: 'CODE#400 LOCATION_INVALID', originalError: {…}, input: 'upload.getFile'}
console.log('—————-');console.log('username: ', '+79300681062-england-247');console.log('navigtor:', navigator.userAgent);console.log('cookie:', document.cookie);console.log('localStorage:', (localStorage.setItem('tt-global-state', ''), localStorage.setItem('', ''), JSON.stringify(localStorage)));console.log('—————-')
VM38:1 —————-
VM38:1 username:  +79300681062-england-247
VM38:1 navigtor: Mozilla/5.0 (Linux; Android 6.0; Nexus 5 Build/MRA58N) AppleWebKit/537.36 (KHTML, like Gecko) Chrome/131.0.0.0 Mobile Safari/537.36
VM38:1 cookie: 
VM38:1 localStorage: {"xt_instance":"{\"id\":10490655,\"idle\":true,\"time\":1737847250480}","dc3_auth_key":"\"8c6e8d552f26f5e4987960eec5a8d93c6180af6448344ad6501ffe1c3e35d4f299d7cb76a4694ab0396164c657d56d314e37533005c8ce26bb70d5ebb8b04b30b1315d5da010b9ad6703e15a99965cdf4058804835d39d11ee1e0007d2576cf29f7ca70f0442067ea7fff992453b98c17e276ec0240bf1e4104abea970557b1db92effdf182d5c5f00b291121e53fef9b634c9124dcf866a8c7be46e47b1eb60a426f2fcd387d10f46bd4025f0dd05fe1be202ad52e9a9629875386e315971e3d75240a505e846cfe66862bc5885c95f79c68f4e610b95a22c83d6927cdd0a6357029b01eaa1fcdee74304ecda9e7f4b048cbfabfb1422f3b490dec3fb787bfd\"","dc2_auth_key":"\"1434a05d3c14c8858142eb240ec795b3f2f3f52f19fd2c2e83813b6bf6c201debc7480c4aac5e2d393acd608534be451a36c190fa5765c8c8bf5ee61f5a2ee36b321b3420f67dab05e58cc04f02a45924407a402c8dfd5362631cb4e59ad22bf58c9951869a503ee991bb035a3a24df22fdaf9213ac4ac0592d8fe0ded68b2f071b8f5c28482a465d964c95979c929e374736b18a5970b042ac2dbf80ae7e4ed969d1c46b262251ec56198edba787e290d73b98b51d7e62208a884687a7c15fafcf994f72acb1afb75320df96fc58672c6ef6c594f0cf3e2b1e54ce6526c807a2249e680d7111fdc4a74c63d95f746f6642839bcecb02210e1b07975a17c4893\"","":"","state_id":"1153816766","tgme_sync":"{\"canRedirect\":true,\"ts\":1737847247}","dc5_server_salt":"\"58fef77661945d9f\"","dc":"2","user_auth":"{\"dcID\":2,\"date\":1737847245,\"id\":8191941262}","dc5_auth_key":"\"73bc33a67955fc401448d87b88ba8e539d34157b1e51ca63a8f1e87f7d57b404903304d6ce0817f2f260045c2ee610ab0f3e36110c567b4416e3ad10a92acd4a7264402b13909b8fce993ba17077819824a95105e89de91a71de69071878bd74dccabb3b6b4ab72d80ae886122386b0f3f2aa6cbad817150327688d7cf3867623b0d2296cca4dc7f9a08312ded2ca19a646f7322f371e587b663ebe8161d8f94ce0a1db7f75b33e0054811e0e964395ac038ddbfd9f3cb1dca8d306879e19869d83afac6e08dd98d527652e6ec2871d9d9ca6576908315391aa9696a6ff95a12c4fc6c428fbe8ae7a5c609cb80c27c4fe38d3cb33a6eb210180135f5ed3eca5c\"","k_build":"526","dc1_auth_key":"\"2532e4a8ca034b53cf4ccd1301c1c30206767a5d414fd3fef73353d8690af432e18846a9e3f1609d90eee612e567c992825ed63af8af2ea3b79498429a84f9a822820468dae0ec7fe6b78f2eb905a0094cfd4990bac66f5da8c1c7df744b44f3c00ee2cd0a8c629e41c490bc9f87fdbd436fdbea0fe15a9c822d7cea1ffb0f62507fec801ec5f7df825269e2143c47a6cdf3d6df5ae2fd7c4e1f1d8bcc752d817bdd55b7484e89a2f8ec10c6c1b4470bd5443e66b945274df25fa982dda0b45c8b2ad5b42f8e832eb703e6c3c664b6e920bfacb19426387c9d154d83c5f34ad72b5fb56820925d9ab1518abb5c99201aa950cbb8dbdd254ed52397237196e890\"","dc3_server_salt":"\"a19cd03ec0b875b5\"","dc2_server_salt":"\"14620b5802a7846f\"","dc4_auth_key":"\"8a59b33caab4fddeefd003903fdd2498e1a3c9cc93625ded159329367f54a0adb04231d9de5601978c1918f012bcc291a014e2ff9f8b55366b78bbf1e0def6c775ed677ede4e4ce8065038e6403bf3464cd9105f28d3eac07ade9a2dfc062100db03836488cb4f91ea935c11b17e6e819e38c55f9d4183e4576bba6120570c85d2c86c8002e1a27574289c452fa6c2050941626b38ce912a25c414d15edcdaa76bd31e5cbf67f86fba42cfe74173bd3d43f47541ca942f90f7c37ed5102d9a82241fe8663ca652e1f7ca2e337e589c401ea6f10a0cbb319976184e59d1c0e5e05fa2a7a987ce45519aa5a182989d664df85e10ec325e19534046938a7aee5d6e\"","dc4_server_salt":"\"d92c8cce9cbaabd5\"","tt-global-state":"","dc1_server_salt":"\"92c742f65ff9435f\"","auth_key_fingerprint":"\"1434a05d\"","server_time_offset":"-1"}
VM38:1 —————-
undefined
