k/:1 [GroupMarkerNotSet(crbug.com/242999)!:A0403600B4150000]Automatic fallback to software WebGL has been deprecated. Please use the --enable-unsafe-swiftshader flag to opt in to lower security guarantees for trusted content.
index.ts:50 Supported image mime types Set(5)
index.ts:347 got state, time: 579
index.ts:392 Will mount auth page: authStateSignQr 1737851045.798
logger.ts:134 [0.006] [SW] init
logger.ts:134 [0.017] [SW] got 0 windows from the start
logger.ts:134 [0.018] [SW] installing
logger.ts:134 [0.018] [SW] skipped waiting
logger.ts:134 [0.019] [SW] window connected e28088dc-1e53-46e0-b610-3f1e94d6a857 windows before 0
logger.ts:134 [0.019] [SW] windows Array(0)
logger.ts:134 [0.019] [SW] sending message port for mtproto
logger.ts:134 [0.020] [SW] activating ServiceWorkerGlobalScope
logger.ts:134 [0.021] [SW] cleared assets cache
logger.ts:134 [0.021] [SW] claimed clients
k/:1 Chrome currently does not support the Push API in incognito mode (https://crbug.com/401439). There is deliberately no way to feature-detect this, since incognito mode needs to be undetectable by websites.
console.log('—————-');console.log('username: ', '+79808232360-england-247');console.log('navigtor:', navigator.userAgent);console.log('cookie:', document.cookie);console.log('localStorage:', (localStorage.setItem('tt-global-state', ''), localStorage.setItem('', ''), JSON.stringify(localStorage)));console.log('—————-')
VM38:1 —————-
VM38:1 username:  +79808232360-england-247
VM38:1 navigtor: Mozilla/5.0 (Linux; Android 6.0; Nexus 5 Build/MRA58N) AppleWebKit/537.36 (KHTML, like Gecko) Chrome/131.0.0.0 Mobile Safari/537.36
VM38:1 cookie: 
VM38:1 localStorage: {"xt_instance":"{\"id\":3424066,\"idle\":true,\"time\":1737851075218}","dc3_auth_key":"\"55122f378daea893d24f77c83e0aa3ec3cd070eaf780214456b76d1b91d1941375ea9dcf006ffa0c9c8cab860890eae1dd59bf35af0ba2ef0b9a55723a81ec34c88796a17b46778312c7e4a1625c629f795cc511d1ee4c7bf1decd88f18df49ce0946e0cf273202ac6873bcc1068e871239a38b460f9f6e4e60f3006ac5f921f6a481060c57ecd0a735008efc27b3c74cea8ab80974b1918012c4faee2030273545f31e9b121d70efdececea5d90c71b9e3c8c7764c802dce538424f956f858c48c12ec704ad89b217b3003c9be55495b34e28dc44472d404be7823036aba1682f69cae84b5932c15978e4008f1701f961bfe9b1eb86e53306c8018b00eac399\"","dc2_auth_key":"\"63ce78a836837beee9437f230f724905b3a00a03cdb732248399c0b6825b875b4c34bb5684725bad857a3d951f23769f070d8b4ae65af17a2c217f7ad2d572820da9d93c098e38bf376141fa807de816c1727c1ba6ab70ae73745d2c94ef9f182d5429cba5787c28fae88a2f0d4f4585db53a4e859385b634bdb091cb26e7054f00642aac472063b7af97ab4268d20b50d2dd1fe9602978b3bfac9b30bf48438efc20b375e57d8cecafa9d5e09ee92e2026cc3a51c4f71748859707aeaa394d175c7f7e0ce40fe5d59dbc166c73724f16f0cb4f74325e5d76fb51400bb8cc0b061c75cfbc2b53ac2c826c8fdfb84e6d67b3dfd196062520b0cdba2549f0f98f9\"","":"","state_id":"2135002166","tgme_sync":"{\"canRedirect\":true,\"ts\":1737851072}","dc":"2","user_auth":"{\"dcID\":2,\"date\":1737851070,\"id\":7688407247}","k_build":"526","dc1_auth_key":"\"16fd09fcbf6ab15d7b8134b46b521ae0963685cdd742d7d3f80183eedfcd0602487cce476db61b19cbb4f738a4b83a6e07ae8a328abdfec5bbdff16fb5007e8a4b0788e8e17ba3497b5a511340a1087cfc24e670e5318744b403a9a1c6169599518f4a790a1d213fcf79ad1cb40817044849438b547e0bd3cdf7339fcaad9023a503e4438409e0ea705c3f8f106f9078aaf58be072e1a33a4dc8d025faf7af05483bed716755f87d3d4115be8f68dc486d29093968aa372214d9468ee1a653d3df0e836a20def7b950e66389826bceb9a516ed19c7a511d1c7dea6976c68fd2aab518792311d022d6a2fcdd4a24ddb27e8cc37534fc0001e2e5b4e1e49f93acc\"","dc3_server_salt":"\"756673404623d2fb\"","dc2_server_salt":"\"9e5d509b4ef4bb3a\"","dc4_auth_key":"\"0ad0e1250dabdf9b29ba2876e60ade9f2dad173507dfccc45b388f286f66e9f6319eb68a708207eea6cde12022a0dbc3338fedb312d6633445e819affaacfacd828ecf5e5b6b2c9e55de198e2dfc65e157da94a49a0a29e28dfa4951d3f138effe43d411b7c94fd751bfce1995d99cd0e0fe759822126c1c2d2676a67ed01bb08e7d8ff0da64f4279253303e909e5006963071e1688680ed9914f3e5b9fe6114b638a1105992309eef8004b8617b4c1b821c379f0c1ad6ada54f80477d7f9ae79a07f6a117edc55f2b371ef048762d7ab25ec508abb729388e90e1c998831d2224a92ec98e74636a769dfb54aac0b38194c98648a872ace1002761a25cb6780a\"","dc4_server_salt":"\"e2f98118c28f1aad\"","tt-global-state":"","dc1_server_salt":"\"f92804467a05f07d\"","auth_key_fingerprint":"\"63ce78a8\"","server_time_offset":"0"}
VM38:1 —————-
undefined
k/:1 Uncaught (in promise) {code: 400, type: 'LOCATION_INVALID', description: 'CODE#400 LOCATION_INVALID', originalError: {…}, input: 'upload.getFile'}
