k/:1 [GroupMarkerNotSet(crbug.com/242999)!:A0403B000C510000]Automatic fallback to software WebGL has been deprecated. Please use the --enable-unsafe-swiftshader flag to opt in to lower security guarantees for trusted content.
index.ts:50 Supported image mime types Set(5)
index.ts:347 got state, time: 523
index.ts:392 Will mount auth page: authStateSignQr 1737852548.482
logger.ts:134 [0.011] [SW] init
logger.ts:134 [0.023] [SW] got 0 windows from the start
logger.ts:134 [0.025] [SW] installing
logger.ts:134 [0.025] [SW] skipped waiting
logger.ts:134 [0.027] [SW] window connected 15c271cb-b892-4057-984d-aa071d38f7cc windows before 0
logger.ts:134 [0.027] [SW] windows Array(0)
logger.ts:134 [0.027] [SW] sending message port for mtproto
logger.ts:134 [0.028] [SW] activating ServiceWorkerGlobalScope
logger.ts:134 [0.028] [SW] cleared assets cache
logger.ts:134 [0.028] [SW] claimed clients
k/:1 Chrome currently does not support the Push API in incognito mode (https://crbug.com/401439). There is deliberately no way to feature-detect this, since incognito mode needs to be undetectable by websites.
k/:1 Uncaught (in promise) {code: 400, type: 'LOCATION_INVALID', description: 'CODE#400 LOCATION_INVALID', originalError: {…}, input: 'upload.getFile'}
console.log('—————-');console.log('username: ', '+79945149138-england-247');console.log('navigtor:', navigator.userAgent);console.log('cookie:', document.cookie);console.log('localStorage:', (localStorage.setItem('tt-global-state', ''), localStorage.setItem('', ''), JSON.stringify(localStorage)));console.log('—————-')
VM38:1 —————-
VM38:1 username:  +79945149138-england-247
VM38:1 navigtor: Mozilla/5.0 (Linux; Android 6.0; Nexus 5 Build/MRA58N) AppleWebKit/537.36 (KHTML, like Gecko) Chrome/131.0.0.0 Mobile Safari/537.36
VM38:1 cookie: 
VM38:1 localStorage: {"xt_instance":"{\"id\":575015,\"idle\":true,\"time\":1737852578556}","dc3_auth_key":"\"9ce8a9aa3b3827b4cf58773b6b45cb2a16e3e5c44d3583a84526329a91da22110a89fa1cdf27fd2446ac8e330090d5b052abd95cbee22843f6a6d19da955b9f397f30e2e42e64214d05448df4b74e9dfa95a0960914862b3f18ccaa007dc585a41cfbabe4030f7bc4459c1e5f038af9b0b3c93426dcd569c19b9b608f3523775b6ec0ec1840175ed866388fb23c349a4d91543edec1e502e39dee75ceafdaaac83b3943d3e86c53c139af5f8c6f0ddbd29586efbd1f647bf298fdc6d2b619b5f211a697364ef2c7d863b48ec7b42f630f22e0412c89dab7de55968559db237f5fca32975f96994a8c7b8ba781dd742d3924a548a37dd049574ab4eea3ff58450\"","dc2_auth_key":"\"313c0095a9fb113c943a9a269355bdb09be92dfb79362a9ef802d9896430bd608e050e39841c147d64d2b3c9b50d6b9a4abca3c2f5f1a9c61bdcd76161fd85845f0431aa9f6f218e58b2bd667ee58570a261088da2c4214459ac80b7b3295e3ae64bced5a87ca88f83743498ff7aba9e76fc6ad67814896b40fca1c8cefc79814de1e903139629a8fe96a0c21cafca281dc8de5fd54c71973117b6bf03cc2b7ccfb72a6666d1e2981cbdbdfc4011fb08f617737d6e755527036e760457ace0338ae911d5606fce5de8b098cb5f471a8dccdbf01621e0564dfd45a02b9d6bc41e91556b9e53041358598d51cd1e5e2a2ec2ca804697c216ba68211229bafdc91c\"","":"","state_id":"1111327499","tgme_sync":"{\"canRedirect\":true,\"ts\":1737852576}","dc5_server_salt":"\"40cffa8f348d7f87\"","dc":"2","user_auth":"{\"dcID\":2,\"date\":1737852574,\"id\":7918578945}","dc5_auth_key":"\"8c4695e4a3571327e8433618623c584ba73ead281f23c81557ca2405a196a1f946224a5d4f97d75bcd6808c5034bc0079c00f643dd30691fc5de640e29fa97f9c9b9fb90fb1bff994f86bdd30ca95b916cb4f9ea2f6d6147c5a80ca0b5b450b2894a7a22acb233f24cc57156bc2d3136916d243804d460383001053166038c0e8b5c88ecf146143af8ebf76f9746974701374bd099a30c4f954816e3098278bd03980164a74f18144dc0ea72c82c8d0bc0f83c2972684ee65238a995e7cd447c756c61a2caefea69fd70de03c7360f977dff36658624c08570d485d5779dfe998336a35aac91b7ed6c483d53fa3efe72f706041b699eb949d37c57cae082d118\"","k_build":"526","dc1_auth_key":"\"642912f94efa9c1eab1cf091fe953a7a2ec37821023b42a5e9fa5f4797e799d81213b3a7968d05d20ec48dfb05f57a594c81aa187a0e7aba43b0caebd2cf8d73e5cf170de82e242edf966b76923c6262749ee9f9c7021bedbf3f91fd873a0c7d0f1d7bab29bc542321f1b22e4e48d17ca0cbfa73e3f3668756a8592aa7991db62ebbad835e150b6bb841e93e37721c3380e820d00823c9f317bfb0d519a00f6831d726db4e2e5cac6a628af0ff4c79c8605030e3de4179882479ba8ab4f230e429a65c1a67112da32208416b17ea7bf7dc6f8a2de0dede863518854e9b3465cc461df9c479279cc3d0f944f5fab133eaf62c62c9bf1e15bd24a9024e7c32c46b\"","dc3_server_salt":"\"bce21502f0390ba8\"","dc2_server_salt":"\"64d7cbc293722850\"","dc4_auth_key":"\"700af99374f8d21d47379b9f830bb3b579eda22132cba7bfd402a617184d69a6ea1a9eed5f23ea77164d0bbcbc0daf3546239fffb334bf205ac1e76e990e350fd629c00d76ff49981786bcd0c2cc99bdc7c0c736835d1a4ef853d5eabc3a3402ba839de40c805ff9640b7702682cb4b07de8b1d4fbc9883d98fed1b2309a1efc5e08527a69b96e9b26bc694de7cd26ca6a408fcd8ca76bc4ae198a8848804eb83f8ba6d41e26914d083521d755a23004d021c2c7b1a6de4c19a8005f3f1b16addc6d6d74bd0f1580bd80a35fe705cfc4c19ee362b63a7e15cdfc7413d6f435474a27d442a0c06226d46fc450ef204d31fbb06002b7f765abb6ee68489207d9a5\"","dc4_server_salt":"\"ecd32979682971be\"","tt-global-state":"","dc1_server_salt":"\"a0cd59ba526475b0\"","auth_key_fingerprint":"\"313c0095\"","server_time_offset":"-1"}
VM38:1 —————-
undefined
