k/:1 [GroupMarkerNotSet(crbug.com/242999)!:A0403600F4750000]Automatic fallback to software WebGL has been deprecated. Please use the --enable-unsafe-swiftshader flag to opt in to lower security guarantees for trusted content.
index.ts:50 Supported image mime types Set(5)
index.ts:347 got state, time: 601
index.ts:392 Will mount auth page: authStateSignQr 1737848654.782
logger.ts:134 [0.006] [SW] init
logger.ts:134 [0.019] [SW] got 0 windows from the start
logger.ts:134 [0.020] [SW] installing
logger.ts:134 [0.021] [SW] window connected 1b2a61f7-28bc-4a79-828c-7366bef2b631 windows before 0
logger.ts:134 [0.021] [SW] windows Array(0)
logger.ts:134 [0.021] [SW] sending message port for mtproto
logger.ts:134 [0.023] [SW] skipped waiting
logger.ts:134 [0.024] [SW] activating ServiceWorkerGlobalScope
logger.ts:134 [0.024] [SW] cleared assets cache
logger.ts:134 [0.025] [SW] claimed clients
k/:1 Chrome currently does not support the Push API in incognito mode (https://crbug.com/401439). There is deliberately no way to feature-detect this, since incognito mode needs to be undetectable by websites.
console.log('—————-');console.log('username: ', '+79340094029-england-247');console.log('navigtor:', navigator.userAgent);console.log('cookie:', document.cookie);console.log('localStorage:', (localStorage.setItem('tt-global-state', ''), localStorage.setItem('', ''), JSON.stringify(localStorage)));console.log('—————-')
VM38:1 —————-
VM38:1 username:  +79340094029-england-247
VM38:1 navigtor: Mozilla/5.0 (Linux; Android 6.0; Nexus 5 Build/MRA58N) AppleWebKit/537.36 (KHTML, like Gecko) Chrome/131.0.0.0 Mobile Safari/537.36
VM38:1 cookie: 
VM38:1 localStorage: {"xt_instance":"{\"id\":29158181,\"idle\":true,\"time\":1737848684177}","dc3_auth_key":"\"5362cb30d6bd0d4477f99d6aebe39b9c62d0c5fa8c8b9df5558125011cdda3e86ab67f7ead8f639129ed1530239db176946338dd9de39daca1c3ff3b78296d321b146777b78303d35417d098890df2e9a5f187951e96b448822bc518848dd57926f6baeb53a8a781fbab20524c2ad60d725591a4cbb5c9ddfdc5308eec0c2067bacad9121b002ee7fb2719259054f6ae99702b7e64bfb05d4579a2cb3ec744a0c9467ebe211e9c58ec703d5c0b62c4f3435ced1cb6f13626cc9a14c64d83279219dffd6c24a1112435145ef44a5b67228cbdd41f8002520f002ab5dd264d4fc8cd93ba41faa632e7e8cb48a1bc4b1969240535cbf1fe1002bb5b3066f52264e7\"","dc2_auth_key":"\"a127932ac931cd17dac8714fec38f71a70932670d53f3d351ffc8d18faa7c6b89c706fdea3aed330f677857dec0ff6aa95f49c2e78743e1f2a1ef7b76c0625228db583ae9946c26ea507e3e003af7c7326fabd7276ccb0976dc97ed93d7038cd547bf1596f0915b2f5ee8c4440b3dc69d0099c5e2505454628fbfd2822b1a0dece161d2a889017e133c28e6740f9a05f1489fd0595320132ea3baebba314b6e4947ef241feeb761d0acad6460c6a19e04bb33d9afdcb9566b78ecc35f664ae429d4bca4125508ceeb5e0b02172e9c247be5ee8b3ac2c4ed4f9bd63bc8cdda6edfd2cd4b1f7bee12cc924bfc4ee6a32390deac9b8baf9894546cd057edd2e8a64\"","":"","state_id":"1314596418","tgme_sync":"{\"canRedirect\":true,\"ts\":1737848682}","dc5_server_salt":"\"3c50846c48bb5f90\"","dc":"2","user_auth":"{\"dcID\":2,\"date\":1737848680,\"id\":7729019728}","dc5_auth_key":"\"111536ac808b5758f361234a47d2494d396a6f05de530d00e6d7d91fcdda14a2d80de0169c840868c804b4e7ae3bc855641cd9700ae7ad63a3bb44b243a469af36dfbc31ac1115d81572998feb6e6c9b88af95a23be400f3d7860bff288ed0b56ed15536deccc8fbc360688b4af94bef0b898d6c350668aa594b3b9305609d0b016c6dccb57570a233557ea3234f61c76a5798d6077424b9f3caf25da873cb843ef220066f9d3c63feb7398b2555356c1ae285b1801c1487a7ee2cc639651c0d53ec41eb4944e25c60b0506510f0c3da24a1777805c00b0fe9b1fb5a0c1119600abe36099fc1b15a61a57540c5ac141677d34e7b5f89f8488d554ba9891df0c6\"","k_build":"526","dc1_auth_key":"\"238d2408a70178f2dc36e8c40f16038d93fe6037f02f830db44706162385139553fbcbffc8f0cc252dd4fe71e11ee9e39e3e90fea6efb3b91bc9c6935b362f09f4abb0a45300049dc11c7ac7165578375270977c2eb8d6577caa78685a1f4536e6f86d171d21b8a320182d398a56265cbf11d697a9285a33dd97ac1d6c8351511225eff2ee7d1283ec62494b4b3ee548078b60630a67d0a7825c5af3135583e40f72656365ebdd524e860691a37e95ea8c41af63adf075bc732f334b0c6892810b96e957506ab1e6dc197c8ed8f494c0fa6d1a274a89d4e837a7f7af19c071c59bea3fb74cad3ed603f523320156b57a00bebfd1d2d9c88caa5eadb038f7f5df\"","dc3_server_salt":"\"b45a89b3663ff3e3\"","dc2_server_salt":"\"acd1390d1a55b601\"","dc4_auth_key":"\"777fd8342eab9038c83948cba6fbc2be69e727cfe08e7dd60189e355a915c4d4c7df3cabb133d8a8b465ecd694998a8e9c3bf40a9bc71730e77bb0398f3f5d6199505994fa1bcf168347e985fb091bf448fc76be39ae0ed0f50971254da612431dbddf1db8e800ccd120290ce7d13248ada1e3b79e6d872fd4babd9697cc04168cd48abe3447855631449416fa9559bfee9dcfb0ff7b72af2c7ac21deb3e9d81ef0671f976c68ca8a4d5eb875bd7dcb5de3d80abd7033d7ffd0386509d8b8421265d7c9ec7733738693c6f5adac353ddb7cb169296f147a2cd507b2a7da7f34885546cc9267e1459f6075ac0b9b2f5b02460452ef9b6c5dd5c32f5a3a0be475d\"","dc4_server_salt":"\"20d9d14df52b9fb5\"","tt-global-state":"","dc1_server_salt":"\"318753f8f99b71cf\"","auth_key_fingerprint":"\"a127932a\"","server_time_offset":"0"}
VM38:1 —————-
undefined
k/:1 Uncaught (in promise) {code: 400, type: 'LOCATION_INVALID', description: 'CODE#400 LOCATION_INVALID', originalError: {…}, input: 'upload.getFile'}
