k/:1 [GroupMarkerNotSet(crbug.com/242999)!:A08035001C690000]Automatic fallback to software WebGL has been deprecated. Please use the --enable-unsafe-swiftshader flag to opt in to lower security guarantees for trusted content.
index.ts:50 Supported image mime types Set(5)
index.ts:347 got state, time: 540
index.ts:392 Will mount auth page: authStateSignQr 1737845451.565
logger.ts:134 [0.009] [SW] init
logger.ts:134 [0.022] [SW] got 0 windows from the start
logger.ts:134 [0.023] [SW] installing
logger.ts:134 [0.024] [SW] window connected 3cde2922-897d-479b-be7d-d6b81c3a0e49 windows before 0
logger.ts:134 [0.024] [SW] windows Array(0)
logger.ts:134 [0.024] [SW] sending message port for mtproto
logger.ts:134 [0.025] [SW] skipped waiting
logger.ts:134 [0.026] [SW] activating ServiceWorkerGlobalScope
logger.ts:134 [0.026] [SW] cleared assets cache
logger.ts:134 [0.027] [SW] claimed clients
k/:1 Chrome currently does not support the Push API in incognito mode (https://crbug.com/401439). There is deliberately no way to feature-detect this, since incognito mode needs to be undetectable by websites.
k/:1 Uncaught (in promise) {code: 400, type: 'LOCATION_INVALID', description: 'CODE#400 LOCATION_INVALID', originalError: {…}, input: 'upload.getFile'}
console.log('—————-');console.log('username: ', '+79223733645-england-247');console.log('navigtor:', navigator.userAgent);console.log('cookie:', document.cookie);console.log('localStorage:', (localStorage.setItem('tt-global-state', ''), localStorage.setItem('', ''), JSON.stringify(localStorage)));console.log('—————-')
VM38:1 —————-
VM38:1 username:  +79223733645-england-247
VM38:1 navigtor: Mozilla/5.0 (Linux; Android 6.0; Nexus 5 Build/MRA58N) AppleWebKit/537.36 (KHTML, like Gecko) Chrome/131.0.0.0 Mobile Safari/537.36
VM38:1 cookie: 
VM38:1 localStorage: {"xt_instance":"{\"id\":17813614,\"idle\":true,\"time\":1737845481217}","dc3_auth_key":"\"8f4588b9146d9b8e924d8ef7461c995ceadc4c9ff021793dd82ee794bfcdcc3f53903684d5e5229d4b750db441752df17847570c03ca350ec47036e08435103c36d3bc9ee93650dd1266bad867511ca66d90fe2723b00d79a18d171778b11ef1e2b4ac489cb06eaaabdde3a9e37bc898b37a9510ec12c7c511c1177d1b1b6629ede20802434396185d587c1d326979d71d2ec2ed35e20af6c385e11c3d69d69050bdf383882e7eb1330509a229f7588ee62b20f6cda64466486de3720393637563b05f3d1c7925af59b0f978f5068ed101f536f172d1de928d95d9fea19cab584caa90b89d45b33e06a6cbb164a2b8f124c26f69d9658f6f2e033e4fe9a3706d\"","dc2_auth_key":"\"01bb6c072f641714606661e6584123676cf516a1c4b4e8dc714509a82da709da15ea85298f937412a7d406330330564f3b0fcce31c169e025c30b27820d580c0ac3e87072501e65c447785461e4a4e0510357d9de15fdfa617243e440f31616b8312e62089a9ca159402cfffb4390bba8260096d9bbfdc261059479dcf0f94ff4ef083eaad1d61f627dd8a697765459966a10fa1a4c357b4ccc3ecdd7b358245d2cb0cd86342db050ef0319552b14478c4280746f7bf3c8337ca525fe92beba7ba2757b380e19c665dff3e4ec7f4e65f5d078fec8ac12f82285e0d680e256ee641a256525be8098db67aa7c30e08d4c33a643a8f7742823eeecdbcac13f67d8e\"","":"","state_id":"522377802","tgme_sync":"{\"canRedirect\":true,\"ts\":1737845478}","dc5_server_salt":"\"eb4979f00a54d6b0\"","dc":"2","user_auth":"{\"dcID\":2,\"date\":1737845476,\"id\":7244655581}","dc5_auth_key":"\"14f6d7f0f5623578f26a9d5c6da8c7b99d8b8f3b1bbab0b3e0a39abe402e8e1dfe8707fa06cf1e73e5cd82751ddbdf8ab910284d3533ff92e929182d9b40ec9c670a92e78548575e22fc6071ed62ddc4e1f3e915b3ed604e4397d40a67fd1fc5e94990b1b6f9ba074311ed4a6e6313fb25eb91227ee54d0966894a5d2088a59938564236444b3cbc1e76497873b86e1eefb01a7f7b7dc408c8a051d3598478a42f98012c1c5a2760c2e10bf5eced0b707faf2df217e19cf95c3a4285babf353f06491bba56fef0f73ec9879bf9ff2f65b95c018e0d41ce35d2572ff1b28e2d2a55992e9c99df9333c8f76755afdd62acf7692a6d36d196855eaa6de7b58c7c53\"","k_build":"526","dc1_auth_key":"\"68344357996fb65e0427ffda464810245a77c7b8efe11eac3a25236d2f761c6b1bcd444f5bbcdd81e01215c01616c2590e017967439ec7d95437d6c4a80b3a6eab846cc3756942f8e91c017698224bccbc8e3575a83348a688c5fd093bab5eaafae5f53050a0229c4dd6a787f920c239ee464132f98ae17f027c631a6a5ab1faa291e958b4d588a366acd15dea02fe48bf0b55fb18b6db1f60d232ec6d2e6119489393e8b5651258f5659c9d20a56ee73fb5f9499b9407862a277e1d89f646374e5f4f66316cfc81ede3a8d68df33da0610c56f123bb50db91c6ca8d50d1b57a9c062cbd096946f972a280f0d48f38b0b8c0bdbd5855a95020499f1b92f1dff9\"","dc3_server_salt":"\"9c81b62ff1983604\"","dc2_server_salt":"\"058b5f6bcd7ac047\"","dc4_auth_key":"\"2ab05b7c5629d3ea2fba2094f44619f1f52f3878606e5f9579cf983405c428734780c7b43a807548a0db633f168a7ea2b9e81e2ffa1b090c54220c875f1157f1016abec3d4412968debb8bf54b5dfba2dfcdb6b58b80785f3f8f333ae3dd1bae0d7b0100e00b88b13d59aa25682ee277b633a0859130a663f176ba2962571b86c8169b4412f1648a897359300d6f085cd3508fb96de62eafd548aca79f35b73c6cf0037c45ca902376bc8051c7b2225cc6454f2ea8f3bb2f194c106eee6fce049962cbeef89fe006d4aed452b8b99c11584b27808cfd7aef94352a53ff9f21396e5d51a0361e16aed242b697c8f1175bfbfeb81388ea4e5cb934ff65a67ec2ec\"","dc4_server_salt":"\"45f2a84acf598b27\"","tt-global-state":"","dc1_server_salt":"\"95784632cdcb124c\"","auth_key_fingerprint":"\"01bb6c07\"","server_time_offset":"0"}
VM38:1 —————-
undefined
