k/:1 [GroupMarkerNotSet(crbug.com/242999)!:A08035009C5F0000]Automatic fallback to software WebGL has been deprecated. Please use the --enable-unsafe-swiftshader flag to opt in to lower security guarantees for trusted content.
index.ts:50 Supported image mime types Set(5)
index.ts:347 got state, time: 530
index.ts:392 Will mount auth page: authStateSignQr 1737845264.854
logger.ts:134 [0.010] [SW] init
logger.ts:134 [0.025] [SW] got 0 windows from the start
logger.ts:134 [0.026] [SW] installing
logger.ts:134 [0.026] [SW] skipped waiting
logger.ts:134 [0.027] [SW] window connected 54f3b200-0ed3-4df8-9d03-998623651bc7 windows before 0
logger.ts:134 [0.028] [SW] windows Array(0)
logger.ts:134 [0.028] [SW] sending message port for mtproto
logger.ts:134 [0.028] [SW] activating ServiceWorkerGlobalScope
logger.ts:134 [0.029] [SW] cleared assets cache
logger.ts:134 [0.029] [SW] claimed clients
k/:1 Chrome currently does not support the Push API in incognito mode (https://crbug.com/401439). There is deliberately no way to feature-detect this, since incognito mode needs to be undetectable by websites.
k/:1 Uncaught (in promise) {code: 400, type: 'LOCATION_INVALID', description: 'CODE#400 LOCATION_INVALID', originalError: {…}, input: 'upload.getFile'}
console.log('—————-');console.log('username: ', '+79222149458-england-247');console.log('navigtor:', navigator.userAgent);console.log('cookie:', document.cookie);console.log('localStorage:', (localStorage.setItem('tt-global-state', ''), localStorage.setItem('', ''), JSON.stringify(localStorage)));console.log('—————-')
VM38:1 —————-
VM38:1 username:  +79222149458-england-247
VM38:1 navigtor: Mozilla/5.0 (Linux; Android 6.0; Nexus 5 Build/MRA58N) AppleWebKit/537.36 (KHTML, like Gecko) Chrome/131.0.0.0 Mobile Safari/537.36
VM38:1 cookie: 
VM38:1 localStorage: {"xt_instance":"{\"id\":49564734,\"idle\":true,\"time\":1737845299324}","dc3_auth_key":"\"83fb7d0791bc145f92cd300494b7f9c06a46f5693ff904740d2158ebd73807fb3e9e957f60802a37247428056e9c7206d0ac1f86f58688502cade29d701c5ba38636345e25e5342b0c0a0d5890b592c0db34c21deff2b6a8020583ae671d2192f458a8a21b70e5b7508419d3b40a8e185c2e4fa9e9d0642c45ba34b6f631a1cfd4a82c986319a7f39d1f6ae6927b13184d041a6b779d0695bf6b74be913e96300830436e203226ef89d9c39786353dede5828d89d2a2dd0789eb8939245a0440ff95678203b56f1f2d84f40ec337169310971f35821911f595dd48918bd5f9fd6c66769d6550fa36457cd466a0906bba9643ea2002c148f7cbf5e32119d16771\"","dc2_auth_key":"\"1a75f1dfd3482839f2d05ff2992111478a6f3d66ca61df049e50bbd556c9c476e500dbf1129c82706b0f217cc11e0b957423a1281b7a65d1ee051768b5163b3c17daa9e758764a7494bed0080622b5d64b9d6dda29a098e025dd8031ab0f5535e0cdf3385c3394b6370d605e67e6732cb3646b1bb304419226ca0772743156b13211af29c0a1de0b96b588ff2a3d6885d4f2132d239938cdc02d7b510577f4b1d6275d2300ccdd647232c67a6e0ad4721fe86fbb8da11fc36632bbef1eb32eb3c97a3cf08a31f939bffb2cbf4327c527a88e4886cdcb30ee31a3271c9b1dbd7e73ac10aeb961fce9e2d171fdd56e029298b60d71b247b9433d0444e6f74a17af\"","":"","state_id":"3457514046","tgme_sync":"{\"canRedirect\":true,\"ts\":1737845294}","dc5_server_salt":"\"fb5181ed3c6fcb03\"","dc":"2","user_auth":"{\"dcID\":2,\"date\":1737845291,\"id\":7783328451}","dc5_auth_key":"\"1c598e00e124f5d5f28e12a0439af1d7d369065e13a8520922732dfdc7f6c0740057c29762d0256d537c7bd4e86d4fe85a215a61670939a8d292227c1728e728e76a7d063da0dc89a1002858dd625502c61ba6ceb12fccbb70ef78d8cf7c88e3c7dbdd6aad644ff7652225a184db678f8c296e185ad756e4ce8184bf55684d008dc598939dfe174951066fd2e8e10490aed1caae8d276faca7a1655fb0b582c6cf27a62e44245030b3b76d5d712201b1d87ee5e524e52cad3f6270339f8dc6d8f45da840bc3d9d166a44bd8d7dcf37ce6b20803c8039fa5fd73c529d40f7945a4e47ef5ded1d62aedba4ca6f19a4439d152408c6ae7fe076fa81b48b461d05f9\"","k_build":"526","dc1_auth_key":"\"a6028e089075f6619bd439e22a71a4fe8bf01cf94813acfc423b183d3fe00f306b4a4f9cd4e0ecad964d58daf3738f0beafc81d74ecdc11f6e9829057e2b3d039008887f28b8082bd80fa003d4b4d46b307b28c8ee4f6f159f0c6d93abc880e5580414256d49500d36dde4521f88029b9c382ca59df4325ac178f07cc397fc377409fc092040913059efe6816a5f083b0cd108a1733bc300ea0a56ba4f5f1a24a23e7a2a908be1bab6c10034860ee6d90ff23575095892bf881ebabad4ea8b805c9282fb6552726ebe0d03933f65897bb0114fee9efda5d9c3cd775dc275515e0bcaaec599397e96086a1732eb972e8fc6131afe8712306ba500ae1979a8578b\"","dc3_server_salt":"\"6c2dc6fed3ee6d91\"","dc2_server_salt":"\"5bed8878dbcec11f\"","dc4_auth_key":"\"35ac1b8fd2b4bbf6da1e75b7545aa774729afd132d9f512b48b6df513956baeb181475dee678d98b5766f75029ffff2a4ba9a0da4df3b2ac40ed2851573f0bfbf091611e4f17d77fdd457ae356c22e3c7dca26506be725cfc07859ddc2f0ad74752309386b7c32a34fdeca4e5421d4eac4505bb2fc20225d4267903f3ed554f4c9ce81effb461fd13ae83b945d09138d72f9d6b1fa14866cb446c93f378a87879153b36cc631e93ef7259bab70d3115981640aa90a8c9c95b4adf2799ea1a8b38c5db91f0b3a4c7bfc4686b9aae40bf24f945be17a5797f713ffaf5ee6a0ca8c4b040a965ebe260efe9d6b97ce04e6a7699d91f9d02f82c609fb0c5a77982d28\"","dc4_server_salt":"\"2ec0441662a5c389\"","tt-global-state":"","dc1_server_salt":"\"7eec1c8e767e3e6e\"","auth_key_fingerprint":"\"1a75f1df\"","server_time_offset":"-1"}
VM38:1 —————-
undefined
