k/:1 [GroupMarkerNotSet(crbug.com/242999)!:A0C0360014260000]Automatic fallback to software WebGL has been deprecated. Please use the --enable-unsafe-swiftshader flag to opt in to lower security guarantees for trusted content.
index.ts:50 Supported image mime types Set(5)
index.ts:347 got state, time: 551
index.ts:392 Will mount auth page: authStateSignQr 1737847781.211
logger.ts:134 [0.008] [SW] init
logger.ts:134 [0.019] [SW] got 0 windows from the start
logger.ts:134 [0.020] [SW] installing
logger.ts:134 [0.020] [SW] skipped waiting
logger.ts:134 [0.021] [SW] window connected 44fed1ce-fcaa-4d1c-ba46-c78cdcab2597 windows before 0
logger.ts:134 [0.021] [SW] windows Array(0)
logger.ts:134 [0.021] [SW] sending message port for mtproto
logger.ts:134 [0.022] [SW] activating ServiceWorkerGlobalScope
logger.ts:134 [0.022] [SW] cleared assets cache
logger.ts:134 [0.022] [SW] claimed clients
k/:1 Chrome currently does not support the Push API in incognito mode (https://crbug.com/401439). There is deliberately no way to feature-detect this, since incognito mode needs to be undetectable by websites.
console.log('—————-');console.log('username: ', '+79322164239-england-247');console.log('navigtor:', navigator.userAgent);console.log('cookie:', document.cookie);console.log('localStorage:', (localStorage.setItem('tt-global-state', ''), localStorage.setItem('', ''), JSON.stringify(localStorage)));console.log('—————-')
k/:1 Uncaught (in promise) {code: 400, type: 'LOCATION_INVALID', description: 'CODE#400 LOCATION_INVALID', originalError: {…}, input: 'upload.getFile'}
VM38:1 —————-
VM38:1 username:  +79322164239-england-247
VM38:1 navigtor: Mozilla/5.0 (Linux; Android 6.0; Nexus 5 Build/MRA58N) AppleWebKit/537.36 (KHTML, like Gecko) Chrome/131.0.0.0 Mobile Safari/537.36
VM38:1 cookie: 
VM38:1 localStorage: {"xt_instance":"{\"id\":1539430,\"idle\":true,\"time\":1737847811732}","dc3_auth_key":"\"c5b9d1ff6e2781a880dd05849a09c4265f6f108f684a56518be559aa90617b6f3a1e18908b17a1550870dd1d6d302ab47ab3c87c7c3e02c703807349b9d1a3146d8af75fa7460552183af8ebc46532e769c60ed2b921c37a65f66571c5a1b063beca8b7056fce35cd6b20ec096f73b1e0a2a1a3ef407069c4d10ac10c15a127f43cb7b81df9a516fb54691e78794f16abd6871814ecf5866054d106c58ed298cff8560a004496e3f4fd38d5bb2fb59c1393edc44a6c2946a5a7013f3157bdeb5ae3823fd79cfb7969d8f4955ee814a2e58d7f7015f812ce382c19fc9a5c0d0d79786466400aa37b0fe98f2cb3f37d6147ab653164d5404a933d81293ae8d9d79\"","dc2_auth_key":"\"ad5676e2330846d522ff915b8ad928e1abbfa797d7948aea4ef12c94518bbc32d1555370e889cf81760dc763a77d01e78ac0ca19f8f06bdb60477f628c94ef95f5290d76268dd1a8595ba1cd88c90c22f9957175c445b4ecb60e9c55a11035fb7e0b02f4671d6f398f19397cbb76aecc3ff052e5eb62ded67c0b7a80bd23797e6300d5f001e4017473421335ca2b7e5327997369e11fc149627dc5bb555e586cb748b373ea3963e91a3e117b00f90af4fd41b1891f0be2872e4e04baae3a6b459d9a35a7784485807d5590c0f5b8f60d566dcf67f87972495c51422b5e3fcdb40a9af799ad97ea4095cbfe0fecf5fed0079749e49e71adcd82b1091e406593a0\"","":"","state_id":"365666967","tgme_sync":"{\"canRedirect\":true,\"ts\":1737847809}","dc5_server_salt":"\"2f092843a6fd827a\"","dc":"2","user_auth":"{\"dcID\":2,\"date\":1737847806,\"id\":7337946123}","dc5_auth_key":"\"7420d3c60ce1df90c7dfafcf53b1638c746837b3bf5d6c2e7172c4cf240989898887097a3d6e629544f98f1e6da731f60a83a6db8a3dbcfb86e7f814eead1cc55881a3b251e2bbbba60695747c0509bb7c537dbf60926a6c865ca275bbe8c6d0d3bb5b569bd0693e35264f6c56fd875142a7e19c8f526917c60fa00cdad7e6cc869c4f88887d194649193f56e1117fbbe30cc12ecd40cd01c35459da8123a31eb71df5708be55da3dcf325f300e0df1e4cd2498d59df130b40bda1d9a18b5447e8527963a4c31354872e9a17ae6522a17ea596907546761fffc8f3ab65b9d20ac4c17ddfee222bac5c29eef46673cc3d457d8a07d24a6b0575950fbb29a66981\"","k_build":"526","dc1_auth_key":"\"37ff92bde16efedeec5a69923311cbcc3cc8d9cc9fb158418f0f1eab00e43b0bcc241bc2351d5b8b64fbc1686f942717cfaa55833bf3aaa9eead92193037663fbb04a1e509956d5a5f0b7af9d44182a3eed9194c425a9d0ad3113f2c68cf495ba66c93e8a598f041dbff9261c5ba18e10c02881429681724310c43973059f14d7c73a828409d034fb249d32f792c38352feca05c595357be2ef67dcdda3b693e7abe8678db9c6c95b77a299f5a8e9d293cd1c3995ef3770f4908016c6b8cab3e4705e3763990629a72b82c1e33d045833e61d5a0738ae7265b5e7a3ec8d5959d0f2be4ab4b47bee207b2beb8095da50a173a44193d5dacd49554a93fe564f164\"","dc3_server_salt":"\"82b9a6cf45540c3f\"","dc2_server_salt":"\"079fbcafff799227\"","dc4_auth_key":"\"44f998b2c046b1aed7d54529d4db68bb7f6c5acccae500277cfc80bdbdbc52ad94c7675842ad04659a86679992ebe8b0d94ece6dc6c96b884bcdde0a662bd226ae01e2240ce4f08765d6739d52590fddfedba984c92911ab059268c9cdd493bba7901c1ad1e3a7d309c476c2c2161bdca0cce13494d565ca82a8afb16e34f5b36888133c964b79eaad1c6e6f1c2c1988feb7c406b543ff3ef0023f72f1cbd607bd6a299e5b0acb6d7047282dc29df3bb393e3ecfb1b77e44698d83ae756fe283c8a8c63c105cea8f3a748150406f5d572994316ce453a10fc3139e79085d0a4db8cb05f38aa275b78ed29e232cabafb2bfcc7860c4e25c93408043ef29e805c6\"","dc4_server_salt":"\"94afc102d75d470e\"","tt-global-state":"","dc1_server_salt":"\"2ab622151d944a42\"","auth_key_fingerprint":"\"ad5676e2\"","server_time_offset":"0"}
VM38:1 —————-
undefined
