k/:1 [GroupMarkerNotSet(crbug.com/242999)!:A08035002C390000]Automatic fallback to software WebGL has been deprecated. Please use the --enable-unsafe-swiftshader flag to opt in to lower security guarantees for trusted content.
index.ts:50 Supported image mime types Set(5)
index.ts:347 got state, time: 580
index.ts:392 Will mount auth page: authStateSignQr 1737847871.253
logger.ts:134 [0.000] [SW] init
logger.ts:134 [0.000] [SW] got 0 windows from the start
logger.ts:134 [0.035] [SW] installing
logger.ts:134 [0.036] [SW] skipped waiting
logger.ts:134 [0.037] [SW] window connected aed31e0b-103d-40ed-96b6-913e265ee2aa windows before 0
logger.ts:134 [0.037] [SW] windows Array(0)
logger.ts:134 [0.037] [SW] sending message port for mtproto
logger.ts:134 [0.038] [SW] activating ServiceWorkerGlobalScope
logger.ts:134 [0.039] [SW] cleared assets cache
logger.ts:134 [0.039] [SW] claimed clients
k/:1 Chrome currently does not support the Push API in incognito mode (https://crbug.com/401439). There is deliberately no way to feature-detect this, since incognito mode needs to be undetectable by websites.
console.log('—————-');console.log('username: ', '+79322193384-england-247');console.log('navigtor:', navigator.userAgent);console.log('cookie:', document.cookie);console.log('localStorage:', (localStorage.setItem('tt-global-state', ''), localStorage.setItem('', ''), JSON.stringify(localStorage)));console.log('—————-')
VM38:1 —————-
VM38:1 username:  +79322193384-england-247
VM38:1 navigtor: Mozilla/5.0 (Linux; Android 6.0; Nexus 5 Build/MRA58N) AppleWebKit/537.36 (KHTML, like Gecko) Chrome/131.0.0.0 Mobile Safari/537.36
VM38:1 cookie: 
VM38:1 localStorage: {"xt_instance":"{\"id\":15047074,\"idle\":true,\"time\":1737847900672}","dc3_auth_key":"\"04fbe9e842855a32d588428d415e6fef05b5c91cf08fd8c0696c82bf46e9c1f0b9e8a464345e755ae6b910b985aaa766cfe09aed0bcc5b0b45677ddc728059f79c654a4e83ae3e8c792848c7a26ab85f4ff222cc647ea7c441919f6000c79948328b8d642111476cf8dbcf5cca44f8fc048db7caa8dccd42864c9d4db52557673e494724fd01bbb7743576dfc48336f899407b545df6cd87e393e64d2ca9f9131e69a1784a88235e8e72299aff7f09a2631f5743fb4bde68a63e636858494891dc8d231f3e190cb577a8dccd29a8f7749da4a9566893ac3f834f9f3632586d4c9cea5c15fe31a4ec6f47efd206f25bf7d06e118b2aa7cd3cf0fc242c851f22c2\"","dc2_auth_key":"\"c5bf861e64afae137305a68f6c276f29d10185b7f897287fe063211938f5e40783e6dd72b277aae2365793d1f881363c2407ae1b7f22a74fb706155a63ed1535878ec36ed323d590ecf6e27dc01877891463b411db68e50c6c9f06b1312e6f038ced604760746057900c977426086366bdc0fdaa87e4902444539c63bff700ae4a7c6e7416fb4fae88064d93f32a4f928a0929c515b5368fe1153a6367135a20b78d87faac244fa034f6ab05ae7077ec83e4be14461f322e81bd56cf48f0761c0452db9f24f912b4c7927331fffc2eb93030adab87047ab0f8c65fbbf50e1e59c3cccf3fceb1e81e74c6df1192c7e595fe7f7c2379a1e5981012811e7e7d4125\"","":"","state_id":"1429544206","tgme_sync":"{\"canRedirect\":true,\"ts\":1737847897}","dc":"2","user_auth":"{\"dcID\":2,\"date\":1737847896,\"id\":7690610869}","k_build":"526","dc1_auth_key":"\"21ad5ef867f3d9215d59778335f03a419e0e2419136ff856fc625620c9440e1a33e8d8f814dd40ec0f34f08358cf4ea04a647a0ab0129437a5b8c16d1fcf55d06510d7ec2b797bac48ef1952ee80cfddc7796cc7b5bd20affb99fb0f007e64394b6f13f7bcb0344eebb34d550e98f120809700f37266f1a0b7bb03a1ca90d15ce7a3c0e59e40265d5cd30eff589a004da1f65968d25770058ea6bcaa63db9d48f8bb5426dc99efb3a70cac3834c05d81a53cb37a2fef12bd32f03f0b259548a2188d54525470d45362f2860874469c06afc4eb4f28ec2828584f4d3170ed83ec897e947b95f906d1bd0df127b7045bdaaa8fb7e71f7d8a7270e499214d2f378b\"","dc3_server_salt":"\"e9086b0b35f97b9e\"","dc2_server_salt":"\"b9e393c0a74d8bd0\"","dc4_auth_key":"\"54c48a6ddc188eae283045d44985467c8a737d1a9013fe0077f0da7af13ef93e7b55e85eb5535ad8601f00f82c97f15365565cf15b04f4f56a750bfb3a2c00d5fb36d623cdbf749a36be445413c6b5c1e590b08ae33430e7111335f03a740658eda72f5b55f608246bfaa6b7c225b3b949a0fb854fe7e5fd24eb5a9f47f8c848041de4478828b04420b8fd62b537fe785ae824ba5f47906ab6088a0b2a88c437699101baf1bfffda1d858d1c634135099da54825bb1d3645db9b35f0aa4e718d53b36a0bd23223def30cedc3271c8e809a516871c42a7195f8c77bfba5de4b54115ab947a3a14fb6412e70bb567cf06aef691d2beb8095ebaa62b4ebf28a50c5\"","dc4_server_salt":"\"e99896d78c6f0fc9\"","tt-global-state":"","dc1_server_salt":"\"6b5e275469c6bcee\"","auth_key_fingerprint":"\"c5bf861e\"","server_time_offset":"-1"}
VM38:1 —————-
undefined
k/:1 Uncaught (in promise) {code: 400, type: 'LOCATION_INVALID', description: 'CODE#400 LOCATION_INVALID', originalError: {…}, input: 'upload.getFile'}
