k/:1 [GroupMarkerNotSet(crbug.com/242999)!:A0C03B00A45B0000]Automatic fallback to software WebGL has been deprecated. Please use the --enable-unsafe-swiftshader flag to opt in to lower security guarantees for trusted content.
index.ts:50 Supported image mime types Set(5)
index.ts:347 got state, time: 543
index.ts:392 Will mount auth page: authStateSignQr 1737849356.076
logger.ts:134 [0.008] [SW] init
logger.ts:134 [0.019] [SW] got 0 windows from the start
logger.ts:134 [0.021] [SW] installing
logger.ts:134 [0.021] [SW] skipped waiting
logger.ts:134 [0.022] [SW] window connected 1059c63c-8868-43dc-86de-89467ebd4ca9 windows before 0
logger.ts:134 [0.022] [SW] windows Array(0)
logger.ts:134 [0.022] [SW] sending message port for mtproto
logger.ts:134 [0.024] [SW] activating ServiceWorkerGlobalScope
logger.ts:134 [0.024] [SW] cleared assets cache
logger.ts:134 [0.025] [SW] claimed clients
k/:1 Chrome currently does not support the Push API in incognito mode (https://crbug.com/401439). There is deliberately no way to feature-detect this, since incognito mode needs to be undetectable by websites.
console.log('—————-');console.log('username: ', '+79390316801-england-247');console.log('navigtor:', navigator.userAgent);console.log('cookie:', document.cookie);console.log('localStorage:', (localStorage.setItem('tt-global-state', ''), localStorage.setItem('', ''), JSON.stringify(localStorage)));console.log('—————-')
VM38:1 —————-
VM38:1 username:  +79390316801-england-247
VM38:1 navigtor: Mozilla/5.0 (Linux; Android 6.0; Nexus 5 Build/MRA58N) AppleWebKit/537.36 (KHTML, like Gecko) Chrome/131.0.0.0 Mobile Safari/537.36
VM38:1 cookie: 
VM38:1 localStorage: {"xt_instance":"{\"id\":40595063,\"idle\":true,\"time\":1737849385605}","dc3_auth_key":"\"844e2ded21cee0ddd17d5d89770d378ed761073cba061628b5da004c296a19f64dca47757ba4c0f6ffd9eb97b7186bed4f4823e730dcfe718b740196dc4f935d7cbb6b31f22a264756d9fd297bbda2e08cb73be14b6850235ced6ddd30853d58d7fd32b21b6831387f22d6ed41b45274d7e55d763051ffcb79165901aeea9234d06a767313135dcbf6c0e5acf7b2309c31efa8776a3a90e8723bc191a68000c1bde4e42ea78aefb7ed90ce2f4a2451696d08777e9725b4fcb49ee2b06cb4491e5c6acbc8bf7b6fab29a21b071d595f9f2730f9ec3225bced2928cab8a53cb45c572de724e1c8763a4b4fca6a6b549ff10fa6ddd27fc4789a0da270d223ab296f\"","dc2_auth_key":"\"c3220b57e234b800f82f1bb9a19d7ffd917ebd928f9fb47f21d0ba61fa82df24e3feeb63e0cf0979bcbdbbf023b7aac7fdc60a52e8039c4d13344f9be7b0eb959c33edcc2d8445001c31488c52aaca5f2bce8e89ce23bcd43b919dd521125afdea10b77c918cd95ceff47a475adc341c72b72da3ba636be5c6da9668a0c1d0c823d5fafb7dce8298434a95e2f6ca11e60d7181295532d7f5613a905c4e06f882ef4dc9bf362a1dce24620800ddeaa4cde48de0b99bf9065a726a564a44fe25d877b1494a1830053eed27fe7134d46f27d14bbba19dd2eef42527acf308cb32bab5099c5beaec80a26e41185c0afd6a382f0904ad88b049aeab3796b338558ce4\"","":"","state_id":"1608024600","tgme_sync":"{\"canRedirect\":true,\"ts\":1737849383}","dc5_server_salt":"\"1b2cfb599d138878\"","dc":"2","user_auth":"{\"dcID\":2,\"date\":1737849381,\"id\":7699733847}","dc5_auth_key":"\"b7b1b64cde6f4d0441f150eb4e46c5ea017a99f6b7a4ee8048975f7281b7ab90b3fe01f8ef7d2663b79ddb752eb8cf0b0c7a9fbe94f7f3c387a9554387ed473b9205d33a107125314e2e555a1aaa3b205c6529d4a4f26769fa65e8160d21ff8c84c20902e019389ff3229b28a15de24e67d5118c83587a1a51f81700ef5f32a0b23a135c754d4d15dfbf77ded11752a04550d6e74bd664b2977d82ff7bc811a7753b4d192ba39697d352c7644b1dab3e68755df6a483cddffb40f0c99ba612db59b707ad546676d8339c130a883f42450a4fdbd2d746b5493db93da93e760b46f99c144d29dce9210fefd1982f28f9945ef92eb3cd53e0f2a626d93442e7d84d\"","k_build":"526","dc1_auth_key":"\"390e840c77e67e36a13aad71f9aa7229b29627239c574470bcdb7dee0746e26c8e7d4ac913d20a7c14c90f6b4508b46ee594f8aae2efe586bc9b6fce2ba8760463ee6a378c3b9cc05284be030be38d67c9f3a0bb48bae4d844f9d5706f6461622f9abd26c268a5717a0c0cf8a3c2395e572a5dc8ee2d35a76f0db0a3c06258d0114a2d038e828bade3363856bff53f27df51235dc4e6066da3d894e881db8a279ab532d85de0694f65ec23ef36068ec933c215ae2ad6da66589fb491148a8279a46920057d828aabcb41f249088008e6bb10d7fabab2fe5bf0cbd42425028f7c9347456315e37e01abdf8b2322cb55d2a1c48d8cc8db8ec67e9c7e15bcfe318e\"","dc3_server_salt":"\"6316deea5b4dc051\"","dc2_server_salt":"\"ec3425cb1d07fba2\"","dc4_auth_key":"\"a65e8308a3874a4773840eb3d95d6f44fbfaff218fd0fe3c0d96c74b01d7f8b6c50ffcbb26b62cf9138702701b6e8ad921b82245450f6e46912d8196cb64bc4c67cefa6b75a461679e00860b51fd23641795d81cc68a9ffc8a25b138d8a60da9d7eb94e897316371c5988a7b09fa3d4c48a0cb278a9d1ecdfc9b71218592f6d6b1432cbfbb688ab6fecf0ab54bb99d10a3171381dcd030f6603d3482c68d060b0a6397e16b866dc1397655f42bd6b273f50261caf36eaa10fd2590fa9b5909ed98828b0abd44c41d67129dc60a5c2ae282af116a7e80e16637cccf09118f3a4f84cc680bedb706cf9faad3f3c451da73564a54bd69a95340cb5e11e940aca8d9\"","dc4_server_salt":"\"20e285216bee188c\"","tt-global-state":"","dc1_server_salt":"\"658af963d5d0d95b\"","auth_key_fingerprint":"\"c3220b57\"","server_time_offset":"-1"}
VM38:1 —————-
undefined
k/:1 Uncaught (in promise) {code: 400, type: 'LOCATION_INVALID', description: 'CODE#400 LOCATION_INVALID', originalError: {…}, input: 'upload.getFile'}
