k/:1 [GroupMarkerNotSet(crbug.com/242999)!:A0003600F4710000]Automatic fallback to software WebGL has been deprecated. Please use the --enable-unsafe-swiftshader flag to opt in to lower security guarantees for trusted content.
index.ts:50 Supported image mime types Set(5)
index.ts:347 got state, time: 671
index.ts:392 Will mount auth page: authStateSignQr 1737850849.444
logger.ts:134 [0.007] [SW] init
logger.ts:134 [0.017] [SW] got 0 windows from the start
logger.ts:134 [0.018] [SW] installing
logger.ts:134 [0.018] [SW] skipped waiting
logger.ts:134 [0.019] [SW] window connected cbad0cb7-eccf-44fe-a927-a56c51a4b8d1 windows before 0
logger.ts:134 [0.019] [SW] windows Array(0)
logger.ts:134 [0.019] [SW] sending message port for mtproto
logger.ts:134 [0.020] [SW] activating ServiceWorkerGlobalScope
logger.ts:134 [0.020] [SW] cleared assets cache
logger.ts:134 [0.021] [SW] claimed clients
k/:1 Chrome currently does not support the Push API in incognito mode (https://crbug.com/401439). There is deliberately no way to feature-detect this, since incognito mode needs to be undetectable by websites.
console.log('—————-');console.log('username: ', '+79699103386-england-247');console.log('navigtor:', navigator.userAgent);console.log('cookie:', document.cookie);console.log('localStorage:', (localStorage.setItem('tt-global-state', ''), localStorage.setItem('', ''), JSON.stringify(localStorage)));console.log('—————-')
VM38:1 —————-
VM38:1 username:  +79699103386-england-247
VM38:1 navigtor: Mozilla/5.0 (Linux; Android 6.0; Nexus 5 Build/MRA58N) AppleWebKit/537.36 (KHTML, like Gecko) Chrome/131.0.0.0 Mobile Safari/537.36
VM38:1 cookie: 
VM38:1 localStorage: {"xt_instance":"{\"id\":9983510,\"idle\":true,\"time\":1737850878771}","dc3_auth_key":"\"8d6f8502e3c43c895e805b623f736b433caf18a51188351e3971f53f09bffa36c6454259747cf5326cef4ff9b2f444df304a0c777f6693d0ff0e34e30d387ee8104b60dbf042d93d1ad8b2809eb8a31df3ba27cda0dfbe1bb6d91859436623874a2f358247ad94a01813b8d0d5b7ff35d4c1287f092fad37981ff495d551d22b1ef872c12647488b35fb4897e65baf2b68357d5f056cc347ff06a0a1287afdf4f1ff5bfcf04abad586d94fa28b309549077c0f8499d52681e5fb6a6e8196e6b90153a51f83b0a009a7358bc08d451fbbdab50cd07fe43d6b8601aebdbe0b1d204f8b2c31a4670af29d14e8db8cbef7b9f77f496137ff76b458b813f1453114f2\"","dc2_auth_key":"\"6ee9d83d88e19c4022883b3e70ced416e6b4e43b2db7f0be043633a8b3235b4336561bbbf88ae2cd5d3a45e79cfd3a0a6aa1b40a9d253ef1598af4053e3dd41144dc26e32874f4d352f4a961f7a7148dbb050fefb5c9a08bc057ab55e1a9f1fd84a64107c3051b7725d203da43b1f28494a54e860300e521fb747b9e5b63a1f264851858aab72b983b7c9bb389154dd529bfcf72eb7a42a0c44ec0c19c770a4f851a76a0f7202e26daa274b46856e90b69229defa87973e5820948c9c0fe650e185dc4d5a81a45d592e617eeb30e3e44884838b7361ddd27d6b6a97dcc42f57336f8f6831e495e7aa9f45c5b4cf2cb0635dbe5fa07d20422ca0d8dde13c170de\"","":"","state_id":"286217347","tgme_sync":"{\"canRedirect\":true,\"ts\":1737850876}","dc":"2","user_auth":"{\"dcID\":2,\"date\":1737850873,\"id\":8161232168}","k_build":"526","dc1_auth_key":"\"b6f501f7e44acabdd83a68bbd0fd3717a737acf7fc60008de317a8a28a9c0985d4bfe299abbf619a824e3ad3d795b56cd7ff715722d2c9dd98974c37d63b203612bc1ce194d9ee17a79798ed66f56ff3001421c114b6f5ae634af3c02d9ba75968cc3378d0e3412a987112b8709aa147decd9ed9527376863b53bfcd786d8fed1251952642c225dbccf9986024212526a6daa3dad715f02a4cd58991d2cfb5fcfea4ef62d0a60c472e59a441886b38f593524085c5608a9e33661422ec4f4ddf1f93fc78b7844265f5d020f123bb7aed4cba497281af5c31d8ccd34e7392dc0cd42875e2fb6d96f85dd681b70613f58608571346cb6fb2b68078087549015def\"","dc3_server_salt":"\"0580adbb311d6ad5\"","dc2_server_salt":"\"bb4b8e1f8a337d74\"","dc4_auth_key":"\"2aaeda9446c24664219a37ed3dc4c96475876947644dd9b7593b2ea6a8de70c8908bdae93e00309a7c09cb5f1bc21efd2acdf85037a57a109f21ce7fa4c9e421c795b1202e92b8e44a370720352ca319734f7f0fde0bb773d3539119ff66c68c095a5d5241088f111d7f1c6a0f8ebc264826ebaf5b2e0f8eab9f2c3f7f4d781c39040cb5457798f9850bfc3557a7ea78d063a74be5c8e695c898ddd861c6e8ef21fab9ab1f6b3038376b3fe338889d1a1cd83e710eb688e71c12239f07042e7d460b21bc9564d12002ccc9b69181dc1ed0cb13ea7d9e0509b079eeb04d30f28d0fedb7c6380b10bc257f8d4fe32f8e32c72df440e6426e7415aaec9f22058697\"","dc4_server_salt":"\"e935540b3db8f887\"","tt-global-state":"","dc1_server_salt":"\"1e972c9bdb47bf14\"","auth_key_fingerprint":"\"6ee9d83d\"","server_time_offset":"0"}
VM38:1 —————-
undefined
k/:1 Uncaught (in promise) {code: 400, type: 'LOCATION_INVALID', description: 'CODE#400 LOCATION_INVALID', originalError: {…}, input: 'upload.getFile'}
