index.ts:50 Supported image mime types Set(5)
k/:1 [GroupMarkerNotSet(crbug.com/242999)!:A0C03500B46D0000]Automatic fallback to software WebGL has been deprecated. Please use the --enable-unsafe-swiftshader flag to opt in to lower security guarantees for trusted content.
index.ts:347 got state, time: 476
index.ts:392 Will mount auth page: authStateSignQr 1737852072.608
logger.ts:134 [0.007] [SW] init
logger.ts:134 [0.017] [SW] got 0 windows from the start
logger.ts:134 [0.018] [SW] installing
logger.ts:134 [0.020] [SW] skipped waiting
logger.ts:134 [0.021] [SW] window connected 4737a42f-cf8e-4ab7-a5e0-60dfa4370df2 windows before 0
logger.ts:134 [0.021] [SW] windows Array(0)
logger.ts:134 [0.021] [SW] sending message port for mtproto
logger.ts:134 [0.022] [SW] activating ServiceWorkerGlobalScope
logger.ts:134 [0.022] [SW] cleared assets cache
logger.ts:134 [0.023] [SW] claimed clients
k/:1 Chrome currently does not support the Push API in incognito mode (https://crbug.com/401439). There is deliberately no way to feature-detect this, since incognito mode needs to be undetectable by websites.
console.log('—————-');console.log('username: ', '+79820964386-england-247');console.log('navigtor:', navigator.userAgent);console.log('cookie:', document.cookie);console.log('localStorage:', (localStorage.setItem('tt-global-state', ''), localStorage.setItem('', ''), JSON.stringify(localStorage)));console.log('—————-')
VM38:1 —————-
VM38:1 username:  +79820964386-england-247
VM38:1 navigtor: Mozilla/5.0 (Linux; Android 6.0; Nexus 5 Build/MRA58N) AppleWebKit/537.36 (KHTML, like Gecko) Chrome/131.0.0.0 Mobile Safari/537.36
VM38:1 cookie: 
VM38:1 localStorage: {"xt_instance":"{\"id\":43212507,\"idle\":true,\"time\":1737852102132}","dc3_auth_key":"\"96241ce5054d135578427ab341b44dc51af9c1da35085c6d215cb875038d473dc9c14b53c2980677b6108e701d314432499c784190eecc77e0b58e88ab5d576446cc981ab0743b461b92eb6f630dfdeeddd32d321a70b9788ea95e14797dbad95ffb32ad27938eebba3f35b215393575faf5c2f261db98047b8625b70d4c00312a7e2c1bc0cb0e8256ea66cbe28f9cd7df734da7bf61420251774c27486d4b2a39038b00087f78c892249f8607f94030e96affaa790780cf335d9da3898f10a34c357062875e9e221716428034b9ecc3358e1562c8a73caef6db4234e1586262be015c30a0d449ff04c0a0acbceb3e2392ff29a392879b131025e695a40887f4\"","dc2_auth_key":"\"60cd4cdddf64af48f0e4cf255da2d971a4dae4ff01953e8cf42b1a5bca31bd23774626aa5ccb19fb08099e6824f295bfb6fedfa7cc65bda1a2b34655f8ea40757941f6d7dee8bbf97b40a6bf89fbfceb077a90d3d1ba41f4f7b667162bd68ab631fa1fead98500f42041edb3c1a0640713940ee591501f6730fe032d3d8640f2d05199d83bbf60f9bd1c88ea29611f23d5973cee54911d4d9fe8ada1903b9d8d7c4fd98d0af87c69e2d2c124b8b461672b1d48fae8be2767c2f27d8c79a649d33088b9d5ef0dd6953a3aa4fa7111fc8cf5cf0aafa27f5009458bc77fec0a9eca45e1a1bc6fd425a0b33044ae231e170b6831282d8a0ae8c0b5ec66965c66b119\"","":"","state_id":"3410160451","tgme_sync":"{\"canRedirect\":true,\"ts\":1737852099}","dc":"2","user_auth":"{\"dcID\":2,\"date\":1737852097,\"id\":7750020728}","k_build":"526","dc1_auth_key":"\"657aed853844645ea3d957edc35ac755e0c1578471a4d5b1edb252ea82a4e3b3018860fbeea174c97c0df8f930a8099abbbd3f6e4735c4f9829fbe2a03b3138912b413b8d95201b05d84784edfe4b197fd772a465e868000e648a5062b116de51e420f911588f85370a530600196679078c3894ad630cf34a7bfa3dfbc9de7dbe13a03cfc7f1ed8c267915518ee658e19bec48cc379210ffd995b38e8230cbc5b677b877606de2e773bd0a601314a4a53e3243be9ff6b11b2aa222a365cb565ff2c80648211a3889131f97d46f3e686188c3c80c30f420131079f4edf85e4e23f6eb57eceb4a36173e8f5792b9e32e06ee4f839de394f27ee9178aad63020734\"","dc3_server_salt":"\"30ddbc43699d327a\"","dc2_server_salt":"\"b77ff17ca9833466\"","dc4_auth_key":"\"af7849149f639454cc3f53e4e256b78895ce8c4a2630284f492fa4b930ffb12c91eb692f86652ff302561608b681d3e9137acba177b02b44376e9894e3d2bfa689d8621506bbaa1a626bc3261cd882f5c6183f70474dc1165574051a00e8981f9fa23ea15f4e828653c9399625f2a283b09af820e37afe0c50f45d259903a4674b96d7725201202fd3fcbe02b5c3098767a10fc7d12ddc841a46e217bd959fac3d288073ee5991dc64cdf20d2839801613e14d765947a3159e87f8f5d789ae41b5ab0bac89a59c083d0dd8976a4d12d8f303806f8481eb7fc599f761e047144c567f0304558d14beac5f98cd90933838341ff43cdedad5f4956907a18057e89b\"","dc4_server_salt":"\"62617946842d4250\"","tt-global-state":"","dc1_server_salt":"\"b112f9f5bbca4bf1\"","auth_key_fingerprint":"\"60cd4cdd\""}
VM38:1 —————-
undefined
k/:1 Uncaught (in promise) {code: 400, type: 'LOCATION_INVALID', description: 'CODE#400 LOCATION_INVALID', originalError: {…}, input: 'upload.getFile'}
