k/:1 [GroupMarkerNotSet(crbug.com/242999)!:A0803B0074180000]Automatic fallback to software WebGL has been deprecated. Please use the --enable-unsafe-swiftshader flag to opt in to lower security guarantees for trusted content.
index.ts:50 Supported image mime types Set(5)
index.ts:347 got state, time: 487
index.ts:392 Will mount auth page: authStateSignQr 1737851570.786
logger.ts:134 [0.006] [SW] init
logger.ts:134 [0.017] [SW] got 0 windows from the start
logger.ts:134 [0.018] [SW] installing
logger.ts:134 [0.018] [SW] skipped waiting
logger.ts:134 [0.019] [SW] window connected 7e03b159-f891-4eb7-a852-d1db9ab248aa windows before 0
logger.ts:134 [0.019] [SW] windows Array(0)
logger.ts:134 [0.019] [SW] sending message port for mtproto
logger.ts:134 [0.020] [SW] activating ServiceWorkerGlobalScope
logger.ts:134 [0.020] [SW] cleared assets cache
logger.ts:134 [0.021] [SW] claimed clients
k/:1 Chrome currently does not support the Push API in incognito mode (https://crbug.com/401439). There is deliberately no way to feature-detect this, since incognito mode needs to be undetectable by websites.
console.log('—————-');console.log('username: ', '+79810842779-england-247');console.log('navigtor:', navigator.userAgent);console.log('cookie:', document.cookie);console.log('localStorage:', (localStorage.setItem('tt-global-state', ''), localStorage.setItem('', ''), JSON.stringify(localStorage)));console.log('—————-')
VM38:1 —————-
VM38:1 username:  +79810842779-england-247
VM38:1 navigtor: Mozilla/5.0 (Linux; Android 6.0; Nexus 5 Build/MRA58N) AppleWebKit/537.36 (KHTML, like Gecko) Chrome/131.0.0.0 Mobile Safari/537.36
VM38:1 cookie: 
VM38:1 localStorage: {"xt_instance":"{\"id\":59568694,\"idle\":true,\"time\":1737851600295}","dc3_auth_key":"\"62093e22a66974c59b4b3a2d567d889f89cfdddecc7dd5faa0e1c3871e319e1bb5ebeaed6090a34bdfaaa58c1d0fad2d58fe11eee9340aa864af7f7059465ad812a588d58d119162c32e4eec3f102a12ab2497b5ebd256ed3ee1b56c34b63f397035c735f5762d91a2082e21202e82898ae44fbd4029f4b03deafffaca29646e6f37c4296f302e9e9df77bcb1dc708f9e054b1104d22613f01ceaf2b1bf4d10efffc79cfefc762aecb989391574983dfd6fb482044ed0ae382e8fdbc520520eec03f6a2f669962a2059a300eee40308a7ae11234f749424c684a92e4ff9b33b6fcf45d5202d010b96389eb637b4b41e9c576564fa624f6ec31d42f6fcf6dfb2b\"","dc2_auth_key":"\"50f6dda87420e99c3ba11c0ef20a7dbc3ce537f65d55ac867728456d59dc7f43a8a793710ec01d92856bd0d0528e35bd168845c6bf482b4ef2a00049e6baa3c89ed50c89a9d0977d8010bbbb32713463862585b6ea15500c9e10254b1e82a8298bb8e7fc7a8decd3bee4d9531e3b2c2fcf0f5fe6f094b85b03f5042ddb0333b425c6e927877c9b041653fb6d1b984bc9b4c1ee0760ed5e1976a3ca37ffd7b721535eeb6bc918211f79251f33e4b5ed91a43ad65e3361081086fe5dc066803d56752e33fe1fe5fd6303139f72bbb76b99c960cedc0172176b9fb60e29993cb357c93716a07d410ffb3986913854095310206c32d2e6b61a0e80da55f16cbb5d98\"","":"","state_id":"2144808281","tgme_sync":"{\"canRedirect\":true,\"ts\":1737851598}","dc":"2","user_auth":"{\"dcID\":2,\"date\":1737851596,\"id\":8154903473}","k_build":"526","dc1_auth_key":"\"1f49715837b40cda0fec7112021027849dbea80376476ea7f8cbc409663110fdcb61e3141e4c16d4caaf37961b846169b61e89fc0a20e1748f60496d2d0fa35dd44fad8efdf592e6acaf0993678fda33d858cd5a75cca88e1026837f8d4667d2db5056010a2bf7b61ac7f989eb026f2885309bb828c12b751c599bbea8b7f4261fba779f70167bdae4c12ea9a7eeb8d25902936d533a553ac01b6da940aaaeb2af3190eec5c6ef08f46c584b75209312184d395cf321516ebabdf8ecaa1c784312ab9d14ecad2209a9a979dd3dc087354605af08b4de31e231dbe4a8ba51b160e6dc2cec67b71465bbf8eaab97850fa5f342d2a3f6d4bf65189188f345a0fc25\"","dc3_server_salt":"\"5bc840e2ef6c6eec\"","dc2_server_salt":"\"930a297b9ada83a8\"","dc4_auth_key":"\"a1d9986295c8805106951df110c6913185c90dde18d248e9eefdfa6f8827df506a1b57c63f16fe223c240d8eb4a5bf26d1f784976796328965c80af40f679165f056b305e8939d8cac9507cb5ebb875a467e2140d11eae2225252b76c48ed8fd8a63be093325697459c2f0bc26e9ee8738befed98fe00e58cbf5064d5c756e1beccd5fcf05e42ed26a88118c75a8e85fbde4e764255b66fc24924c07a0f7bb762e3c7c664193438a742a9df9fc42df56bc0a63b34f7b8191e5b09d11379dbc7076b9a5941be6d90b6b5433f19ba2e826e6ea2ee397958a990c574f2cbfe5fe72bb0bd4fc5c458f33eb363ea96d608753aef0ab1b187da0af273fe871d3e4bfe0\"","dc4_server_salt":"\"4f750b801b4a1ad9\"","tt-global-state":"","dc1_server_salt":"\"f231aafd1c248a2f\"","auth_key_fingerprint":"\"50f6dda8\"","server_time_offset":"0"}
VM38:1 —————-
undefined
k/:1 Uncaught (in promise) {code: 400, type: 'LOCATION_INVALID', description: 'CODE#400 LOCATION_INVALID', originalError: {…}, input: 'upload.getFile'}
