k/:1 [GroupMarkerNotSet(crbug.com/242999)!:A0C03600A4790000]Automatic fallback to software WebGL has been deprecated. Please use the --enable-unsafe-swiftshader flag to opt in to lower security guarantees for trusted content.
index.ts:50 Supported image mime types Set(5)
index.ts:347 got state, time: 566
index.ts:392 Will mount auth page: authStateSignQr 1737849246.481
logger.ts:134 [0.007] [SW] init
logger.ts:134 [0.017] [SW] got 0 windows from the start
logger.ts:134 [0.022] [SW] installing
logger.ts:134 [0.022] [SW] skipped waiting
logger.ts:134 [0.023] [SW] window connected 64c57855-e7ce-4f88-9e2e-27a8a92213f4 windows before 0
logger.ts:134 [0.023] [SW] windows Array(0)
logger.ts:134 [0.023] [SW] sending message port for mtproto
logger.ts:134 [0.025] [SW] activating ServiceWorkerGlobalScope
logger.ts:134 [0.025] [SW] cleared assets cache
logger.ts:134 [0.026] [SW] claimed clients
k/:1 Chrome currently does not support the Push API in incognito mode (https://crbug.com/401439). There is deliberately no way to feature-detect this, since incognito mode needs to be undetectable by websites.
console.log('—————-');console.log('username: ', '+79390316016-england-247');console.log('navigtor:', navigator.userAgent);console.log('cookie:', document.cookie);console.log('localStorage:', (localStorage.setItem('tt-global-state', ''), localStorage.setItem('', ''), JSON.stringify(localStorage)));console.log('—————-')
VM38:1 —————-
VM38:1 username:  +79390316016-england-247
VM38:1 navigtor: Mozilla/5.0 (Linux; Android 6.0; Nexus 5 Build/MRA58N) AppleWebKit/537.36 (KHTML, like Gecko) Chrome/131.0.0.0 Mobile Safari/537.36
VM38:1 cookie: 
VM38:1 localStorage: {"xt_instance":"{\"id\":52122425,\"idle\":true,\"time\":1737849275913}","dc3_auth_key":"\"490e446d40369c23d07a581e9cec57037958ba2b44f6bdc9d295c2faf7f49590df03c1a6a8b4ec46f25eb68a59f12cb92a26bcdf88d5a2181af5563d5ef247ae7ee0de228de281be87cfdeefa2f5c8acda0f1d3e413d8fc0376e75829ca6bcad4c9abf845fe8a435d6fbbe3c54bb9630dcf442e38232ae695c5555d24058d9cec3b3400e1e02d2bfc10db76b9b600075a3c407e45ed0436892f18387d32b61e2d5d856d2d3a4d78d774839233d38fb3431622e5cb73c3368aa5a3211cb4010d97ffe4dbb6f5e3538a947479f1156d31a9dc310db79d8f3c77a09d7ee090c64f6b7e9632faa0c885d1f0d5aa3ccc5e18fec936240670887f75b448484d2aad261\"","dc2_auth_key":"\"377a120411459270a006c56d23bcf5d72f6be5c80cd07e523faa298b13cdbcf7ee58d5b89896f852e73a59054971348a4d6d3439aa8c0cf494da939e26def91bb38d994984ef8e038b01a008c18a925dabb80d76055ac074e59ec1a6ad783a794dfc0262b6b24a4b9a454d493f8cd918ac7cba10a0d6ba65344ce60cead3e60ffe82f9dedb04ba9b8b879a518f295e1594a2aa40d39fa7ec53ca7ddfa7f6f6f578e757ab953e204982b5934a59825b28d4e595bfc52a9db520395445984683fd760e139ab9737685efb2cf6b9be3a747dc9cd6111834a5a3d69a47eb33c24a6cfebc1163cbbc618f191345f2b5010feec93afec722d9825ae544b11df3a9b6b6\"","":"","state_id":"1979205959","tgme_sync":"{\"canRedirect\":true,\"ts\":1737849274}","dc":"2","user_auth":"{\"dcID\":2,\"date\":1737849272,\"id\":7888726535}","k_build":"526","dc1_auth_key":"\"3a2799d3320d29ecf47c99d12a7d1ae02ed3db41b6c2472c9e672856cdecdc13a443a3eaf1634739c8afde288602432c47568fda24c2497386474929884ea1545122b75735bac4010cfbe5cf93d79938419844f6a9924b678e79090306004349a9cb8908192a4731f6586f446809e0697a2cbe4c70e906d8bc90205ca2103948b996f81fed2a9bf48068a3e1bbba00519ea3f5896469cc6550c289dbcf55d9b65fb45553b11bcc8f836490728ca8dc19640d2dcb7a5a797f135752c172a4ea2c79d614d82f4e895ac05ca159b02ec0d8c5400461cc0a12144194ef75611643689f9f2d8ca93d8364e397638cead2233156d37f5e8bfb3997158341ddd1285deb\"","dc3_server_salt":"\"1d92b3bb6c404fce\"","dc2_server_salt":"\"6cac9d837eb61ba9\"","dc4_auth_key":"\"5340a7de294f82f429edf019d82438920df130202569c580ca17ea1379611781fc745136284f077220b34aaec2af2fc1f0360467278972771b88f55d19fcefd3a649782e572c4800ad8f09dafe72cf5c44cff795411a31fcb7f6662de57261a4c878c3bd30f8bd2500233853328c9ee5a057888a2616051cfbd274ec5dfcd7933db6f4a91ac8e08cb336ca4bc88e4387ca97ec387833e518ffd9c2e7972f5108e923999bf22cb8bf82f9fb61b2170768741fa06b7a334c4be709f7bd079fdeefef5458d4adaf714372a286091d9cc346c1219420ae5aeb7363bddc7e7ac90513bf4cc1aae2aa8df4ed62f19d083129363c02ab91f9eee0afafb9fbd5465ab0cd\"","dc4_server_salt":"\"1c5f30c64f2353b6\"","tt-global-state":"","dc1_server_salt":"\"66c7d7659466b154\"","auth_key_fingerprint":"\"377a1204\"","server_time_offset":"-1"}
VM38:1 —————-
undefined
k/:1 Uncaught (in promise) {code: 400, type: 'LOCATION_INVALID', description: 'CODE#400 LOCATION_INVALID', originalError: {…}, input: 'upload.getFile'}
