k/:1 [GroupMarkerNotSet(crbug.com/242999)!:A00036008C060000]Automatic fallback to software WebGL has been deprecated. Please use the --enable-unsafe-swiftshader flag to opt in to lower security guarantees for trusted content.
index.ts:50 Supported image mime types Set(5)
index.ts:347 got state, time: 164
index.ts:392 Will mount auth page: authStateSignQr 1737957691.535
logger.ts:134 [0.008] [SW] init
logger.ts:134 [0.018] [SW] got 0 windows from the start
logger.ts:134 [0.019] [SW] installing
logger.ts:134 [0.020] [SW] skipped waiting
logger.ts:134 [0.021] [SW] window connected c0194b9c-87c6-4456-ae7f-aa1233157510 windows before 0
logger.ts:134 [0.021] [SW] windows Array(0)
logger.ts:134 [0.021] [SW] sending message port for mtproto
logger.ts:134 [0.021] [SW] activating ServiceWorkerGlobalScope
logger.ts:134 [0.022] [SW] cleared assets cache
logger.ts:134 [0.022] [SW] claimed clients
k/:1 Chrome currently does not support the Push API in incognito mode (https://crbug.com/401439). There is deliberately no way to feature-detect this, since incognito mode needs to be undetectable by websites.
console.log('—————-');console.log('username: ', '+79393203294-england-247');console.log('navigtor:', navigator.userAgent);console.log('cookie:', document.cookie);console.log('localStorage:', (localStorage.setItem('tt-global-state', ''), localStorage.setItem('', ''), JSON.stringify(localStorage)));console.log('—————-')
VM37:1 —————-
VM37:1 username:  +79393203294-england-247
VM37:1 navigtor: Mozilla/5.0 (Linux; Android 6.0; Nexus 5 Build/MRA58N) AppleWebKit/537.36 (KHTML, like Gecko) Chrome/131.0.0.0 Mobile Safari/537.36
VM37:1 cookie: 
VM37:1 localStorage: {"xt_instance":"{\"id\":33572187,\"idle\":true,\"time\":1737957716369}","dc3_auth_key":"\"579bd36afdb9cf5e9389f54b72dfbc29567e02b9640c48d1402f2270be0fbf122e4dd1b43f25d71a4857bb8c67138df76ce86bc7d0bf897cc496b3b6ed89b1c42cc4900c4e72c6243afb5e710eed960566f2a62222d51db41a92f3234c8324bf056bede6a78559419a65f298fd9f350c04bb6dda83bda7f1aa60a45d9393d76578287de0f1274086b184e9407d31056510a10e386c3b237520c4ed66ed6d287cf6d2736f523d3c57e29e66f0adae824e3b311fef11ddbc0128dea940e8da257fe94b29517d85efe9ce16fb99f7628850707747b340cdc01ac831f4ce6637ad66759f1a3ab9009824b2a52c71a0c35af3a1173c53cf694ed070b261be57353895\"","dc2_auth_key":"\"087f903b9794fa1dd08e643b73acffae0a261269591efb52a4b7f2f0962434c7ed1064c7068456836a2662170010321ebed114b60ca0383e78962425c8db5f018e2debac211c9dca83ef3863f534bbcf38816afd107fe7504bd54660dd45f53a11e34f647e7f2f7a35f9a1df249c768e17d842914533a61bac31b49c3238a827e19cefe4951ed60440c1e2aeac385162dfab85fc1e9c2d099384270f27e07d536380166b0bcd5a810d3ce96f8f692d499156c16e1f9d2d9aee1699b1c2636ba57443f36b77b660998227e3e76bf0d3c353474c5b7869c76b3f3a554fbe5780bace8f1da65999b4ffc8aba52e52f9d4ed8cfb487446f04374f70edfeca4457f97\"","":"","state_id":"1714016827","tgme_sync":"{\"canRedirect\":true,\"ts\":1737957712}","dc5_server_salt":"\"0fdb25a7b47bfc51\"","dc":"2","user_auth":"{\"dcID\":2,\"date\":1737957711,\"id\":7879259518}","dc5_auth_key":"\"68c47e7ef884460ed28051a599fff2854c761318ec0fbf60c96925ca255e5039d10b1e9617f1dfa9eb75f5535e437853db1f351f07075cd934a06a4bac6a55563522260a5c66160ef99509bf32407686f9e38cfaa6295b063b6324ecd75325f210b7fe48f61dcf0bb929b1f82629df5aa1bcaea82503a132a39897ae82b4509f07280e4aab2dcc4d1a64bc56b4abdad2d1f686ade97c7c9caba4de344e72ed8793006386e5e92d951259ecc3d3ff6a48bdb9090dce3cae685618cfd6faed1fbe2b7f56a9b04fdc8baa8fb0bda4eceb40b3ce1e69320c87fece7a18f3de46f0b223314f9134d5544b5f8453efa89ee62b05f9a624818e1872ba5caba6aa7b7f34\"","k_build":"526","dc1_auth_key":"\"633a5354761d1232aaf3a2c6f9f117d7ae6500c73cc664262f6e223ba796581d429d8210c6ea74007ec9915624a0a3e8aa032bc0fdae218b33beee5c3361733ebf56125855f569994d2b1d2b1c6b4bcce30e3fa0450f8e5aab6fdf4d7a9387fab769d3ec9810dd23b86e21c85048bf3f6a7270e880ceb4415f19d1caad1eae7adcb25f2f5afa4a21868160af94af5ecfe35bdb910c35fefe253f8ac6c8f261b231c973eebd8288fc5615b3d6ed27f53a7f698b100af7b0111a6e20dc712ed1748d3e143d05c74849a636b085c427d81c63b426e9a66605089e13831f550d1d54d17f53150527df567e5e7dc714b62ebc85b6a97779a4141722a6ac5e019167b8\"","dc3_server_salt":"\"5613916a593abc9a\"","dc2_server_salt":"\"b10e28a64c14f0bb\"","dc4_auth_key":"\"33302b77c773f5473fd5cfa3b4c5e9f1f5311ff93ff778c1dd81050940ff5bb9180244133f098dd5949aaaea9771427347047dbc18faa65b0431f9353c14e5db4c4c04a05d9c552b2834302d3e185cee38179233d9419b43540388afa94a784f80032d01f829e5c2f7effbec5e402101c9ef57d7f95f966eda9596046203af7650db51d53c3f2d4b7de519d344a60d6138e437729ea46b5c168cf3d71158f7105a37c0bc0e11b1aae9d2cd9abfa760a6ad36ba6572a6f5643780a0d3feadd2102f7c0a938d904ae4a847c54d0d6c8c4ec448d09753eab1f0f55d6c27b739a78477678f43919b67066991357e3dfcfb3977de15a7d38060ef5ccb29d26bce04dd\"","dc4_server_salt":"\"007bbde35d0077e1\"","tt-global-state":"","dc1_server_salt":"\"8940eecc0dd2c9f4\"","auth_key_fingerprint":"\"087f903b\""}
VM37:1 —————-
undefined
