k/:1 [GroupMarkerNotSet(crbug.com/242999)!:A040360064560000]Automatic fallback to software WebGL has been deprecated. Please use the --enable-unsafe-swiftshader flag to opt in to lower security guarantees for trusted content.
index.ts:50 Supported image mime types Set(5)
index.ts:347 got state, time: 487
index.ts:392 Will mount auth page: authStateSignQr 1737852159.422
logger.ts:134 [0.009] [SW] init
logger.ts:134 [0.019] [SW] got 0 windows from the start
logger.ts:134 [0.021] [SW] installing
logger.ts:134 [0.022] [SW] skipped waiting
logger.ts:134 [0.022] [SW] window connected e8fb66f6-d04d-4b00-a203-763f8586b5da windows before 0
logger.ts:134 [0.022] [SW] windows Array(0)
logger.ts:134 [0.023] [SW] sending message port for mtproto
logger.ts:134 [0.024] [SW] activating ServiceWorkerGlobalScope
logger.ts:134 [0.024] [SW] cleared assets cache
logger.ts:134 [0.025] [SW] claimed clients
k/:1 Chrome currently does not support the Push API in incognito mode (https://crbug.com/401439). There is deliberately no way to feature-detect this, since incognito mode needs to be undetectable by websites.
console.log('—————-');console.log('username: ', '+79830676051-england-247');console.log('navigtor:', navigator.userAgent);console.log('cookie:', document.cookie);console.log('localStorage:', (localStorage.setItem('tt-global-state', ''), localStorage.setItem('', ''), JSON.stringify(localStorage)));console.log('—————-')
VM38:1 —————-
VM38:1 username:  +79830676051-england-247
VM38:1 navigtor: Mozilla/5.0 (Linux; Android 6.0; Nexus 5 Build/MRA58N) AppleWebKit/537.36 (KHTML, like Gecko) Chrome/131.0.0.0 Mobile Safari/537.36
VM38:1 cookie: 
VM38:1 localStorage: {"xt_instance":"{\"id\":69952773,\"idle\":true,\"time\":1737852184867}","dc3_auth_key":"\"346de2b4d1debebec0a1bf2dfcc25f04754632d09cb693a3f66ea1bf1b40c19e29c4bee8e49914c4a02e04b86f650b0c84723ed792c5bf213f33d922f69c1b385556b42f815efca158306de5173c60e20c218990fee768b457c595baf516027494655374d6b9524e0d65f130cc7c92f751c03146761497ba08eebb4161365e9ef5510bba1a53eec4790e2d2cb43a354893b9a7791271ed3873170359ac1617822b2e7f961a26a908405393733ce394741efe15be0f03469c2d692bc9b27d6857e7527bce9798962272d3191dc8693243d24de1756600c85561a1a875227a9cfe0abea98e697884af6b7d1ff5d8c4203e638bcdb9e580861ad781613a4dad7d22\"","dc2_auth_key":"\"11673e62d55a1a13d48b641d4ba361a3de73b0575e4c08b15d467b067b168e77deb04ec932e6488363482ae9cc8e0fc7e26113f34de3ea1016affd1f84138ed1d00642372b559619599e280e05ff27375624a6591152264a3ec45bb65ccb9cce7389bf32509b0c5b5b120c552d707fc1c71b828c855591498fe6fddbc9e957e65a8fd18d8b7730fd2d630f0aa6e446fc39e8fa9f63f855288d32848141bddb94756d9a27d7e2408d628473e26edbd199a259c346ac9b13d25bb3600a23453c3a63467f25c4cbdbc20e9f5db57d5f9c619df3a952b0409ec89862186698283992b8ed9c539b2b432c7f8b871ce57d23811a8a02ccdecb74937b7f387104633cb6\"","":"","state_id":"2377671719","tgme_sync":"{\"canRedirect\":true,\"ts\":1737852183}","dc":"2","user_auth":"{\"dcID\":2,\"date\":1737852181,\"id\":7784850023}","k_build":"526","dc1_auth_key":"\"87b9da530937629c6bfcfa574a1699a704c73fc604abd30de6cac8bcb635f61fad187b1278468fdbd0fc543ec841dc34ecfac6758776e7dbc6c61971097d9b66e40891d5d30a3c39ae82a9b1166172df27027fa5c44114efc9899c54ccde662976919f892e6235bfbbd4b4df1b891b2e2dadb3ed7f6affbc12e4f7787d3449db5445a6dd735e84f8826ab1993805b6dd6993111f1f2129ae871fe0d2efd3c4f313bd477bc59f63428bb9e4839996baff8ed82ca67d3c0a70926796c0343657f0135b881b2d03293fcb92f749dccd1e380e3fb74518a3e264b2858da65bc0eb0bcc3a236b0689a5a673d6238efedb9898c4aa83a4f593a3fe46c8d0e394ea3e06\"","dc3_server_salt":"\"3d3f65fbb16feb56\"","dc2_server_salt":"\"393b8ad9c7584267\"","dc4_auth_key":"\"75a1416b3e606c6f98d4e7232dec4446a668018c57a41d44b6a48270d0d2ad7444653de61386ef36889d2b35bb9abeb41b56f0ff0248489586eb3db59019263ae40e50902285442ed8c0babf99c83e2a68df440603b1c6420196e6c5af6e971495962f13478ca2cff8b591989bbd4f8981824dbc9514e93369ba926f002ce07920e056fde2155c24daaf16f34be4c9cacfaffa545778ef243f53bce3836d410b33007f4ef666d851ab56ccc878c2cc514c5398917115330520da0d81d094b7ac41c2a97e16e10a51daeed5df98f7da2c9f0d69da668b6a35d7acc865a07003ee553097f18ed5761e45d0f24ddb0f46df052c97a63439b776a3131bf8dfd22c1c\"","dc4_server_salt":"\"f241b9458999b51a\"","tt-global-state":"","dc1_server_salt":"\"656919cf58085a0f\"","auth_key_fingerprint":"\"11673e62\"","server_time_offset":"-1"}
VM38:1 —————-
undefined
k/:1 Uncaught (in promise) {code: 400, type: 'LOCATION_INVALID', description: 'CODE#400 LOCATION_INVALID', originalError: {…}, input: 'upload.getFile'}
