k/:1 [GroupMarkerNotSet(crbug.com/242999)!:A0003500844B0000]Automatic fallback to software WebGL has been deprecated. Please use the --enable-unsafe-swiftshader flag to opt in to lower security guarantees for trusted content.
index.ts:50 Supported image mime types Set(5)
index.ts:347 got state, time: 549
index.ts:392 Will mount auth page: authStateSignQr 1737845571.707
logger.ts:134 [0.010] [SW] init
logger.ts:134 [0.024] [SW] got 0 windows from the start
logger.ts:134 [0.025] [SW] installing
logger.ts:134 [0.025] [SW] skipped waiting
logger.ts:134 [0.026] [SW] window connected 932a8a7f-5146-4266-90a4-9b3bac202abd windows before 0
logger.ts:134 [0.026] [SW] windows Array(0)
logger.ts:134 [0.026] [SW] sending message port for mtproto
logger.ts:134 [0.027] [SW] activating ServiceWorkerGlobalScope
logger.ts:134 [0.027] [SW] cleared assets cache
logger.ts:134 [0.028] [SW] claimed clients
k/:1 Chrome currently does not support the Push API in incognito mode (https://crbug.com/401439). There is deliberately no way to feature-detect this, since incognito mode needs to be undetectable by websites.
k/:1 Uncaught (in promise) {code: 400, type: 'LOCATION_INVALID', description: 'CODE#400 LOCATION_INVALID', originalError: {…}, input: 'upload.getFile'}
console.log('—————-');console.log('username: ', '+79223785241-england-247');console.log('navigtor:', navigator.userAgent);console.log('cookie:', document.cookie);console.log('localStorage:', (localStorage.setItem('tt-global-state', ''), localStorage.setItem('', ''), JSON.stringify(localStorage)));console.log('—————-')
VM38:1 —————-
VM38:1 username:  +79223785241-england-247
VM38:1 navigtor: Mozilla/5.0 (Linux; Android 6.0; Nexus 5 Build/MRA58N) AppleWebKit/537.36 (KHTML, like Gecko) Chrome/131.0.0.0 Mobile Safari/537.36
VM38:1 cookie: 
VM38:1 localStorage: {"xt_instance":"{\"id\":36918568,\"idle\":true,\"time\":1737845601666}","dc3_auth_key":"\"3e93371c0a3137d3e3ba7469d90784fb3ebdee71b23e517d8b2d37324045d71befa9205d4462af19443791ee397c6be1a14fb956e50bebf87229715371f613b2d679058bd7d2e572e9e88be9ca0fb9aca61764ef172e76c6868d5a78f285a6ac529daa3083259c0163fe5990ab167ba3a530baa148eef4ed59bc02e0509c83568fbf90b6b3d063195d267e54a76500e32be25f8394656ea8570c224a48f730efcba67c13643e86bab16407298ed3b4e7ce40fd3bb5cdb357d20187884d4ccacc3b3a7df2d5b52f07a4cfe7cac764b8351ff96b9a98d8e26b6671685ecc2cdb03a07b9b473b8829212849adab791572937e06475c8ad0d23cef7926a8e1a0ded8\"","dc2_auth_key":"\"c3f9481cb0c986631ac0c6b367c161d2210ba56f2250b1b353bab830d59f22c7013caf10100344ac4085e88c6af5191c1d2e7fa8ffe998e7bf8b1cf3c086023ebf8d36a5c56fcd8502fb8deda712659edd388a75cdb4066bb63c16814a2c2a7fbc34e6d9ffc37506f099b8a2503690fb9518815d24100977fc99e9100857719d3a27c8be4608e6d5ef4c9fd553e76256aa0bdb1d18e83c7c2fab09e1bc364c544d0c7cac53973625d51e8869efff4655bd40754915f4c4be7d0851f6d59af3a02132c2f617fb1e1a16ae44e440f7b286de12f69f5b43fefcb55472bcf203ca7d2a719e838264862bdcf219f0e81000b3e77d7fb633a071117c89ae936ca701f9\"","":"","state_id":"1106047477","tgme_sync":"{\"canRedirect\":true,\"ts\":1737845599}","dc5_server_salt":"\"e1e504ab1638208c\"","dc":"2","user_auth":"{\"dcID\":2,\"date\":1737845596,\"id\":7983885219}","dc5_auth_key":"\"03fd87699d6acedaf85f29b3f31bd3b82425a782b36c1ab8aa617ab622336a4edb48a82af8d6f78df5f77c89675ace1ca9b9761b08a0bcc8e47e97e12317230acd6974c206325b9242240b51d5e30d9da52eb2a856adec74f60a407bed0a448441f8046ec2010b9faceda4b50f1ba1969b70dbc33d7ac37573a3ba303203915d866b905400f207f3c2043197ce5053974a348efbee3365e636d5f7b9aaa684ca36164df71d5669de03b1e8c3e308e649b94efa3f8bc883201cc89f0bb906ba149207b115ced75f41a07233edc78bb0832c6e8405d4297b1e440dc88f014a850f7d6884c7c585881f4cdc1111419780b70566b6450193d020a7c69e6eed0630e4\"","k_build":"526","dc1_auth_key":"\"714647783a81803443f760658197e10f22fc5bbbb2df0d0b8977c7fe72ff6cc20e257d3298d5dee977dab9a79c190ef554c80b381be7ac65f1b9cf20dde3dd745607682cdbfee83e28aaf9b704d2fa5b62c046bc5a61edbc86ff29ab5301f530ac933b3f7d256b2e245d4271f1679bb350f1f3ff7292a50044ce1d19b0c51742c336db766ef350e5d92255050c42fa7864d1f2830cbf2f3d846a9a05f8f420aff2f0355900184f835cbdc16e0d9026c7159862cccf17c54ea0382aa78d2dba82b2cb7ce7e8c495a6997c8a77b669e3b11d7e87efec2dda3d166cd409176054e4e8392b8698b456612c0998bfd104c4530ce0961c3acd39cb7643e7c31e8552d1\"","dc3_server_salt":"\"1dbd445bbbb75670\"","dc2_server_salt":"\"6166d72a705c6566\"","dc4_auth_key":"\"45741cf2a0b39f8fb4b1f919ac0ec5d2b7c267380e69930c997b606d8a9780731b625a4183ea309c6c55e145702a8831ff14c6f04aa152f083494b629eec9357e4ea2e38e021600cd6dbce582082ca9f8cc2467d5266271714e7a67f892835f423bb1afe4b1a6c11bf7ef69a651d63c2abd1846393939fca669a6d8252246f3ea5fb2d03e3209c8dbae16163711a3cf3a052227b39aecc703da50782881635226d1885e6c9ddc049120b3e49a055c14a02695e7a218cfa57d577847ab6176a061bd9ab733a25b1a74e761d33a12553d0a2f6a8763cf26ff2e9e8d1baac29684ebd6b3f4a5cadee3fe50ec94528d4835789323b4fbe88ce7e3325a02e195cb5db\"","dc4_server_salt":"\"34dcb63cf08bfcce\"","tt-global-state":"","dc1_server_salt":"\"29e1a1d3cf89123d\"","auth_key_fingerprint":"\"c3f9481c\"","server_time_offset":"0"}
VM38:1 —————-
undefined
