k/:1 [GroupMarkerNotSet(crbug.com/242999)!:A0003C001C3A0000]Automatic fallback to software WebGL has been deprecated. Please use the --enable-unsafe-swiftshader flag to opt in to lower security guarantees for trusted content.
index.ts:50 Supported image mime types Set(5)
index.ts:347 got state, time: 595
index.ts:392 Will mount auth page: authStateSignQr 1737851680.882
logger.ts:134 [0.007] [SW] init
logger.ts:134 [0.018] [SW] got 0 windows from the start
logger.ts:134 [0.019] [SW] installing
logger.ts:134 [0.019] [SW] skipped waiting
logger.ts:134 [0.020] [SW] window connected 9d344208-3ca9-4b76-8642-a407baeea03d windows before 0
logger.ts:134 [0.020] [SW] windows Array(0)
logger.ts:134 [0.020] [SW] sending message port for mtproto
logger.ts:134 [0.025] [SW] activating ServiceWorkerGlobalScope
logger.ts:134 [0.025] [SW] cleared assets cache
logger.ts:134 [0.026] [SW] claimed clients
k/:1 Chrome currently does not support the Push API in incognito mode (https://crbug.com/401439). There is deliberately no way to feature-detect this, since incognito mode needs to be undetectable by websites.
console.log('—————-');console.log('username: ', '+79810848095-england-247');console.log('navigtor:', navigator.userAgent);console.log('cookie:', document.cookie);console.log('localStorage:', (localStorage.setItem('tt-global-state', ''), localStorage.setItem('', ''), JSON.stringify(localStorage)));console.log('—————-')
VM38:1 —————-
VM38:1 username:  +79810848095-england-247
VM38:1 navigtor: Mozilla/5.0 (Linux; Android 6.0; Nexus 5 Build/MRA58N) AppleWebKit/537.36 (KHTML, like Gecko) Chrome/131.0.0.0 Mobile Safari/537.36
VM38:1 cookie: 
VM38:1 localStorage: {"xt_instance":"{\"id\":20767498,\"idle\":true,\"time\":1737851710286}","dc3_auth_key":"\"a9754543d9d6dbe4a212678fbfeafe9fc0d105a67e24c1808dc9577ecc5570a9f0d34a2920ec02c6fa186727fbb72b1e55344b73e0a0f884c8426435ed7ac21ae34f798ef26d78b8d1061c36fc4dcebb7ff8ef716ea5c15514cc3c0c58018baadfdff3f4c1b8f9e14b54d9fff933cdbf8492ca1ef8453f69ec1ef7005778edd463840972fe4e4547c7ca443473033c47cbabb88a262e0e4431ebc92791cb4c3d91face19871b6da8ffb159280dd771b26f2d2a7de8c0c7d89356fe27f6981aa46968401d613685e53dc1ea1b55bd13f20354024358a51db0ff814f8146183110cb16818d42b8d1a75dcf3df69767aacfa32bcf8326996ad9b252a9c5f240b6c0\"","dc2_auth_key":"\"6d732128093bfcc4893a78568ca1f6e0db9a1a90013d9c13286ebc750da5d7f99a7fa2741aa17c509e978a53eb1e26c048801d2efa894ae1355d0292ffc423ebd54c2011a02c518881de244a17d561e6bc11bf34979f7cff7cc1605327a7b46d4ad4e9f4b6f7820005668f47934501b1caee0ce04ba6604ab65678c05c4bae97a1ee53f135b8b92e4c7dfad806f46461386d9a681023e64c3b39137100a5d99d218bccbd801d94c2b28c34b2344a234f9a3a8f583f1e1b881e589496b2e3f77500352c0cf3c1cfe3511259112b99c67263909e493792d7a0e7f14dc9a6dcd5b1b879be8d2ffce1113cbd58f38f930690be9baa866677b399c22d36ca0f33368c\"","":"","state_id":"1880639426","tgme_sync":"{\"canRedirect\":true,\"ts\":1737851708}","dc5_server_salt":"\"b19b7587cb89a7a8\"","dc":"2","user_auth":"{\"dcID\":2,\"date\":1737851706,\"id\":7950400089}","dc5_auth_key":"\"9794343521a621ef4f9cc3167bc07de6a431fb571028c52f955a5513eb950bcab2659b208ab052b1bf149d872300d2073a29eeeb5ae9ce407f318ce59867f59efb58dd304deb91885ff58b668ac701a4202d44a1a24cb5808c65d7b4948db813c2940530719212e13b06f7c1b48c6bd5b33fe8874eb589002b611870c8dc26d8c95b628fbe1101801166f85a150aedcbccea3602ed038a34573442f951f4c5abd8e916f1f65243b1a087e52855aec0fc439ed21bce54bd22d3e1f06dc91c388a68230f8af466234b582fe7810ca12f5b9a09e4e3db43bfbefe4fa6a10541f0fc870b70af30a8a202f2eb282b612b464173f57b180526ffd00f439300a9992e2b\"","k_build":"526","dc1_auth_key":"\"34058cbb927626b51d8925f1fac3d372654c25508dfa37975dbf99ca36c97cb5e913b1ecf31ef7867b91d5ae4e4b682d22bcf352e3ac4427095586a4cf90f4b845863aa2a33581631d8d064322ebf93d31190202edf1252ca5610243f24dfc1ea4d5dba8130456001680fb3933b3955ac9d022abef67c1adca391769ad289a8ce698e6fa0211a777556a057c22dfd187d2d65fcd9d6f81eaa96528fc799c885bbbb31d996abe63c9303eee0a7dcaafbf55c0223b6945f727e76ae56a0d117f376dda575d7bc6a00ad6440fefed9479b3406a193d46eb443063962a077afe8ba646f7246b58d33fa8b6db37ab7b864efd693698d5e5a76b66bbd3e50726fecb11\"","dc3_server_salt":"\"0303e6980f9cf5ff\"","dc2_server_salt":"\"bed707b09ce8d52e\"","dc4_auth_key":"\"2ce2e7cf38b86858ad1bbe6fb244f349d7d244032ec07ea52d0ce8eab83c7cdb2724e5bbd35e3e1a61d2da5ab50491e2036181e98388987aea317a8cd0d4bbda39153da0175b43f45d033cdf02051e45c2e58c37b79ef0286ee71281fee21aec552dd29e19f8d5a2899c01faa351ddf4306ac6461662f73c6bb0a42b35484d2a8e762d003fc8d77e39d6a0f8699f4aac2c2c63da2a707973490dc86ad328c9a417c30a97f846ed1e05b7143eb562c0878616a77138e0042f2aeda9abea22f3b42d2f4e8acc4bb158639f9f3fcaca2527ad95a8b7d9f9cfc939a35e3bea0221599891aceb4679441a4dd4e651fb62463072fe2fc40adfe8af8fab669a5d32b4c6\"","dc4_server_salt":"\"48bfc44c86b76fd8\"","tt-global-state":"","dc1_server_salt":"\"d1f9f56babf702cb\"","auth_key_fingerprint":"\"6d732128\"","server_time_offset":"-1"}
VM38:1 —————-
undefined
k/:1 Uncaught (in promise) {code: 400, type: 'LOCATION_INVALID', description: 'CODE#400 LOCATION_INVALID', originalError: {…}, input: 'upload.getFile'}
