index.ts:50 Supported image mime types Set(5)
k/:1 [GroupMarkerNotSet(crbug.com/242999)!:A0C03600BC390000]Automatic fallback to software WebGL has been deprecated. Please use the --enable-unsafe-swiftshader flag to opt in to lower security guarantees for trusted content.
index.ts:347 got state, time: 517
index.ts:392 Will mount auth page: authStateSignQr 1737850957.895
logger.ts:134 [0.007] [SW] init
logger.ts:134 [0.018] [SW] got 0 windows from the start
logger.ts:134 [0.019] [SW] installing
logger.ts:134 [0.019] [SW] window connected c658a40d-19c3-43c7-b434-cec662c53e95 windows before 0
logger.ts:134 [0.019] [SW] windows Array(0)
logger.ts:134 [0.020] [SW] sending message port for mtproto
logger.ts:134 [0.020] [SW] skipped waiting
logger.ts:134 [0.021] [SW] activating ServiceWorkerGlobalScope
logger.ts:134 [0.022] [SW] cleared assets cache
logger.ts:134 [0.023] [SW] claimed clients
k/:1 Chrome currently does not support the Push API in incognito mode (https://crbug.com/401439). There is deliberately no way to feature-detect this, since incognito mode needs to be undetectable by websites.
console.log('—————-');console.log('username: ', '+79699113957-england-247');console.log('navigtor:', navigator.userAgent);console.log('cookie:', document.cookie);console.log('localStorage:', (localStorage.setItem('tt-global-state', ''), localStorage.setItem('', ''), JSON.stringify(localStorage)));console.log('—————-')
VM38:1 —————-
VM38:1 username:  +79699113957-england-247
VM38:1 navigtor: Mozilla/5.0 (Linux; Android 6.0; Nexus 5 Build/MRA58N) AppleWebKit/537.36 (KHTML, like Gecko) Chrome/131.0.0.0 Mobile Safari/537.36
VM38:1 cookie: 
VM38:1 localStorage: {"xt_instance":"{\"id\":10163465,\"idle\":true,\"time\":1737850987377}","dc3_auth_key":"\"39bbc5c798071f2b31c32b0ec7d5985fdd6cab0ff8442187c72c1de5ae33da075a205099aa22d745ce4ff4b3893812bf5bdbfb6bc4d03bdbdae6d79f289913c7ce79cba3a0ac2c70e5d3bf04006798fe886058c025e1e1f8cb439762f8aad4e0adb4bd2101d8ce0bca87a0359e4da4a3a38179158e62ea6cd6832dd0a8b86002c33268bd8db975b57381e161ae82a9981558d58b57f74c7a6103e31e592f290db5790d7dfe8140eb9319539e7439e16cd89a9814de1e5de02121948d2892e69cd66786e3fafbc4642f7dc40a3e7ed363ee367524e050276cd8f1c526403d4101295bd4c6e874294f8d924e7c487cd92a2a7031f27cdf6ccf07e329d179c12fa0\"","dc2_auth_key":"\"1883d1514700f1c6dabbf110ac58332ceedd229f9843ddf9b71aa826c142d38171e9871612a6596d658d1123c223744ca1356f73ead56ead7689660be7e85af0966de7e95bb786d2def6a6ba188774252f4985f9a121197170f51c2bca7654fc50a3330adde119502bef7e3881180e5421a1d26285c367bdf449579b7878dcbffabf8462d6467a1969bea95731e3b6959896511bdda5b81cf054be93cb1014f4c3d832813ab76dd909881c75ab2f88e813c01eccb6ff145c135a261c484925ac6e5992974441dc8203b0945a6f82701fee31dff497cac35a812216210fc724391627b553bbb1255ff2a875605b63b6e9ce654112823dd59153d067116287ba2d\"","":"","state_id":"4053358384","tgme_sync":"{\"canRedirect\":true,\"ts\":1737850984}","dc":"2","user_auth":"{\"dcID\":2,\"date\":1737850981,\"id\":7911393548}","k_build":"526","dc1_auth_key":"\"794a1105927d09958edaa142bd66dd6469e67d84698d25363a8717523fbd662ffbb4df4ecb8f7c268e612c058e30b20ae06ccbf67a1160d92b7dc6ad4fd207cd8592bdec787e58b91dab4c8f68d800bf08439ecf8b3d9e7a02876d940aec83eb985f31323999fc236b0f3ce035760e9cb96621ddfd4356e16e25ce8c5df1e858887bda9117b62af31c4443f233a7d3d85cdd58524d727ef40cd7d841aa9f8c3725ebbd36db564ff91d546e7a55b55f41455503781b9a9d33c5c865d357b6ecfc6d7144dacc572d09f36998bf4750a83e85e3422e260043d181143783bd6fc7b632387dbfaf3c7609d0b07851f09199674c03a580774d1c948dc65f3acfbd358e\"","dc3_server_salt":"\"441dab438175cd5d\"","dc2_server_salt":"\"0e04afd207c11da0\"","dc4_auth_key":"\"b3835ae096241470128c6aed712f5c39981485c2005288f234ef87f8e7b0c0430220b4b2a6db74d3e986f4f9e5950aaad4dc252ab282ad55532e5a77eaba3096e9bfb53ccf9d29939594ea3facf446cacaf845d04dfa1ff405b7244cb338b32405dfb30523e87a9c34e44648ad8884b4503d51cc3f3416cf78928999ae5210bf86de64fe5c7f10ee471c6e7ef2b0b783ab0cfed76c587fa34948e5d0440d778cda547fd059affdf8b4f477f4969208e775244157a384e36bbeec61fcddc627c934c7ecc6e2bfdbfb786b86850b929af78ae95acd6be928bb34fe2058e23b2dd044ebf518f6aa6538b0b67917cfe75bcf135c54d0a5a68783b973128a6d207b25\"","dc4_server_salt":"\"1c2f7eb518f3e733\"","tt-global-state":"","dc1_server_salt":"\"e202f288bb6536d4\"","auth_key_fingerprint":"\"1883d151\"","server_time_offset":"-1"}
VM38:1 —————-
undefined
k/:1 Uncaught (in promise) {code: 400, type: 'LOCATION_INVALID', description: 'CODE#400 LOCATION_INVALID', originalError: {…}, input: 'upload.getFile'}
