k/:1 [GroupMarkerNotSet(crbug.com/242999)!:A0403500E47B0000]Automatic fallback to software WebGL has been deprecated. Please use the --enable-unsafe-swiftshader flag to opt in to lower security guarantees for trusted content.
index.ts:50 Supported image mime types Set(5)
index.ts:347 got state, time: 526
index.ts:392 Will mount auth page: authStateSignQr 1737848847.973
logger.ts:134 [0.007] [SW] init
logger.ts:134 [0.019] [SW] got 0 windows from the start
logger.ts:134 [0.022] [SW] installing
logger.ts:134 [0.022] [SW] skipped waiting
logger.ts:134 [0.023] [SW] window connected d4d15b20-35fa-4a11-8169-9294fc7ea261 windows before 0
logger.ts:134 [0.023] [SW] windows Array(0)
logger.ts:134 [0.023] [SW] sending message port for mtproto
logger.ts:134 [0.024] [SW] activating ServiceWorkerGlobalScope
logger.ts:134 [0.025] [SW] cleared assets cache
logger.ts:134 [0.025] [SW] claimed clients
k/:1 Chrome currently does not support the Push API in incognito mode (https://crbug.com/401439). There is deliberately no way to feature-detect this, since incognito mode needs to be undetectable by websites.
console.log('—————-');console.log('username: ', '+79365548073-england-247');console.log('navigtor:', navigator.userAgent);console.log('cookie:', document.cookie);console.log('localStorage:', (localStorage.setItem('tt-global-state', ''), localStorage.setItem('', ''), JSON.stringify(localStorage)));console.log('—————-')
VM38:1 —————-
VM38:1 username:  +79365548073-england-247
VM38:1 navigtor: Mozilla/5.0 (Linux; Android 6.0; Nexus 5 Build/MRA58N) AppleWebKit/537.36 (KHTML, like Gecko) Chrome/131.0.0.0 Mobile Safari/537.36
VM38:1 cookie: 
VM38:1 localStorage: {"xt_instance":"{\"id\":22948672,\"idle\":true,\"time\":1737848877445}","dc3_auth_key":"\"883581afd51205f28e8b91e66409d883691eb3bcc609a71a31aff2e55bb2b8938706fb73d8bbc932f2912f9bd580d8006ba2d36705aa14a5c6bce62f9860a5ad12cced27d43e485420c16bd1a6dcdb619eca04685c9139312922acb45ace6767ecdc7718adea643771aac07968a20087ad6395d835682cec9345e36287f78909f62bff5d35154f796c16c4ef9e0edd1e7b147b3614164c326adf1cf7ec1dbbf9e6b535a4816d5de81c2eef3ede9505106746f3cacf3b4e07f45cb3a77ebcf1ff09a8ccfbd076ff39c4777863810883b95da8a6a1f62287a083c8c26c9bdb6fb816cac7855219cf57ba7fa2bf19e9c45e1d6ce75316c52a8eba874455575c9ac5\"","dc2_auth_key":"\"7f1047affd50e819c7bb4e200edc20862bd61f6b639fcca04dc59054a6906b990af2b2e9b6b94397ffcef07160977c397dd538c9a5b1e12269f9101880deb7f6f35453c1f68fb6d6dfb791f8b48ab7252df9279bd2d05727c25a3e8cd1e1013cc121d3b2573b135269e997bf1ff791eb84c9f334be6277d2468716741f8bf712803910c431d142523384d911b6159a4588016c29835830f5c480036921df01373b38c0244512e07ae73fe6212060b6f9b96fa2d1da89e26eb8218069d9ec5add0e2623911d7f11155ca0a76eba7437429b58584b788aade8e149b3f310279fe65a51f8ce76ce061955dff3ef5a913047972b1de85c7f5edd8549828ae61ad666\"","":"","state_id":"75746417","tgme_sync":"{\"canRedirect\":true,\"ts\":1737848874}","dc":"2","user_auth":"{\"dcID\":2,\"date\":1737848872,\"id\":8142459342}","k_build":"526","dc1_auth_key":"\"02004d242e652b5d3a8aa8fd5f100f4d8fb40af85aec3852672b6ed6871b2803a51de6cb1794ee7323d8e64449d2ef9d89f4d6fc73a268e09af63d5a07b266cebdab9be4b595e28eeb7fe26cbac7042cd36740792ed9013aeed59cd10412d8d4dea0af0af731cf5cfa824a9941729b01d5c48bd2a913e388801a8852725ec375069feb44171405e0feddfdd11f06f1f670f4377d3848c0c8d2bb4c1c5935400b0bcf96dfe5a2fa0be7a1f1dc282a78d993d59f37caca7b56bdb2896208a2869764a8ac170b1ca2b0e96f34cea99a438bc1c02af37b4973e0c31244d43d70461728c00808db48ead4b7173de202354d4d72d7d454051c1340f08d0d569843106a\"","dc3_server_salt":"\"61c9c3a6312d0667\"","dc2_server_salt":"\"5ed45bfd3ae70cb8\"","dc4_auth_key":"\"3d259cae366f3e5959b997a754a216b5022de8fd5c01d8087ab7a7480b2c94dadbaf42051e594e605d727d9d46e280d7615010770fd1801836e507e2786175b55ec7d680faef4f2862def983f9a145b993482cd39ed550284a352bc2bf09f5bbbe7dcb06704e2e3dbc282353270b60c01b57f8ded6c6aa5084bc264ea92430f2b3b74b8f16c79e2473b498534c1c8e9972dc33dbff5abde4ec0f95a257f1ba05421c17305bcc411ee30c645d571c39ce4d44c7b393d58fc92dfe79edf83a10a0e0eb52a8a9c1bcffa48321640412d82bf438324a93223342aef3d302d46290615b5905f7f1a978c7edcf35f1b26e366e883eec384b01d186d38a906c5b33a365\"","dc4_server_salt":"\"fe5cd59bf9724956\"","tt-global-state":"","dc1_server_salt":"\"e464971d3df247ec\"","auth_key_fingerprint":"\"7f1047af\"","server_time_offset":"0"}
VM38:1 —————-
undefined
k/:1 Uncaught (in promise) {code: 400, type: 'LOCATION_INVALID', description: 'CODE#400 LOCATION_INVALID', originalError: {…}, input: 'upload.getFile'}
