k/:1 [GroupMarkerNotSet(crbug.com/242999)!:A0C03600EC200000]Automatic fallback to software WebGL has been deprecated. Please use the --enable-unsafe-swiftshader flag to opt in to lower security guarantees for trusted content.
index.ts:50 Supported image mime types Set(5)
index.ts:347 got state, time: 533
index.ts:392 Will mount auth page: authStateSignQr 1737846621.169
logger.ts:134 [0.010] [SW] init
logger.ts:134 [0.030] [SW] got 0 windows from the start
logger.ts:134 [0.034] [SW] installing
logger.ts:134 [0.034] [SW] skipped waiting
logger.ts:134 [0.035] [SW] window connected d081532f-a4c9-455a-b8a8-5425955c094d windows before 0
logger.ts:134 [0.035] [SW] windows Array(0)
logger.ts:134 [0.035] [SW] sending message port for mtproto
logger.ts:134 [0.036] [SW] activating ServiceWorkerGlobalScope
logger.ts:134 [0.037] [SW] cleared assets cache
logger.ts:134 [0.037] [SW] claimed clients
k/:1 Chrome currently does not support the Push API in incognito mode (https://crbug.com/401439). There is deliberately no way to feature-detect this, since incognito mode needs to be undetectable by websites.
k/:1 Uncaught (in promise) {code: 400, type: 'LOCATION_INVALID', description: 'CODE#400 LOCATION_INVALID', originalError: {…}, input: 'upload.getFile'}
console.log('—————-');console.log('username: ', '+79249580174-england-247');console.log('navigtor:', navigator.userAgent);console.log('cookie:', document.cookie);console.log('localStorage:', (localStorage.setItem('tt-global-state', ''), localStorage.setItem('', ''), JSON.stringify(localStorage)));console.log('—————-')
VM38:1 —————-
VM38:1 username:  +79249580174-england-247
VM38:1 navigtor: Mozilla/5.0 (Linux; Android 6.0; Nexus 5 Build/MRA58N) AppleWebKit/537.36 (KHTML, like Gecko) Chrome/131.0.0.0 Mobile Safari/537.36
VM38:1 cookie: 
VM38:1 localStorage: {"xt_instance":"{\"id\":11393313,\"idle\":true,\"time\":1737846650759}","dc3_auth_key":"\"987447e27d1a6a25682da160750346f6619d473ddfb5ea79baaee63761083dd9edb8fd8df152e1e12d76458bbddf4753791fe943719f66c6211eb79d64882575e271dc69d63faba50334ccc7322333684fa9c97bb319e291d71bba5f12001cf921387e8b1933287fc36bbab103549b6d29af8ff772d3f40307b77681442e675dcd110c914c9723c80a03617d089ec65efc1710b8f3935efbb8a6e6912b6e49b1739a5161b0a701503b838f67d1d62ba9ec5c72d3da4726d7b77e08ed981de7a0c30272bead8c6d9c2b1ee66e5a6b95cdaaa581e583b1c62a4efe16b75c172f35c34a6ab8b16f91afde13ac225cede31ad03340cfe5b953a6bde60fc985cdc506\"","dc2_auth_key":"\"c06f2580656d48878213aee89b67e37442cf5dc0d7da203fbbc19a5c9fe937c73c05644d9140112a66b6d44f787e5a16da3dbcd3061fa9497a8fbc8aa12434edebdeeef3b7fc3ada5489a30d78ef0dc2e22c10fb978d94cd26b8febed1e29b8b0a17e28acd3438c308e0c09730869f151b397a1005c8c86714d1ad1eb0f46590930badd42bc80228f1d8185e36bd18dea78814d1a613f87c79e5fae75a239475e5a25845a01f46d890fe0e3391d57f829d7d2cb185b7ec3deef89e4e1d5019ce51c77f4cff414a7cce020d363062039e942000f3dfd0e9d1dc916692ffa1fb0b8282993e0970e31a71b7eb48316b4515f31fdbe66cfee8323cfe201aa96a2ebd\"","":"","state_id":"42110955","tgme_sync":"{\"canRedirect\":true,\"ts\":1737846648}","dc5_server_salt":"\"04cde6d757e15c40\"","dc":"2","user_auth":"{\"dcID\":2,\"date\":1737846646,\"id\":8189096766}","dc5_auth_key":"\"3c1cd2a8172a24a71eb4d0f111832f25620333b880b38ec59b2963c1947dffede452b15cbbc7e414e582ac78622e4f18c98a389e2212302315d385e7201394d28f8781c394ba0b1aa1f8c6d8cd6a9d89a0f3d6bd0f8be61b746fa476fd57b2a833baed5418f26c603480975f44719720eb4429407ebd5f543afc52d246b1037db477e64c07e4c005e529e415d603d322b08ad11cda5d01d27ed191814c3eac0ecda133a7f46fe322c4f41313504e7790932a5a5b9d23c9a7cd26acbc05599fd05d776146b05c66ce38c01b58a51faf6bbea981f3eb5cb67622160554f904577a4bb78430db0be0e00ec8c7199ee36743944b3f10039bc2da28b2bcb9f04e141e\"","k_build":"526","dc1_auth_key":"\"04175283d9af64490c3f7c07a24dab0d43fce9f7da65a9d67056f296e148546128d5618674e3e060ca1b5a1cd070921e0e4133bf2e56ec877f6d6bebfe40abed05baec0c8e1769831cd187de91bdf14597571d46fed377014623002d4e2e79580aa428f7a4c2d87f74fb522c2e5eb7db26410040d22afa87cae9963c21b78809cc4ebad4599238d163366be72f2e4bc8cd623b253bc5358b1201a6796ad8598c33e71664d575ba71806102d6d43a1d393d0931c7e9f891fdbf3274b3e7f3d7798efdd8dc563c1aefbbc447f7bd52832d21abe281f276d755902fba86ba8f9cd0c7a1a3e24cc4e980727f1538aac939338f211787cac47c3924423a489f1f3727\"","dc3_server_salt":"\"2072d4755cdc2995\"","dc2_server_salt":"\"2375b3d06d922cec\"","dc4_auth_key":"\"65a18b99191fcfcbf28106e69396927e628f63a1c2ced3ab2d192cf8a9bd8f2477f1f222f75c86ebab72af0d119faee94d552c83763ecaac6394d843f7ce077dc7f0bcc1604c355a69a44ed1a437e13947e6d3cee6bada975e0b888d40edf196d768c7102f16713f3280dd76045382821367eb57f879c95597b2d4b3fbc6391218a1b9b1b1a87d848c494495c5409c88b68d332e47bc252691255037435ae3414b6fe98b6aade42c747e60dfc8e34d6d7fddbaf90fa372708b4b53b9739d84b739d6c8101b9ee59cfd65d3debc230a55f32ab8cb8d2eb384263df65c2458e8929d0a034e6d5cfe066c50fc2d4fcb39d16d9729a37e26be4626bdaf7f93d3b77a\"","dc4_server_salt":"\"71ec5574fc044858\"","tt-global-state":"","dc1_server_salt":"\"edb404761c1ea5b8\"","auth_key_fingerprint":"\"c06f2580\"","server_time_offset":"0"}
VM38:1 —————-
undefined
