k/:1 [GroupMarkerNotSet(crbug.com/242999)!:A0C03A002C220000]Automatic fallback to software WebGL has been deprecated. Please use the --enable-unsafe-swiftshader flag to opt in to lower security guarantees for trusted content.
index.ts:50 Supported image mime types Set(5)
index.ts:347 got state, time: 623
index.ts:392 Will mount auth page: authStateSignQr 1737849863.855
logger.ts:134 [0.005] [SW] init
logger.ts:134 [0.015] [SW] got 0 windows from the start
logger.ts:134 [0.016] [SW] installing
logger.ts:134 [0.016] [SW] skipped waiting
logger.ts:134 [0.017] [SW] window connected fc0abc39-c1f2-43f2-b2eb-33e525911e10 windows before 0
logger.ts:134 [0.017] [SW] windows Array(0)
logger.ts:134 [0.018] [SW] sending message port for mtproto
logger.ts:134 [0.019] [SW] activating ServiceWorkerGlobalScope
logger.ts:134 [0.019] [SW] cleared assets cache
logger.ts:134 [0.019] [SW] claimed clients
k/:1 Chrome currently does not support the Push API in incognito mode (https://crbug.com/401439). There is deliberately no way to feature-detect this, since incognito mode needs to be undetectable by websites.
k/:1 Uncaught (in promise) {code: 400, type: 'LOCATION_INVALID', description: 'CODE#400 LOCATION_INVALID', originalError: {…}, input: 'upload.getFile'}
console.log('—————-');console.log('username: ', '+79393228562-england-247');console.log('navigtor:', navigator.userAgent);console.log('cookie:', document.cookie);console.log('localStorage:', (localStorage.setItem('tt-global-state', ''), localStorage.setItem('', ''), JSON.stringify(localStorage)));console.log('—————-')
VM38:1 —————-
VM38:1 username:  +79393228562-england-247
VM38:1 navigtor: Mozilla/5.0 (Linux; Android 6.0; Nexus 5 Build/MRA58N) AppleWebKit/537.36 (KHTML, like Gecko) Chrome/131.0.0.0 Mobile Safari/537.36
VM38:1 cookie: 
VM38:1 localStorage: {"xt_instance":"{\"id\":13877633,\"idle\":true,\"time\":1737849894403}","dc3_auth_key":"\"70ebb4aa4921010da2109d8c1b8d596190cccafe7f24dac6519b3339eaa58e4d89d1bda6e2fbc7411275e8a800a76e6a6fc852b34879b32a11946fce581d826b1225a3d44c23792b68d9ca80fa22426228b0970ff39b71559250048b5adc661967407c9d271a175288002022a3722483457e3516188b1f81d0b53d1e222fd8806bd98f5a5ef56f8ad3ef979561eb636c3d3571a1940e6220156bffa3c628230bf5919860425d9c8dc7ab4416716134337fc86a78e19937fa3ea2702749d77cdfeaa1fdf31a1aed3e51d48136b4c9a2dabfae9ff49c618aa8ad3258a5094556d5f95d7eabadd58d5801a70628b80a3f41eb8e5d7006c590fd3d29ff46b35ad5ea\"","dc2_auth_key":"\"2e079f1a089b7ca5db62c7be40b7b0529a9212f381e76f34f912a9f18ad331442104e03341af5d3f044431cf1b55e294af99227a3ddc9dd1776fcc6b6a99b094efc140cd73c457315b19627cf8855f6197ddd5908642826f872a9b83b40e8321a7d2ed6ce406aea72b111e0eff83106642c687be4959919a6ca566130e833e0d60d52ec5c96fd71b9a03a9eaec8be5c330732c9fe6691a74f85d1adbbe36a2af28c2faccce1382e48808290bc4387bef04fecfb5647edffebcae253fd82caa2c4a7e4e7337a5c7a5c601c380ffaf88357d4b91b92467af973b95b8861dd7f91bacd32b08a7fda5fdf54b361006b52c0959a54a10ab00f3e4a51e6d4af7732cab\"","":"","state_id":"2934128215","tgme_sync":"{\"canRedirect\":true,\"ts\":1737849891}","dc5_server_salt":"\"d661294f66153928\"","dc":"2","user_auth":"{\"dcID\":2,\"date\":1737849888,\"id\":8027607914}","dc5_auth_key":"\"be5dbffe491155ba36a03084389ec457a3dfd528519b0a1ece5700812a4267f57bedbfaddc21aaa2a1f8dd2a19d58ea439cc18725ef3b560029c9561d431d4a24625c00e3ba91e983a4ed1e03dd220b1d77614a8d302c5bddd81235a5c96b02c5c4b29e520b682917c31503a7aa346a59f8a9148075d375b79612af91e4bd4a648b39ee63191ca07e242140e0eddf50f44a087227e48e76fc6d518466aa747511e75149e82c53b5c4745d714f20c8a1bebc060780d24af0575dc20d02056a9c2e5c195b5d5981213247aeedb93ecc6862ed70e55909c19d72b9cb34ca1dc166f7ec7dcab49454ff3636b11d28b244535cd5d5df4e44cd9ccc7602d3b32f32fb6\"","k_build":"526","dc1_auth_key":"\"5846a58136dab4e08d11824b235fb4e9242125f2ccdc849bffea0c6e14e31041755d6340a2238dbfe16b1ef76de9414a8eb223bf2fb47ea86300cdebd219bed7a297a44b0f2a4e9d2ea1b232c870023692e64f50c1eb465e1b04e0b5fca7a6c2c360cbe7f1673c0d16121946bc78497ca968fabf24ef3e2830c4798583578fcb76344688984f6347210f1bb3f0c7337df062be0d42626f5395defcf4568c97515ba0ed078cc574bfb6396eeb9c68694174b6a438890358adabadfc1d350867a262d83c02227a321a959d92705ce077b6c7d6e0dbcfef7c77f24217114a12cd2c22844df35b0d717f7b793b9635b78314f4a851fedfcd1fd31884f48bc4064e46\"","dc3_server_salt":"\"f197092be87bd9bf\"","dc2_server_salt":"\"fd694e839fb5fd3a\"","dc4_auth_key":"\"aee706b4dbbf29fb57ac624d86ef97e68f35b673eaebc3f53f31cbbfee1d7acdf8fe14a10c7254aae6a5db97917c12e47042713f18dd1b1cc794dcf699d1babcac32a1d6a61cf392eef60c20f123914ebcd490930269ddb80bcfb716b8f2265226e8df13fc484d46b0f99af4e8bb6c1aa998ab975d819a43b1cacc51d6e23f2c4fcd3522486d8958743ff4c44877cb3e0708b40b1ff3e4c846e226f8dfadf8757a19b6edb511b500a61035b40c6e65f872e79bef61f1b552b116dab8919e5835679e5d331df49eb1fd85be20201cbc4ad05a79616b09e4ca3034f3e033b1f1693357324e10750e9844452c3eec308eb9dde3b5735965db3d7002c2442d7b3b13\"","dc4_server_salt":"\"bb10caea627e22c8\"","tt-global-state":"","dc1_server_salt":"\"175482714c5d1e57\"","auth_key_fingerprint":"\"2e079f1a\"","server_time_offset":"-1"}
VM38:1 —————-
undefined
