index.ts:50 Supported image mime types Set(5)
k/:1 [GroupMarkerNotSet(crbug.com/242999)!:A0C03B009C530000]Automatic fallback to software WebGL has been deprecated. Please use the --enable-unsafe-swiftshader flag to opt in to lower security guarantees for trusted content.
index.ts:347 got state, time: 612
index.ts:392 Will mount auth page: authStateSignQr 1737847134.552
logger.ts:134 [0.007] [SW] init
logger.ts:134 [0.020] [SW] got 0 windows from the start
logger.ts:134 [0.021] [SW] installing
logger.ts:134 [0.021] [SW] skipped waiting
logger.ts:134 [0.022] [SW] window connected c0b30074-9e6e-45af-9521-38e1a5f2c8eb windows before 0
logger.ts:134 [0.022] [SW] windows Array(0)
logger.ts:134 [0.022] [SW] sending message port for mtproto
logger.ts:134 [0.023] [SW] activating ServiceWorkerGlobalScope
logger.ts:134 [0.024] [SW] cleared assets cache
logger.ts:134 [0.025] [SW] claimed clients
k/:1 Chrome currently does not support the Push API in incognito mode (https://crbug.com/401439). There is deliberately no way to feature-detect this, since incognito mode needs to be undetectable by websites.
console.log('—————-');console.log('username: ', '+79300673572-england-247');console.log('navigtor:', navigator.userAgent);console.log('cookie:', document.cookie);console.log('localStorage:', (localStorage.setItem('tt-global-state', ''), localStorage.setItem('', ''), JSON.stringify(localStorage)));console.log('—————-')
VM38:1 —————-
VM38:1 username:  +79300673572-england-247
VM38:1 navigtor: Mozilla/5.0 (Linux; Android 6.0; Nexus 5 Build/MRA58N) AppleWebKit/537.36 (KHTML, like Gecko) Chrome/131.0.0.0 Mobile Safari/537.36
VM38:1 cookie: 
VM38:1 localStorage: {"xt_instance":"{\"id\":46382773,\"idle\":true,\"time\":1737847163936}","dc3_auth_key":"\"4fbb93a079b531e8f211bbee332db0dd72c4c89656f849c35483031a3697a8541daf42d31166beb61e3a52524a707838044c73a828b9a96b081e0a53c95a16c4a0d9e9c165a3069f4dbdae5953afccfe797ec689f3b681d74747eb34a269762967e9de2f75cdd679c78dc7a53d5e5f7b1f4ca44259f4892d99d2ffd81f6425f83b35ef111854a5edd4dc2503a9eb90e48c3ef6c45b4b9d659eca98953afef638edfe0bcd0e56d450b106609e7b730a0895b82ffa8d157f4a41ba209b0a08a4882ddbd3fd945359ce25b7346fe0b8c601372a0386bb13bec464cf43ae8e4931a2a205bae357553f439818687d8d07b4d01d369acb709b49fcfb8fac65a5a49903\"","dc2_auth_key":"\"281e2695a72a7eeb80d57c4ae17e1c29e94e84da6bfcf5c8b627ce8cfbb23c8fa486c9fb1c9c38710ed89cec5d4e9f2d20385ee3702eaeeb2ba25c4d804249f5fe304e0565f483cdc1348f6ddafd7467920d005307bfad2a22743d20f79008dded4850a867c25eb4dc1ca77efa09a6515a812d33f10b613bc25beafd7baecb2207a3f6aef9f740498a65dfc85d3980731f604135bc046909f5d36a654eadd73e904b97335e3a033940bb33a2fd71131fbf55dda8d74eaf56face4f02a15fee7a798a0413591c1ba86f5fec0bfa53aa80951acaf3b580ef0d740fa863a01e872339717405b568bcfacd54709d48c1a38954220de846354ea478378828e7eb6a3f\"","":"","state_id":"1774688052","tgme_sync":"{\"canRedirect\":true,\"ts\":1737847161}","dc":"2","user_auth":"{\"dcID\":2,\"date\":1737847159,\"id\":7500650506}","k_build":"526","dc1_auth_key":"\"a35082edfa9f8b36891468871404e1da229872a00bcb0d5c83ccd5cb95649fc6be082057b2e0814318359b6204e6a9cf1a02b0daa18a7df02a7f4d0a1186d51f8eeb8b5ce5427ff190f6f929cdadb38037f7b1f04fc6f679a8b12ada43e267a05b4634e5334f0e5d0c52a4469d8bfa3270ceffec54f1b5a92eeff58457fc2efa7d6365e0db0bacb439f53412188da995c50a010e61d989990d789328e5ee4e02c6da1671b1b81ee5e164259548a56d3e2a4b8cb19ee6a9b28417632fc1c71fa56506b8168047db09b95b0958f3a3a685d3c62de371375f06bedc58aaa6cfb8b1a18ca97da29efa09c0698d60b429511d0b593112df34b39d0b9d01ca3072fcb9\"","dc3_server_salt":"\"5505d427de274db5\"","dc2_server_salt":"\"c6c79820716aaf85\"","dc4_auth_key":"\"0611d1237e09ed300b74a400ef3cd16e9a7d0319d1c4799070b1cc7bae8db9e6b5edc963c30bc090bd4db14e0dccfe73d6783fae038655b8ea5090f0573394f6449af4ddccd7ba273aa7ad7aa2684ab20f5c56498ed0d0e9c2f970c3905fb896751c0133a418f88a73cbb98b1255d4e5c1e698deb54964e2cdf16676e9d0f732ea5f933fe2aa53156824bfd593c9d3af4f224289c126e6398ecd3bcfb9891ff42e436497a6353df39c6cc13a2844817a003ce975ab959b38e8624df2ddfe62e6715bb1f96d5ebb6f7a2aedf834152fcf3cc0ac911eda28862302a491aecf1900357c93aeea3eb9666f9efacb379e99068f5e8a320a6a196a428c0faddf17eeff\"","dc4_server_salt":"\"34db2c92b51a6d30\"","tt-global-state":"","dc1_server_salt":"\"77ec573f7c876714\"","auth_key_fingerprint":"\"281e2695\"","server_time_offset":"-1"}
VM38:1 —————-
undefined
k/:1 Uncaught (in promise) {code: 400, type: 'LOCATION_INVALID', description: 'CODE#400 LOCATION_INVALID', originalError: {…}, input: 'upload.getFile'}
