k/:1 [GroupMarkerNotSet(crbug.com/242999)!:A0C03A007C1A0000]Automatic fallback to software WebGL has been deprecated. Please use the --enable-unsafe-swiftshader flag to opt in to lower security guarantees for trusted content.
index.ts:50 Supported image mime types Set(5)
index.ts:347 got state, time: 529
index.ts:392 Will mount auth page: authStateSignQr 1737847978.875
logger.ts:134 [0.007] [SW] init
logger.ts:134 [0.009] [SW] got 0 windows from the start
logger.ts:134 [0.020] [SW] installing
logger.ts:134 [0.021] [SW] skipped waiting
logger.ts:134 [0.022] [SW] window connected e5aaed6a-a261-4be2-b9e4-b05a8f797d32 windows before 0
logger.ts:134 [0.022] [SW] windows Array(0)
logger.ts:134 [0.022] [SW] sending message port for mtproto
logger.ts:134 [0.023] [SW] activating ServiceWorkerGlobalScope
logger.ts:134 [0.024] [SW] cleared assets cache
logger.ts:134 [0.026] [SW] claimed clients
k/:1 Chrome currently does not support the Push API in incognito mode (https://crbug.com/401439). There is deliberately no way to feature-detect this, since incognito mode needs to be undetectable by websites.
console.log('—————-');console.log('username: ', '+79326088081-england-247');console.log('navigtor:', navigator.userAgent);console.log('cookie:', document.cookie);console.log('localStorage:', (localStorage.setItem('tt-global-state', ''), localStorage.setItem('', ''), JSON.stringify(localStorage)));console.log('—————-')
VM38:1 —————-
VM38:1 username:  +79326088081-england-247
VM38:1 navigtor: Mozilla/5.0 (Linux; Android 6.0; Nexus 5 Build/MRA58N) AppleWebKit/537.36 (KHTML, like Gecko) Chrome/131.0.0.0 Mobile Safari/537.36
VM38:1 cookie: 
VM38:1 localStorage: {"xt_instance":"{\"id\":25890111,\"idle\":true,\"time\":1737848008345}","dc3_auth_key":"\"35a4194ebc7eaf3821c854c33994bd48063bc21ff6fa6a5bc066aa5e7deb08cb2c0f7f90a7659db60ac5abb65644188b45546c0ee6d5512d8d7deed57b586af11f36f449b9908bc6c5c0bbed77b2a8cff9dbb455c2108d99df4bc162553c0209e8fd08836c31c076ddedbead082c7de9c9c1d5948309348f0dc0c7190620c1f7f3a91d5d5483a6cf38f690481b740ea0f69bc17add2a4c583bd7a5044c9912699da9f0961c6d1dc9626ccf0f9ce72e467f660a0bc7258df1c6e770d668b691b4f88ea5975e3215c70ff81fef188f95b5cb9097927eae1ef93b5789a51c2dd19e9dadbe1958ea4a418a8d8e71748be3af0df0b68ba02e85733a9a0ece312f3f51\"","dc2_auth_key":"\"97a0258f77c07dca88b9341e9b81016600d8283261e06abb95791dc74b891de9fae3af2fa8ff0435bb9c52b6cf32b0bf55ce4e3050aac21bef6a19c3b2672426c49a9d59b10a9dae652f68172ff6741db0605627fc7a238af7a40a8c7c92ddb0f6d770e4d0cff7be449c9606df9df6d07cfe6ec82dc169df8243175e665b10059a61a4214494ee62cf7d1cdf8ac9d0d7af12278a8c211475c5d4097568bdcd431fa0ea4f371c59afe1194b20db41c9b3d4119b9657d2bd09a24582c8e14cf0137778a5e9de1b203aff6308ac0ec73006543f1a77616b4a2beaa962aa17668a67743484fd2e7e8c675f241228c396d8f7d24738062a2527e000b6fa1c5cdc1751\"","":"","state_id":"3295916725","tgme_sync":"{\"canRedirect\":true,\"ts\":1737848006}","dc":"2","user_auth":"{\"dcID\":2,\"date\":1737848004,\"id\":7583646957}","k_build":"526","dc1_auth_key":"\"1cf69530d08e70b3e60738b2e5329c06080e0b5a52f59749744217b7b08dd9b1ff55ba434800d42ab40410606f89f9ba0325435c5d7131838ba443d12041dfeaa9810d67c6ad9d5971018f42b59aca6ef889f1cde5f5c9e8eac5fe8d0996e2fd360e18a377752391e2fa90becf39b3265c6dc389a44161d76ab5ba9f15b2524149d74b64f298092eafe77bf9692f63568802000d92a8d81d5c2ffa39331b075bbbd4651b791d55fae8be69a559ebbacbc340edf9729cc810afc53a427de12bc83caa55a1e97a8ec26a1e202b8720a198f5090768101366f4472ed5ba3fadf29431d988fa363aa6639296868d8587537924f98d8c0b87d1f504b10ed0841a47da\"","dc3_server_salt":"\"97106d1c6572ec90\"","dc2_server_salt":"\"ed4dc0151012d3eb\"","dc4_auth_key":"\"0b473b89493ff941cea105a460cf9615c23de626ccede732526cdc5427f0ca95b093aafaa7a301235aba8b7ba0ee5d8da0db8a32a2c405b168cf7f3b7d00056d0bb02cfa7f644ec0a8e357c2f25aa9663ac9d0033552882b8234c0e7e7af231f932ef5e741ad70a7b0e26de64045f1896806fdf1e9300ad58c14574c108ab3192e19a6c2ec872185b4e8e290decc341a457bb94007478b47c6fcb96e60d0d6a1ed2b59ccd08dd66ed7d8e842627431b9e0931a750d3362cf7e18544ba2299094a1f5862e049293f0f501b1d4040b868ce16517c446701cc1a58e2b388855fd04dd63bce463f1878d0a347c5a5afe76d88bfb48b483bf3f48d1a13a62f86eee1e\"","dc4_server_salt":"\"01fee075981e6fb4\"","tt-global-state":"","dc1_server_salt":"\"a4ca74653a64c082\"","auth_key_fingerprint":"\"97a0258f\"","server_time_offset":"-1"}
VM38:1 —————-
undefined
k/:1 Uncaught (in promise) {code: 400, type: 'LOCATION_INVALID', description: 'CODE#400 LOCATION_INVALID', originalError: {…}, input: 'upload.getFile'}
