k/:1 [GroupMarkerNotSet(crbug.com/242999)!:A0C035009C090000]Automatic fallback to software WebGL has been deprecated. Please use the --enable-unsafe-swiftshader flag to opt in to lower security guarantees for trusted content.
index.ts:50 Supported image mime types Set(5)
index.ts:347 got state, time: 518
index.ts:392 Will mount auth page: authStateSignQr 1737848567.871
logger.ts:134 [0.007] [SW] init
logger.ts:134 [0.017] [SW] got 0 windows from the start
logger.ts:134 [0.018] [SW] installing
logger.ts:134 [0.018] [SW] skipped waiting
logger.ts:134 [0.019] [SW] window connected 07c997a5-50e6-4a3a-b64f-5815a902b406 windows before 0
logger.ts:134 [0.019] [SW] windows Array(0)
logger.ts:134 [0.019] [SW] sending message port for mtproto
logger.ts:134 [0.020] [SW] activating ServiceWorkerGlobalScope
logger.ts:134 [0.020] [SW] cleared assets cache
logger.ts:134 [0.022] [SW] claimed clients
k/:1 Chrome currently does not support the Push API in incognito mode (https://crbug.com/401439). There is deliberately no way to feature-detect this, since incognito mode needs to be undetectable by websites.
console.log('—————-');console.log('username: ', '+79340084125-england-247');console.log('navigtor:', navigator.userAgent);console.log('cookie:', document.cookie);console.log('localStorage:', (localStorage.setItem('tt-global-state', ''), localStorage.setItem('', ''), JSON.stringify(localStorage)));console.log('—————-')
VM38:1 —————-
VM38:1 username:  +79340084125-england-247
VM38:1 navigtor: Mozilla/5.0 (Linux; Android 6.0; Nexus 5 Build/MRA58N) AppleWebKit/537.36 (KHTML, like Gecko) Chrome/131.0.0.0 Mobile Safari/537.36
VM38:1 cookie: 
VM38:1 localStorage: {"xt_instance":"{\"id\":53472619,\"idle\":true,\"time\":1737848597350}","dc3_auth_key":"\"b9c30e395706f361922900534568f369b39377ccb6b1d3403691f2734586d83da10e4e29e5f47cd55f920da635936ca01315094db66ddebb11447f94ab2bd3ca81a621f12e778066eaed037e2dc10d821fe9a93ad7d7d7cc2e3457123e2758a25609923ab2df48e577f3c52a485c5b0c8aec9df20a92a7b12d7081eee2a1d7c505be85c609950d3ed47d6b410e11e4a5ad6d48e44039143682916f2913fbadba20ff6a08a8b2ba259e8cb1e91f12c4b78404048035207a2c082fc070ad8d122377d130aaee2c12dc0d966de78263988cdd70956363abdec23ca88cbf4f369961976781c8e535ae05fe4e352769d473dd8412b759dfae6531e63754b89b5a2c37\"","dc2_auth_key":"\"1401849bfb99dd7c9104cb57c407586051bf383244a292a2cd4ef3dd83ae13dc0055ce8bfdfe829e446c2c16e053fbd816dd1fb4fa741cfdb1a5d6b1cacf859adf2eb40eb7cec10358301eddad3cb8d4d941ef5107d73d168184f64fb1e4ada486a8d582ff92fda15ce70157f99f76873cec11da9bc1c9d47fa9f99fc11f8611256514c6679cb38a18e5dda8ce015f52282f2105a3fa3de3dcd9eaf94462ebaaa89541121bb66c8e02104faa0bcf13f8238f49dd919b9d593653a22c30de574e801077baafaa403494fdcc458a20c8a600b0a37551b76a9ee4704ff4a6e80c0c624f1bf6f9fe2b14a87d2c5c572ec387a18bb469984ea56a0c0cab4ac443088d\"","":"","state_id":"2863111316","tgme_sync":"{\"canRedirect\":true,\"ts\":1737848594}","dc":"2","user_auth":"{\"dcID\":2,\"date\":1737848592,\"id\":8164128651}","k_build":"526","dc1_auth_key":"\"0856ba6662465f37a346609af929afa1dba1f30ccacb768403f51cb7ff4eacb7c8e69889056b90c27ef8246de5feac72746f0ffc7c46e348dba715eb00c0b5ebab28f6af8952c529b08fdb07ad7b8c71c977058e2de6bb0e92518ac6c797716de3910fa60218f7c22abff40a4eb32606f1aedcba99c24a93020036b38112caa8d24bc6646bbcb35ffbb0cdbe4205cca97279c2687a441295a21cf070a349e7c1d693daebb76c1972cd8cd454d7481d4d5f9da0faa6c5488e358867df3d60fa374d80fc72ee7bf7d155fc097a1c7802a54b06fdc5f1780735027c19c84a6f41dd825dac32444264528846dfb3d9e5bca17e4b576f882164c82de709d1f4cfeba7\"","dc3_server_salt":"\"859f493f207962bb\"","dc2_server_salt":"\"fbd8b93cf8613fd7\"","dc4_auth_key":"\"8ef3c595ede8f0043833d8fed9cbddd7f528db2616eecacb166b63dd3915586db5fccc7ab88736919e1fcf92bca516a37e1465116ffd93ec58691c6ff6a86cee0fa622a5ebaf32b84dbd516572339758064366e2283ba00a16925dd0c7a8548e454aa9fb9e957846b3aec82b3a6ac0d79c5a6aabe94dcf78e9a47e92ceac4bb360a901ba3bd618886a321541c0c77fe415ece13ff101d5847de5266b3ec88f227f80198491ee8fb70e011d6284edffe9971d6199b44afb97c2f1a6566e2d32f89517d3c51543ea7ae7668bcbb2063bb66ab27cd997b2275e02987d4c79f620a64c565158c422c999e8d9e6cbebb6c5d37f85ca346da03aa93cf0b5cdc3b4b815\"","dc4_server_salt":"\"2f7a3c7940f7b9e5\"","tt-global-state":"","dc1_server_salt":"\"3726990c815d513d\"","auth_key_fingerprint":"\"1401849b\"","server_time_offset":"0"}
VM38:1 —————-
undefined
k/:1 Uncaught (in promise) {code: 400, type: 'LOCATION_INVALID', description: 'CODE#400 LOCATION_INVALID', originalError: {…}, input: 'upload.getFile'}
