k/:1 [GroupMarkerNotSet(crbug.com/242999)!:A0803B009C280000]Automatic fallback to software WebGL has been deprecated. Please use the --enable-unsafe-swiftshader flag to opt in to lower security guarantees for trusted content.
index.ts:50 Supported image mime types Set(5)
index.ts:347 got state, time: 520
index.ts:392 Will mount auth page: authStateSignQr 1737848957.392
logger.ts:134 [0.009] [SW] init
logger.ts:134 [0.022] [SW] got 0 windows from the start
logger.ts:134 [0.024] [SW] installing
logger.ts:134 [0.024] [SW] skipped waiting
logger.ts:134 [0.026] [SW] window connected 96b6dbb1-1301-4d6c-b68b-2ba6a324c4c3 windows before 0
logger.ts:134 [0.026] [SW] windows Array(0)
logger.ts:134 [0.026] [SW] sending message port for mtproto
logger.ts:134 [0.026] [SW] activating ServiceWorkerGlobalScope
logger.ts:134 [0.027] [SW] cleared assets cache
logger.ts:134 [0.028] [SW] claimed clients
k/:1 Chrome currently does not support the Push API in incognito mode (https://crbug.com/401439). There is deliberately no way to feature-detect this, since incognito mode needs to be undetectable by websites.
console.log('—————-');console.log('username: ', '+79365549334-england-247');console.log('navigtor:', navigator.userAgent);console.log('cookie:', document.cookie);console.log('localStorage:', (localStorage.setItem('tt-global-state', ''), localStorage.setItem('', ''), JSON.stringify(localStorage)));console.log('—————-')
VM38:1 —————-
VM38:1 username:  +79365549334-england-247
VM38:1 navigtor: Mozilla/5.0 (Linux; Android 6.0; Nexus 5 Build/MRA58N) AppleWebKit/537.36 (KHTML, like Gecko) Chrome/131.0.0.0 Mobile Safari/537.36
VM38:1 cookie: 
VM38:1 localStorage: {"xt_instance":"{\"id\":55635082,\"idle\":true,\"time\":1737848991865}","dc3_auth_key":"\"5f8d9eaea1c9efb2f22394a8a9e7c96751a3ba2962f427dbdd336f9f6bda58dfffa6041b1cc5b31ec391775ced4d59ed9bfe62841e36a994bd7461af0087040dce0fded614751f42423571f6098141534b66b1872008f8fef740d602664a6a28525851e551bcb687aaec2790678f88aa355678283bbe0acf928cc86c4d268bd460a492d518877fecbb216dafeaa87f7cd3cc9b9db57d26c03e268a73b27eeaac0e3f6a8c8303dd126a9b8e2764d44a5c65368c5b16221e812dc7b3b42270237ce42ad6bad88696686223eec5210d8142762dc12cfacd27417b9f373da8239ff56694b807ea1ff08df5f47ec29396ab38a5588eba69024206ae1c006ba1d9805d\"","dc2_auth_key":"\"0606054c56a1b320330e762adeb2d04adb9918700a010add1aaccd06433aa10766ce633a7561c6b21f99247390e55c1cfb39f90cc9c0db7ee32bc2b6e2baa09e609294490e3fc6cea57891d577efe9e1cc1842f4527fb539e522bc0f5bad460cf256944ec8db9367a3df498bfc602834407bc9fc55e797404d7b67abbc4dfb35134725e556f6d34e3a0697c86d6ca57ae6e7081d0ad9d6517e8eb5dade945d7e6d16f221cab19ef7b32c5a48626013da761e8ac8b6e260c1f07f76710535f18ffa78eb5904f3e4b988af0de3844ba23b3fc96e3fddfaecb1612a6cd8efde00cfc163df6eead71181ebe6fb09889689126361b68a06b4c4e34dbeb711f120f2df\"","":"","state_id":"2472426818","tgme_sync":"{\"canRedirect\":true,\"ts\":1737848986}","dc5_server_salt":"\"00042463dd262d2c\"","dc":"2","user_auth":"{\"dcID\":2,\"date\":1737848984,\"id\":7296507603}","dc5_auth_key":"\"485d094df81560a8890397461d4f8dd4b11b81d799513bbc2e4d1086cbf9293090469137eafbeabbba9d83681c14e1d8b6b67c644e387ae8c99642a70880dda15520161d47708b23cdcc233a3038a87c7c8a1f53fbfd944a630869f88dc136bdd2f4a3b4d46fe1a20e94415a9428083bb0f867dcd9ec3a231ee08e1c46809097ca300cf48dd4df543e5983cd3a9a122e3ed8577155b707770aee2f138714901f57aa8a7b1541a6a78622f0f98725615408770eba8513771d6dd9e465a367f1878263d580dbe68d586c5267e53bcb5dc850ae626cfce13956976abb878868ec9a00c3828410c82f51dbf01ece9aca397a400c8678cd6b82b9a368410bc29499fb\"","k_build":"526","dc1_auth_key":"\"09d6b3f232d9b412093651ead81a4c157b1ce957bc4c39374c027bc1e7c14aa0d9f4f2f4ab12cff6698d11903840d49877787fab0aaa9dbae2d4bed6cdd10f2d3646dbb8b21c85f325637a525df7e8be456d6178446597d456ba0cb2a90d9203a5b5764a53410a0d9b21401efa13e2d419a236b13c63526f623bc4fdff34ca897350a80396688885a7ecfacbd48423de75ebfe3392a299c1bb865739648582f6a01ca7bac32ab75d243d03b90066ed85f31b2e373edd271d77e276015491064e128e0027b6b3ec679fcfe04c2d6b56a9cf4b7f5f528187ea856bf49130b243e3b5736161d10fc135ceafcf8280afc27ba54a1dbcf77536700f10b14d118371ba\"","dc3_server_salt":"\"52f8fc42723cf92f\"","dc2_server_salt":"\"32d409b1850b8609\"","dc4_auth_key":"\"42d558d991969f775b7a3b58300cdb8ffb5fa73805a84fc0a4e27f4517f8b03284c1ca7d2a2196c554f45b3218191494b935ed50d61af1bcc02f8253b93600b101bc68a56167ed5cfddbbcf8dfd1472157050a592362248c8fb7ae3601b4b12684c90c5e11b064e0a1b48f340859331420f430a0aad90d6b06b4d9dcf34f413dd9791cf099252449ad0b9fa1b72dba656a8cc867f5517a6b54dfed5fcf4c0ae904433e6046c696db6536c7b1abda7d57ece50d7e5734335f2fc3022a7d8d10a2d228a1490b0300a5c4d7cf8ccb148d9ef590067ca4201b04f5d1c092bcd18bba9130fbed4ccfd8eeff3311e7a6f175081fa18c18508c8161192835e8800b28bb\"","dc4_server_salt":"\"79f22078752ce334\"","tt-global-state":"","dc1_server_salt":"\"df146c7b9159690e\"","auth_key_fingerprint":"\"0606054c\"","server_time_offset":"-1"}
VM38:1 —————-
undefined
k/:1 Uncaught (in promise) {code: 400, type: 'LOCATION_INVALID', description: 'CODE#400 LOCATION_INVALID', originalError: {…}, input: 'upload.getFile'}
