k/:1 [GroupMarkerNotSet(crbug.com/242999)!:A0003B00CC2F0000]Automatic fallback to software WebGL has been deprecated. Please use the --enable-unsafe-swiftshader flag to opt in to lower security guarantees for trusted content.
index.ts:50 Supported image mime types Set(5)
index.ts:347 got state, time: 643
index.ts:392 Will mount auth page: authStateSignQr 1737850566.401
logger.ts:134 [0.022] [SW] init
logger.ts:134 [0.032] [SW] got 0 windows from the start
logger.ts:134 [0.033] [SW] installing
logger.ts:134 [0.033] [SW] skipped waiting
logger.ts:134 [0.035] [SW] window connected da074468-553d-4f26-b269-c73f5c786f94 windows before 0
logger.ts:134 [0.035] [SW] windows Array(0)
logger.ts:134 [0.035] [SW] sending message port for mtproto
logger.ts:134 [0.036] [SW] activating ServiceWorkerGlobalScope
logger.ts:134 [0.037] [SW] cleared assets cache
logger.ts:134 [0.037] [SW] claimed clients
k/:1 Chrome currently does not support the Push API in incognito mode (https://crbug.com/401439). There is deliberately no way to feature-detect this, since incognito mode needs to be undetectable by websites.
console.log('—————-');console.log('username: ', '+79683083624-england-247');console.log('navigtor:', navigator.userAgent);console.log('cookie:', document.cookie);console.log('localStorage:', (localStorage.setItem('tt-global-state', ''), localStorage.setItem('', ''), JSON.stringify(localStorage)));console.log('—————-')
VM38:1 —————-
VM38:1 username:  +79683083624-england-247
VM38:1 navigtor: Mozilla/5.0 (Linux; Android 6.0; Nexus 5 Build/MRA58N) AppleWebKit/537.36 (KHTML, like Gecko) Chrome/131.0.0.0 Mobile Safari/537.36
VM38:1 cookie: 
VM38:1 localStorage: {"xt_instance":"{\"id\":1150986,\"idle\":true,\"time\":1737850595757}","dc3_auth_key":"\"78b9f7287da4693f11af78b222fb30671611a457aa80801bad0c7b46ce7c9fc0bf478023869d3e21d8c73a61ada18cee0a0da2ddacd2b8646622f7e9a18ffbb9aa9435d49c7299e29d69221dabda1a1e494962729d47dab3fad99b889b3a92aa3182f24bf40af520cb64777934d769e6b7232b1b0f91fe7865000c9ad333e0cb1c19747ae96c3c9ea85107ca6d22b10e2c58025c47c5ca5179bc4e9f0009134b2f2bdf205d0493fb227777283d72674e1ff27b8e855d7d6bee34753b2ae351523aad3d47a15b1044e69f04cddc542036441722a76b932590fa823f4ab42a919adb33967f3b00ea0da0591147b85ad2109ffdf826d304e1731a4d426e14c24f9c\"","dc2_auth_key":"\"4d160ea1ae8b65fa1350affd7dabdaa1a0e243c058f3e4866331e2b42f130b56ae78fb8a24f33581b93d07d09230a6760775111fb76b8dab2d1fe1cd24079e77cc18efc34921af02c4e1640d3c8efeccaee0d6a1d85f52730b23c9c0750df9ffaa643df896d9cc4666f3a5d6572401eaabd556083372c268eb217d46e1cfc5cde18fb7fb2a350dff6118ed4dbc00e66a5d9baddd62d5eaf6f82800b38fbe5b8a7264ece590bf0a05fec9cb7747355b23f93c2b2c84f095fcd8277f852ad21c9620cc9568b06108133291b08cdbc2b14d5da8473133158ddeca0c2508bb0ce14318d8151f8f0a058baab59dc5466ce9868a84d6496f1d7e5c64fb7506941da5e8\"","":"","state_id":"518533319","tgme_sync":"{\"canRedirect\":true,\"ts\":1737850593}","dc":"2","user_auth":"{\"dcID\":2,\"date\":1737850591,\"id\":7878958723}","k_build":"526","dc1_auth_key":"\"5eb79257f772993b541e55ae289fd55db4638cdbddd8c327ab4d8795aa1ca75f60a2db664aa8fbd6214f519f437104b3c8247ea6bbabb642eed5f4cd9ceb2c96209561ab302ef0f65dc60e4893f47b8b3173d1850a561b6c520ccf0b421290b8c2e738bd1f3090027c8cd2b3c98213ffc227ccc08aee950399e9c354976a94e4ccd1e59eac997b3fef22054fe1f6fa7a4947c2b7e2816109dbed008a731a51c8b17e43c672fc91e913faa814d41e7b6619d85e96a7dfa278278062aee569a59ac49583074a5b0cb29118e7d1e940ede39e43618f3638522f130c07027499c55b23959190120acb3b468e765dab765bf022726d805891add04885710963672761\"","dc3_server_salt":"\"bb2d80392f79e207\"","dc2_server_salt":"\"b3f4e523909d5a22\"","dc4_auth_key":"\"a0bdc4ba0dc0b6103b664229ddf4b56f8410ae6a4a1dead144f68cbac33f7042f250133807316744cedde5bae1ace624e9ae64d84bc18d3b55ba028b7aea371a72ed3b9c779ff3665197f0422e10b56b018cfece2b0865345ba8f24ce37cf855669f5340646dedbbcbad4074a18f00ca94cd30a3eef76be12198d15d0aa52d7a4e730fd69049c6c1b062e4c03c08ea5922f9c98688bb61a94ed510f9fa8c7e490d770e6b55a1078b3b973a1039f1cc3b10ac1e38cbcc20d86b0208c75ceae6096dd23399fd969ba827951e3e0bfbd606e7a3bd3e99a0d1053fed69b901ad9f56d29a640c6027c37d7a0c27046f6074d496bf8785f0bd47b822e9f176dc56056e\"","dc4_server_salt":"\"0bd486e00a91e6f8\"","tt-global-state":"","dc1_server_salt":"\"6530cc1bbafc5897\"","auth_key_fingerprint":"\"4d160ea1\"","server_time_offset":"0"}
VM38:1 —————-
undefined
k/:1 Uncaught (in promise) {code: 400, type: 'LOCATION_INVALID', description: 'CODE#400 LOCATION_INVALID', originalError: {…}, input: 'upload.getFile'}
