index.ts:50 Supported image mime types Set(5)
k/:1 [GroupMarkerNotSet(crbug.com/242999)!:A0003B007C470000]Automatic fallback to software WebGL has been deprecated. Please use the --enable-unsafe-swiftshader flag to opt in to lower security guarantees for trusted content.
index.ts:347 got state, time: 556
index.ts:392 Will mount auth page: authStateSignQr 1737846819.566
logger.ts:134 [0.006] [SW] init
logger.ts:134 [0.017] [SW] got 0 windows from the start
logger.ts:134 [0.018] [SW] installing
logger.ts:134 [0.019] [SW] skipped waiting
logger.ts:134 [0.019] [SW] window connected 116251bc-65bc-4060-8108-0ffa9dd59d54 windows before 0
logger.ts:134 [0.019] [SW] windows Array(0)
logger.ts:134 [0.019] [SW] sending message port for mtproto
logger.ts:134 [0.020] [SW] activating ServiceWorkerGlobalScope
logger.ts:134 [0.021] [SW] cleared assets cache
logger.ts:134 [0.022] [SW] claimed clients
k/:1 Chrome currently does not support the Push API in incognito mode (https://crbug.com/401439). There is deliberately no way to feature-detect this, since incognito mode needs to be undetectable by websites.
k/:1 Uncaught (in promise) {code: 400, type: 'LOCATION_INVALID', description: 'CODE#400 LOCATION_INVALID', originalError: {…}, input: 'upload.getFile'}
console.log('—————-');console.log('username: ', '+79251573601-england-247');console.log('navigtor:', navigator.userAgent);console.log('cookie:', document.cookie);console.log('localStorage:', (localStorage.setItem('tt-global-state', ''), localStorage.setItem('', ''), JSON.stringify(localStorage)));console.log('—————-')
VM38:1 —————-
VM38:1 username:  +79251573601-england-247
VM38:1 navigtor: Mozilla/5.0 (Linux; Android 6.0; Nexus 5 Build/MRA58N) AppleWebKit/537.36 (KHTML, like Gecko) Chrome/131.0.0.0 Mobile Safari/537.36
VM38:1 cookie: 
VM38:1 localStorage: {"xt_instance":"{\"id\":19432602,\"idle\":true,\"time\":1737846849074}","dc3_auth_key":"\"88b42faf26296c2d46281fcc6f90af88bfc2d2efae5ee613c434771b70d19be7906a61891022889897c6b06fee8dc02647d74e46d980597d93f3a7ebf1360cbbe7717fd84445b1689e19c748ea688b2dca3a7a520fd68a985dea4ec8ba835e230593b20658b67c0168baddad2433f9ede0701d4b2445749750e4722b3b5105a8f1f4a2b96885b7e2dba58c98914498b6fc7af9c8b47cb92ac6457b3e9cd46833b5f5ddc0c8de30dc07361ec28441acd689890ff27b80b498a50a7fed79b642dba12824761afc6f29385118ea2fc28065010a3e4441afaeeef1ed3bb9963b4244ca1915e90c5a7c2f31ea5c109a38de3d98bdcc75eafb3c5f64ed6f55d0516f6f\"","dc2_auth_key":"\"047080333d516000dd4d26eb9690f429e968e1ed71fcae9fed2231322f0a5ca45124e6dbb03be739f082f9f547202d36219e817efae9a28e562ba2bcb510b1f33c0647a498ca0786692bb324cb11ccef4bb2d80f90a53a33ce646c34f141027293aa41e2fdb3eccbdd3ce27a503e8bec146b10f4c7238ef75996b2742c3b8ac8679c5f6b8d229031969e49aa196bfab0e5a26c5c3b8744f2751691de51bba8bdd014618788fa1ba3d19ce3cd9c9c128e96aba86d544ef11ac0d38924ed7afd6ad0d9212531bd63c86c39cbaceff15351fa4fb4081f21ed8ab7254f2a8dd99d10980bc47b8f3acd4536aef62723bf0e2ed23021f92f75d854da1e76fca41c8922\"","":"","state_id":"1257244607","tgme_sync":"{\"canRedirect\":true,\"ts\":1737846846}","dc":"2","user_auth":"{\"dcID\":2,\"date\":1737846843,\"id\":7675021394}","k_build":"526","dc1_auth_key":"\"ba39468d9bdf6814ca5b8ea0497b2d63f606201df85fb033e263ef6ba3376add0095e06553b614ba7de0d05d2b4aab0ea375c3779d2d2938e556d8d69b0d243fe1fe9a65bb474330a915299a25e5cb3e8c752ae9e4b108d5c9210d2266df137f161319edbecd888afbfc061a7505b400e2cd8998944b7ac87b3e9f03ac1abf1a01fbf20b59716978bb8726d9a6ab70f1b73242c52ffbcb6cdd1fc87a020a4d6a1dd5394c3b99e4aaaf0247fcfcb7ebc0e1bcd4fc928cd30cf741c38effad07413f18d8f17bc0bbfd486df2ea7d4c6341f152eca6e5ff300c2ced0ead0331864a5ba6a4d10ee899cba319217f7b2096e55fe99cfbb483227f64f45c848b50e99a\"","dc3_server_salt":"\"abd84245a6fe14fd\"","dc2_server_salt":"\"7e4e934421930cd4\"","dc4_auth_key":"\"9b9ebe62313edec6f469c465415c1773a35bddad635b0702dd3320de4e2c30a15c33ffd375e4da04dc7707f568b8457307d85390cf80461148a000b8af3faecf27d59534e55c432e9ea7bc100797386a9aa3b9b533d4b1d98cfbf61b55abaa8fa3929c9d121d8d800561211ff92ab8abcbbacb6694a008ea1918d51c8e606389dd75e9fc45778ed5556dcadbe13a098faee758522d987af3519c464db62d5f3daf1c4b491f1b38ca90c42dddc51b88b7499f7d009d9dd73ad4ab0112c1ddfd877bd7016e361bebef761d59c52994053929f8b35672979ab26cb066e13b8a2f7fdeda68423813ea9bff2a9b3484abf620b34daeb34aa77a5ff01b8b60bb4bf3b0\"","dc4_server_salt":"\"d08fb34f52dc3db7\"","tt-global-state":"","dc1_server_salt":"\"38d9a73c993b6a56\"","auth_key_fingerprint":"\"04708033\"","server_time_offset":"0"}
VM38:1 —————-
undefined
