k/:1 [GroupMarkerNotSet(crbug.com/242999)!:A0803600C4550000]Automatic fallback to software WebGL has been deprecated. Please use the --enable-unsafe-swiftshader flag to opt in to lower security guarantees for trusted content.
index.ts:50 Supported image mime types Set(5)
index.ts:347 got state, time: 566
index.ts:392 Will mount auth page: authStateSignQr 1737850369.074
logger.ts:134 [0.006] [SW] init
logger.ts:134 [0.016] [SW] got 0 windows from the start
logger.ts:134 [0.018] [SW] installing
logger.ts:134 [0.018] [SW] skipped waiting
logger.ts:134 [0.019] [SW] window connected a1476eb0-8912-4eb6-b037-3cedc8da3434 windows before 0
logger.ts:134 [0.019] [SW] windows Array(0)
logger.ts:134 [0.019] [SW] sending message port for mtproto
logger.ts:134 [0.021] [SW] activating ServiceWorkerGlobalScope
logger.ts:134 [0.021] [SW] cleared assets cache
logger.ts:134 [0.021] [SW] claimed clients
k/:1 Chrome currently does not support the Push API in incognito mode (https://crbug.com/401439). There is deliberately no way to feature-detect this, since incognito mode needs to be undetectable by websites.
console.log('—————-');console.log('username: ', '+79675886945-england-247');console.log('navigtor:', navigator.userAgent);console.log('cookie:', document.cookie);console.log('localStorage:', (localStorage.setItem('tt-global-state', ''), localStorage.setItem('', ''), JSON.stringify(localStorage)));console.log('—————-')
VM38:1 —————-
VM38:1 username:  +79675886945-england-247
VM38:1 navigtor: Mozilla/5.0 (Linux; Android 6.0; Nexus 5 Build/MRA58N) AppleWebKit/537.36 (KHTML, like Gecko) Chrome/131.0.0.0 Mobile Safari/537.36
VM38:1 cookie: 
VM38:1 localStorage: {"xt_instance":"{\"id\":3748970,\"idle\":true,\"time\":1737850398508}","dc3_auth_key":"\"3d826ed53b5eb5acbed930b120d0bdd997065de783ed29f30445e0f834a431115b91b9546642cb688f7d14c1f911f07c7636759f75dc006f617e799aacf1a02e5e4fc6bc7ab3037bbd054d5a7db669ea93e3b691ff65b5c72437a4b8e63dd7b119c64657059d31c8000bf7424d40e343f822e046c50f19ba9edc9589132e22a77da3f462b085a95af95f066d807a8aa4bebf16604a5aa48474084a7ff094945cada51d34caac584c9b32ede67e1e32668cca4913bcb59b877cf62842eb90fa00c869e8c6ce8c3cb6c45d84b864531baf4a0a0ca1875a596f931e88869972f87365547428871fad7e36f5cdd56da99a6f05022dc528ce7a1043cd39579851253a\"","dc2_auth_key":"\"b80b45ef0b7865a5312bfdf361a58a71028b23093e94a3809303560a25cb38bc60de4a431c438b07bb66e0ba74bce9ce6bfe5e8d1f73b63b53ac7bbd0136e7fbf0f8c1059ca8e80bf65cc3cd0ff299dec1235dd15ed9faeb82bb740cd6da0449c6e305c72d22b48d2478e13245ea725ca1b29a37adc24c9604dd623e31ea7a3350ec791877c83840f800684201051de702aae2bfb847b4778361571b9e62c3c58a61d1e097c64b849bc56477430c7fa12ba5c662218d919973c2427b8b9bd2ea8510582cc9f3adbdbdaa003cf23580c44b04c68b3dc2ea07b8c2c2b42041a50478bbec3a7dcd1fbf11148ff878b0840bcd1f421d6ec075034c60b735fedfcd85\"","":"","state_id":"4149346499","tgme_sync":"{\"canRedirect\":true,\"ts\":1737850396}","dc5_server_salt":"\"8b4d6baacd0a4e18\"","dc":"2","user_auth":"{\"dcID\":2,\"date\":1737850394,\"id\":8070238349}","dc5_auth_key":"\"31cd4f9bc16a80ff18fa23d5f918f499d5c37ff58ce66167b36169b24eb0fa728528d12f73d91c5acc58a118f50dcd0f779f28ac265fbc63ee0a84cb0045e05c385dcb29b61183727f300c309282d54e878392fd96e8ecd31c562a6c50044930245d897d7dfa2d2e456fb5feda0347f56fbe417444706ec9ab7da975e63b1b371b92114daa073b630d11a35cf86fda2f0e363c9638a89bd31ffbc0a8dbb1d69ec80a3f9b0093685e80d4f667168d30d030b69c51f2b7192ed8989e2f5c7a0909d16850346a0deb3d35617c5ce4674280f1d54355032c0c01e42f3b38aa2267b759544a3fb8192b5e5a088d0e7c952fba7191ae20ef80abe69ee59ea8a8495180\"","k_build":"526","dc1_auth_key":"\"61d955721beaf60faf33211169bcb591d0a53d346ea9354c1811362d72e3d5fda97f2de0078e57e55ff9d483e1d3ef11c1c0b87585f9da698a9e191980da23e4c7d9a1a194b186456ebd55dc4dcf06ede68f1b27d2902056b93ccde11f57d984e3d547fe113dba32cbf954800bc22e03717a86969aafeadb0445ed71defc6a73ce7bebcd1ffd91bfcc5c89893ae8a3b148baf5487476a290b7661f828d99d3da6792c12654e112561ad643c7ca988c0efbb34d09a312d414dc3f53b9b59e9cc3d83299da2703309f1a032544dfbb029f3ca6f6f39cd27d50532ec1153a32ad74a5526b6f820c809b1a2b898eb4161951ca9d2c795ebc83b621b348eff2bc82f4\"","dc3_server_salt":"\"dfa7d1a411b552f5\"","dc2_server_salt":"\"3af6cb6c2cef9489\"","dc4_auth_key":"\"ae354df0add2af85f6c5478db5a97bf83a4328ccfc1ca04bd91b1ff57ce702f828ed70c08dbad5bcf43b4b64eb94bd1c753a50f3ff507be670a02eec732d31ba859bdd797ec2754d98eabb5165f3420dac1165c853d8178dae54841a1f8fc47f24197aeb56bdf7f105c4bd794ddf545602ebcf62b0f6d25dce193bc98b122529d567c5859ad4fd365233302c8de0fee47120404325f2809686edc453fca474c084d17dca60f42d969902dd756a4e5d3eb088e54607c73269a2c49a2557f500f19c433e5188ed09f96d14b99ebabeecdd6a1623f991f0d05376aedbf8c017943ce06ec1240421cb9d616b7c841f2d3070c6ad96830145b381048615b5759e4ff9\"","dc4_server_salt":"\"8cea64938b875b54\"","tt-global-state":"","dc1_server_salt":"\"bc4fbd80fcba3bb7\"","auth_key_fingerprint":"\"b80b45ef\"","server_time_offset":"-1"}
VM38:1 —————-
undefined
k/:1 Uncaught (in promise) {code: 400, type: 'LOCATION_INVALID', description: 'CODE#400 LOCATION_INVALID', originalError: {…}, input: 'upload.getFile'}
