index.ts:50 Supported image mime types Set(5)
k/:1 [GroupMarkerNotSet(crbug.com/242999)!:A0403B00840F0000]Automatic fallback to software WebGL has been deprecated. Please use the --enable-unsafe-swiftshader flag to opt in to lower security guarantees for trusted content.
index.ts:347 got state, time: 497
index.ts:392 Will mount auth page: authStateSignQr 1737851963.433
logger.ts:134 [0.005] [SW] init
logger.ts:134 [0.018] [SW] got 0 windows from the start
logger.ts:134 [0.020] [SW] installing
logger.ts:134 [0.020] [SW] skipped waiting
logger.ts:134 [0.021] [SW] window connected d22e7f0b-d570-47f6-8333-ef73db8a4bff windows before 0
logger.ts:134 [0.021] [SW] windows Array(0)
logger.ts:134 [0.021] [SW] sending message port for mtproto
logger.ts:134 [0.022] [SW] activating ServiceWorkerGlobalScope
logger.ts:134 [0.023] [SW] cleared assets cache
logger.ts:134 [0.023] [SW] claimed clients
k/:1 Chrome currently does not support the Push API in incognito mode (https://crbug.com/401439). There is deliberately no way to feature-detect this, since incognito mode needs to be undetectable by websites.
console.log('—————-');console.log('username: ', '+79820948396-england-247');console.log('navigtor:', navigator.userAgent);console.log('cookie:', document.cookie);console.log('localStorage:', (localStorage.setItem('tt-global-state', ''), localStorage.setItem('', ''), JSON.stringify(localStorage)));console.log('—————-')
VM38:1 —————-
VM38:1 username:  +79820948396-england-247
VM38:1 navigtor: Mozilla/5.0 (Linux; Android 6.0; Nexus 5 Build/MRA58N) AppleWebKit/537.36 (KHTML, like Gecko) Chrome/131.0.0.0 Mobile Safari/537.36
VM38:1 cookie: 
VM38:1 localStorage: {"xt_instance":"{\"id\":47080759,\"idle\":true,\"time\":1737851992934}","dc3_auth_key":"\"3c611caa4f00d962ec5d720067c1c43aba23945544bf54291d86465b27ba715a045e2ad2e95dbc133f1d74dad32938c658f099e4f922a3beebc3555edb3795499360fe26cb20040110024889e659fe92ec99c177e3f99be00ff3a6a4f0bbeb70496bebaf275ca6f384f3c350d5eab4fd95d5a44a07ef5a538fee2853f61d197879ad80f41cf66dc0ed45654904ad32498c73f6d4d0ec91a9f72e8b21c44fd9a750d52fbda48c99559d9ea8693cfb24426f7298f2d4622bb463b1e0394975c66d5a8b286b173786d80ad038a273b4a27d7b37daab317d507741205d1f99bdd7f7a2f6f53179df3811b56fe8b2ca6ac8c3340fcd49f142f6a318fa51b39a87f83d\"","dc2_auth_key":"\"71839797ccce079e3a7a2b475601c3c3700430b2918300a59b9ab901136c7c227a220ab464798a1e6ea0fcfaf19f85dfef425333b4418984e4905595264eef8d75a9050f4a42d320d1a3d4db9b39e03652a139d5a54ca002080524b9bf1d84c7de25acf8e7ead25043484b8f49f8a35ccfc1ddfd9e7b49cd5985bc6694c1260a91d7b6433a56b6ae7f4c9c9a242c8cbf971b6b5e14b50963fd6165a2537d0840f13fad6c12791ec7407966520265654e8ecbd53cb9a8f0ebac7f66282b51bd09dff572dd697cf5558781a68d7ff3ade5cdd62283d0ad35b2ade3913dcf7be32174e702865764f2381add03cd0af17dce7994985b6fc029eb86b808a7680b3eb0\"","":"","state_id":"1153829956","tgme_sync":"{\"canRedirect\":true,\"ts\":1737851989}","dc":"2","user_auth":"{\"dcID\":2,\"date\":1737851987,\"id\":7599745571}","k_build":"526","dc1_auth_key":"\"57161be095a88608bf148c23795cb71318bb84e2b60d5bd96fb0fd68a18ad4c381fe7c6fab2ca339f29e4d14af233670ebecaf75d1e56f8ec584fe12192d9aa202edf56d10c217be12b1dda4c15c0050550b58a6bedf5b4e5fcacb49f83076d2d8c2a0e7a704bb9ffb719c351cfb5ad1279d10eb49535a03c953628e62eacfff70a4408edd0957dde54c801f42756c21e6002790778700417381ab17c3c7af31f864d19ee916295a73cbd72bd1ba95a9b2d7fbe3a64aa13ded73b5395a9b9731eef71b12c560ceadd8d85d799c89305e0c5dd56732fc86c9358333992ea0e79e2af33e992b7cd3d262451b8d7c2c784301769365ed5c8db93615eeac07790ff0\"","dc3_server_salt":"\"e9558c37b3502969\"","dc2_server_salt":"\"0649fc26ed8c70bf\"","dc4_auth_key":"\"4da7e539f6f8bb220245ef2b8846b084ae770f110e15403961c350297e85637caaab96b80c53b01092ffcc01fd9f01e769eb747bb6462a29143354d6b546a575ef0e1b8b53c8b8c18d9e1de219311b305e7158f947f0aaab43c2fda20d478063d8a63773e677812229f3c93fa13eab9a9f15ee52f8b0ee6b05834c60fe1058b757266fbbe7984f64d7de014bb25bee2c9247189462f01ffeb97f145cf7d8f1bb2bcad54d69c7d5d2daa614b2355bd59508be22c1418f31ac4cb6a650d0fb2591cfe392d5bb0bb9f849b4978ef1a7b8001a37c2a8d11ea1e02c4ebe28a5d10a0647b0060c5764e942dca9e1df3fd87f4eb46f96f645f61add8733178ee21592da\"","dc4_server_salt":"\"af68af3aa419dbef\"","tt-global-state":"","dc1_server_salt":"\"7c528849a90b7c49\"","auth_key_fingerprint":"\"71839797\"","server_time_offset":"-1"}
VM38:1 —————-
undefined
k/:1 Uncaught (in promise) {code: 400, type: 'LOCATION_INVALID', description: 'CODE#400 LOCATION_INVALID', originalError: {…}, input: 'upload.getFile'}
