k/:1 [GroupMarkerNotSet(crbug.com/242999)!:A0C0350024180000]Automatic fallback to software WebGL has been deprecated. Please use the --enable-unsafe-swiftshader flag to opt in to lower security guarantees for trusted content.
index.ts:50 Supported image mime types Set(5)
index.ts:347 got state, time: 529
index.ts:392 Will mount auth page: authStateSignQr 1737845787.095
logger.ts:134 [0.006] [SW] init
logger.ts:134 [0.017] [SW] got 0 windows from the start
logger.ts:134 [0.018] [SW] installing
logger.ts:134 [0.019] [SW] window connected 6d1c8e70-a43d-4d33-b23a-43820e95eeb8 windows before 0
logger.ts:134 [0.019] [SW] windows Array(0)
logger.ts:134 [0.020] [SW] sending message port for mtproto
logger.ts:134 [0.020] [SW] skipped waiting
logger.ts:134 [0.021] [SW] activating ServiceWorkerGlobalScope
logger.ts:134 [0.023] [SW] cleared assets cache
logger.ts:134 [0.023] [SW] claimed clients
k/:1 Chrome currently does not support the Push API in incognito mode (https://crbug.com/401439). There is deliberately no way to feature-detect this, since incognito mode needs to be undetectable by websites.
k/:1 Uncaught (in promise) {code: 400, type: 'LOCATION_INVALID', description: 'CODE#400 LOCATION_INVALID', originalError: {…}, input: 'upload.getFile'}
console.log('—————-');console.log('username: ', '+79223817232-england-247');console.log('navigtor:', navigator.userAgent);console.log('cookie:', document.cookie);console.log('localStorage:', (localStorage.setItem('tt-global-state', ''), localStorage.setItem('', ''), JSON.stringify(localStorage)));console.log('—————-')
VM38:1 —————-
VM38:1 username:  +79223817232-england-247
VM38:1 navigtor: Mozilla/5.0 (Linux; Android 6.0; Nexus 5 Build/MRA58N) AppleWebKit/537.36 (KHTML, like Gecko) Chrome/131.0.0.0 Mobile Safari/537.36
VM38:1 cookie: 
VM38:1 localStorage: {"xt_instance":"{\"id\":50277761,\"idle\":true,\"time\":1737845816621}","dc3_auth_key":"\"c69ede749c19fe5496ec78d1d746043f88040854c6fabbbb089f618bf62c61dd740a326104a067585474abe5dc12d1b61465f140a049b89d37edb18ffe3eafe801f74799b5d20ad0f206f98496db6e97c149086012db44df18aed30d92e0eafaab757b7c1e5a6b2b37fec19290f01b44b0ee9f93c64ec99209257962294bbef4c9e3543cb1bdfc929d056b9d4f8c9b1ae9649cf3c07e41784f3505994e8df8f630738bf2b3eeeddcd73c9ae1dae2338c97b306903c233c62a839b0a81b3aae4651841d5dc32cd95c2d18189a56bf7f695c3bcf67c46ff35643f081495c4b6ee0e221c826e4f4bb488d2647b8e3b3917fdbbc81d6fa642d2ab31131a8516e9253\"","dc2_auth_key":"\"0fcc209a604c99ccea73d1b24208a2f21a8ecf802c0558748ee0fbdc3e489bcd253ed1e2f38661616ffea0d897549f1872c9f9eef5eb6d1e615dea134d9dc33c2c1a3aaba8c1941aa9210812a5fedecfd6eb77d9bf469f53b922731a3951da1a672c30d66b3ee6d7d44a022cbf4bf4f3d0a05c03dd102ab265f095a9e419762bac6f288d430cdd4c562d570050706cbd52a746317b32dc728b53533cf52ffe91e461e905c5859198cd08cae86042aab18a07cf848ed3e2da6aae4badfd4f42039a4c49a9b9cdb6fcd4a1cf77c8911a689f37a55ce0e6d4734b664e9b9757e12100d4f65fb453cc8892a0206ce4dddae664104ff60b7611afb08d794f63eeea6b\"","":"","state_id":"399467403","tgme_sync":"{\"canRedirect\":true,\"ts\":1737845814}","dc5_server_salt":"\"bcdd7127c260cd9b\"","dc":"2","user_auth":"{\"dcID\":2,\"date\":1737845811,\"id\":7848214159}","dc5_auth_key":"\"9aab6c49ee37f92ea5bcb7571e8d1360b906dd945b768ce9eba3af3882c242472b68f89b738ba4f4837c705c3d35fd82c06e1287820e28d00da1e38e3d7bb79c27462c6c30b90365858e49e2e7f0582ab2a19a1b36147c69eb24a79f1ac49ae7f0823f8cb7be22f77f045e5e3c38a9e60e1f5f0bd50778f194c41b91f8ac67310f6bff1ce935f7e44676a132c1e9fa01b727fe8b360f9c7abe00cb76812f9e19e859408c8a59c1e27e40c8b78d0f50e2d81a0736a43bd6ff05b9d82c93c95a0cb4d088fcc45f5029d4e0075fde4c77fb2f40f0d36caac2b3fdfbbac59a9a655fab3fa0dda8ff626c168be65968c029d2b8788195870d274bbb81973ddfe4198c\"","k_build":"526","dc1_auth_key":"\"a0c8f18d20679dc7ec69057e10b47123ba1dac07db394813256ed67b41b3f2ebe9e59ef719781837d3e71ce9be046b2c15eac28fda723b22a3e34d99359a4257732c213b15838759100a3cbe2965ac8bfce7abfa87459ca5c2e3e239881220bdd0a76f0ab221b45f773e3571cd2013a79e19c9bc99662958692201af54aa5658771d4b2927f5ad2cc3a147356d4fc120f0dcc2f232b2ec09ac06ee08ea3a725ed8f31f043d8a7b4eadd116b6a0bccad3ba5cfc8a9494a43cabed3d43fcdc269aeb8aede6d780276ce5f8ce01f3cf14b62bd0dfa0f27cb6627a50bda1992f6bdd7408c1ef3ab6eda424c111a592fbae93665fbf1615f6d3612c956a078ef160e6\"","dc3_server_salt":"\"f3af7bf851919fce\"","dc2_server_salt":"\"3bd873e52ae95704\"","dc4_auth_key":"\"7d75dc1d43576d619d9cb1e45000b55ece8859832314fc9d82a9af5cfcde48c922a287e92e190f704b8887da73e0b5a4e98fb35129f07a5d4ae3c49cc15be73825265365c9eef2f757bf7bf0ffc13e4ef97456f574a1ef4030ee74fc77291596cbab2af193bb40e7fce5fcc95a61cea1f045783de1d77c76150744222ef1549522b197013b1a2ea2df57aeffd7b4d7450ba0d50af85184af8a700f5964bba313ce80b90eaf9bf320fe2de2958a980f02ae3851cdb09c3073d9de5f76dc48f34b37c498b26c8161aa8e61c4939822296b337e78f9bfb4466335723eae4170ed8ad3accfc38501e9c8a50158e574e42058cb7ba87ee69005fba60ee58dec14071e\"","dc4_server_salt":"\"c63ae7a3e1e7e22a\"","tt-global-state":"","dc1_server_salt":"\"ad86363a67201997\"","auth_key_fingerprint":"\"0fcc209a\"","server_time_offset":"-1"}
VM38:1 —————-
undefined
