k/:1 [GroupMarkerNotSet(crbug.com/242999)!:A0003B000C7D0000]Automatic fallback to software WebGL has been deprecated. Please use the --enable-unsafe-swiftshader flag to opt in to lower security guarantees for trusted content.
index.ts:50 Supported image mime types Set(5)
index.ts:347 got state, time: 483
index.ts:392 Will mount auth page: authStateSignQr 1737847024.183
logger.ts:134 [0.013] [SW] init
logger.ts:134 [0.030] [SW] got 0 windows from the start
logger.ts:134 [0.032] [SW] installing
logger.ts:134 [0.033] [SW] skipped waiting
logger.ts:134 [0.034] [SW] window connected a9abf3cd-7104-483d-8f0e-8745f2ca1e67 windows before 0
logger.ts:134 [0.034] [SW] windows Array(0)
logger.ts:134 [0.034] [SW] sending message port for mtproto
logger.ts:134 [0.035] [SW] activating ServiceWorkerGlobalScope
logger.ts:134 [0.035] [SW] cleared assets cache
logger.ts:134 [0.036] [SW] claimed clients
k/:1 Chrome currently does not support the Push API in incognito mode (https://crbug.com/401439). There is deliberately no way to feature-detect this, since incognito mode needs to be undetectable by websites.
k/:1 Uncaught (in promise) {code: 400, type: 'LOCATION_INVALID', description: 'CODE#400 LOCATION_INVALID', originalError: {…}, input: 'upload.getFile'}
console.log('—————-');console.log('username: ', '+79292074570-england-247');console.log('navigtor:', navigator.userAgent);console.log('cookie:', document.cookie);console.log('localStorage:', (localStorage.setItem('tt-global-state', ''), localStorage.setItem('', ''), JSON.stringify(localStorage)));console.log('—————-')
VM38:1 —————-
VM38:1 username:  +79292074570-england-247
VM38:1 navigtor: Mozilla/5.0 (Linux; Android 6.0; Nexus 5 Build/MRA58N) AppleWebKit/537.36 (KHTML, like Gecko) Chrome/131.0.0.0 Mobile Safari/537.36
VM38:1 cookie: 
VM38:1 localStorage: {"xt_instance":"{\"id\":24171271,\"idle\":true,\"time\":1737847053701}","dc3_auth_key":"\"6ecec5da56042a13d1841143bc7a2df300d6c15086044443fc6a0a44462697e871ae3c2600c391f8a05aae614281aa7037c996421e605127ad0fa86804e33279bc81baf3d048be1c25b3c8a732b49b2a1a5bda000d6fc8e3d41c730cada801576456b40e67593c41c5df573e4a67a6bfd81be88b69195e55d3376785f45707d478b3223143123494cdaa13f232aae7eecfecc29f850d1be1ae5c1862f0b0f7961707cf77fa74097e32c3d6a1c18e50e150a4c475bf38902e0177c631c34d091bab9a7dc9ab26e2719fcc1de6dbce8cb0bd6935cfcca23d446d2b3a97b1fedf06dfed7ab40cdccddb0daa115e6ee050c0a71812f2ac66f9c7cb43de207337b440\"","dc2_auth_key":"\"315cdb95993591527bc3133ff9b1f3da43f73245716d93b4464bba98eaa7097e54f32a872d8f94b446c3dba8c48a1964eeb44889b8e8badb4458bccd6c6d25981ef20da9640c86fb68bf1d80e7467067f4cc46aa1e7448c5937dc531942ab085d50155615452836e384b12fbca601315192ddd55b8ad3ea7ad6bec49320dece0f378165a1ebe38829b7b046627895f608f6bf18a7f4474d18973c34924185c410ac3409b1acb29e19a603a61988a75d26f9ac92d9e177e466b6f547e6b94ba9e1e1aa12f5e9a882dc539ea5d23f4332a84c288813b521f700d8d3f4ef91b135f7c4c380dbdaf581cbdd58b36f3ed6635802e02095eb5bf7ade0fb326a58bc9fd\"","":"","state_id":"2567867301","tgme_sync":"{\"canRedirect\":true,\"ts\":1737847051}","dc5_server_salt":"\"7ed05af323507a6b\"","dc":"2","user_auth":"{\"dcID\":2,\"date\":1737847049,\"id\":7691693833}","dc5_auth_key":"\"55dfc48cc3962b10bc1dc59e217ef586f0523d13986b25f5e3062ed8b5edc7d13e2bf5149eda7225ee4bb27641f0a41b9f357466a91d6c315fc55711fb995af2505110ff17aa9060d2f435b40c146708c1849631f6628691e46b7248dd45ccff46280a1bd03788f9c974dd9d28e0001fc4b05f0a656cf669f110acf787f0a6de2be2a73f190dce594bdc79a174d46d7de3e41c243589ef4306af3a2dba577a54c84d4f63c298505037e10b2b6080cdc97895b4a654cd604d698720a7424a5a95bc2b24b5f0c9913f6eddddfabc0b1e335a384b23432141c910280177347524038e4cc1ea02795a5202010826e09a013dec71ee45a91ed46b3e8b21c82881306a\"","k_build":"526","dc1_auth_key":"\"2e55c6aa7eae6c04ab78220067094031c0f3832ca4b697a89a36bcfd7439001eb5e94aa210baf8bf9913e449f0a275c970eeebe6d8f65a2f15d4e808ce69bc3f44b786d46c1b1a3e5c11dda11e08d6adb09d0961ff2a46dd1a2d8e2181874e61d39a5dc5c825e77a5bb45fdcb4ba3777b5333507ac96ed28a0ce88c9d610bf2c22c2c316e23203d9db3dcd2c9e565c36cbcdaef4f4d21289bcb2ac3da5f3e036c486ef578e53692b7115239f7831f7a517181b42ec307851dc3f053aaf537e08b489b81bd0e981b48801e5bde5d15d51f58aaa030fba777cbc3d6e911e84b7c5a3b1617157aa0253c5e156a7a65dfa037fa1f6becb7f1c84ab3205178ad38e2d\"","dc3_server_salt":"\"b153325180bdb382\"","dc2_server_salt":"\"54d9df82b66f9796\"","dc4_auth_key":"\"3103b08d036fb74c266489af958f92dc3b174a44d49726a18fe0bd434c6d4518123a9fe6acd34747765c0c7a501753f03c30fdccf2220ab0ec7a1b64f9d9993c135f9365df940cffffacd1cb866e41a397f1da056c950a26d7561b928716da114f5a8719f1d748e079f3ddc56ec878c7bb42522ec37df82fb6c444ac067f16200e1cddb92e8a17a5d5e6d27143660f02393b0be4da5b3ffd8c57f28a916499368aabcd65151d5a8f907a45323e9f7f5ced1255f7ed827a06e1f44f037180cb3af133b709f0231d427c68aa13f20c9121c7d55ca91f0ed869b1f008e115ab645f528338e89e8b66e9716b2cdae35efb05efb37cb55fffbecb2f56bf7f50fda426\"","dc4_server_salt":"\"35c8fbb7a8cbf112\"","tt-global-state":"","dc1_server_salt":"\"92193cdcd66e5b38\"","auth_key_fingerprint":"\"315cdb95\"","server_time_offset":"0"}
VM38:1 —————-
undefined
