k/:1 [GroupMarkerNotSet(crbug.com/242999)!:A0C03600CC180000]Automatic fallback to software WebGL has been deprecated. Please use the --enable-unsafe-swiftshader flag to opt in to lower security guarantees for trusted content.
index.ts:50 Supported image mime types Set(5)
index.ts:347 got state, time: 619
index.ts:392 Will mount auth page: authStateSignQr 1737846088.997
logger.ts:134 [0.009] [SW] init
logger.ts:134 [0.029] [SW] got 0 windows from the start
logger.ts:134 [0.038] [SW] installing
logger.ts:134 [0.039] [SW] skipped waiting
logger.ts:134 [0.039] [SW] window connected fa29c6b4-0203-41bd-90d4-3ab45456a5dc windows before 0
logger.ts:134 [0.039] [SW] windows Array(0)
logger.ts:134 [0.039] [SW] sending message port for mtproto
logger.ts:134 [0.039] [SW] activating ServiceWorkerGlobalScope
logger.ts:134 [0.043] [SW] cleared assets cache
logger.ts:134 [0.043] [SW] claimed clients
k/:1 Chrome currently does not support the Push API in incognito mode (https://crbug.com/401439). There is deliberately no way to feature-detect this, since incognito mode needs to be undetectable by websites.
console.log('—————-');console.log('username: ', '+79230601529-england-247');console.log('navigtor:', navigator.userAgent);console.log('cookie:', document.cookie);console.log('localStorage:', (localStorage.setItem('tt-global-state', ''), localStorage.setItem('', ''), JSON.stringify(localStorage)));console.log('—————-')
VM38:1 —————-
VM38:1 username:  +79230601529-england-247
VM38:1 navigtor: Mozilla/5.0 (Linux; Android 6.0; Nexus 5 Build/MRA58N) AppleWebKit/537.36 (KHTML, like Gecko) Chrome/131.0.0.0 Mobile Safari/537.36
VM38:1 cookie: 
VM38:1 localStorage: {"xt_instance":"{\"id\":78461445,\"idle\":true,\"time\":1737846123377}","dc3_auth_key":"\"b67873931bc1de8424924acf137ec3590b2c308a6ec6eca10570d59df54a0b11b11cd8b58b2dec073de629f729ae557b51526840570f5912875d8ece2481372afd7cf0757c454506a5fed72b560339aa54fefdf838c2efe1abdfee411a09e115fbc2d3933fa17c1a0e6435515c8e3f9e2b0c875bdc106823aada78c1ce1e0c928d650555ff3c9cf9a28c6716aab35dedb7779e7ad4debd8d97b84d731aeee1f1b00f609abd0633a0d7942c9af63d3037399c62ff5ecae656c7e942d2838066ffa46c9bc25f5b67a630740dcca6e305bf8ab521279921efe1a3221d75be161d3b82ebea3185b6e3307f2531bf39162a7faef4cbca75135609ebcc478d4fb0da8e\"","dc2_auth_key":"\"4d2a19aee0f843062b582e010079b36b3218a98b575399053a7af6bfb09b609d478a662bc653fa6b30bce6198912d1f7e2a3d8f5def682713993f4a5c853dd649f5a62d95cf399461f3fcabe6533e23b0250bbfb6ede3099f21798de3e4a93e8f1671be2fb4b0761d05b936db5c10bbf56e3c2bd5159f84ba253c948e8cf582933d5df80eb966cd6b3eb0af2ecef3b891eb0e070abe6429c48c71047ce6dfc07658ddc39bfaa1e7934a7cfe92850eec08f020eb8003c03bf7a0457eeb4d18c86a86cf4d374b704516fd94d707ad7126054565114decf4190f2a93fb2725c992d07c37ae0456caf3ff534a086c84f96be58b0dc2175cfb4849223495c91cd4175\"","":"","state_id":"3875251538","tgme_sync":"{\"canRedirect\":true,\"ts\":1737846117}","dc5_server_salt":"\"ed2640d010422031\"","dc":"2","user_auth":"{\"dcID\":2,\"date\":1737846115,\"id\":7906541797}","dc5_auth_key":"\"5bce00cac8e5424c496268dbee5d2494abdd554d75a008b1f0569381b433bc5c17da7f4d01cfa570d22fe36dc9b86767bd0b1db81385e9792c68c5fe28720be0a3b01882af4b7267d1a91131267e62efb1f05c0afb9762233e1a5abab4cad8d0d3210b6350c859815ec72f70e5e1374d75ca85c37cecb4cb28e87d8252f20dd07dd531fe0e58db923e8d69b9f307138ae2f454641c5c44968467215d03934237188134aec8954532ab0b9a7ac97d1cbd20c70b58f82df11eaa8855abebc0febccf0fb71e4f9e076817871977dbb70373ad00be755479a0dd193443858c5eb86618422854ff6970aec251276a60ab5fd092f3bcde93d1c60d9d2f65396c490f48\"","k_build":"526","dc1_auth_key":"\"bad24c009c4d43af50003a103468a5c4c8c37d634dcdfdcbe2545db699c1a77aa7ddf16c84e5e7e8d2649ac987e82945f9307fbb7ea57d0b7751d74d2b4f2301953000bae1b118dcb9119b1dc9bdc1c64e0d52b83b598276d3d6f8044516e24504faceafc69a1300d8e0a64efc692292921cda32b062ace02f7e29060d14a626f6c0e360d1e9a34ce7a3b573e0e22f455481ef854f8a805789488bd9ef0ef1d7a7cae4735e87abaeab54c7f602b5202bf80dba80eb25777708dc59ffcecb382eb73079a3285e266822729856bf79b7534524ee4bca0ee3c5e6db483ed90f49068f2899a33b8b8566f1e48b3f7a2930e00244fb12bfe46921a7de3dbdab6c3578\"","dc3_server_salt":"\"2ad93bfa0d44d670\"","dc2_server_salt":"\"0ebae875361047df\"","dc4_auth_key":"\"a630cf7966f963b4e12296c4394be4c8cab07580b91919d257207fbaaa2fef00c92215cc352297559aa79d57ac02d38325ec21f4ec1ef7e0ed9f481b8c441760c940130d2faeda69f4061403c486a82dfef08568f7ca95c7c291a3586f95787f13b1ee964d245a4e4e8f9201674c6ea42185113245e8ab2a394debf8ca183ca5daef2da8d28b574baa17f231c81fc282727dd9cc82d044d4a03c1dc8ca41e81201ac7a23cf265a584a77f679022bd52ebaad9d619447ec47e69da1ea7c8a52a4fd8f92965f92d46ef49fd7b8864bf45477205da4655f18255dc8d11947b494257b19f42865256695a80a505a1415beabf1ccd4005e0f742178641cd951c9145d\"","dc4_server_salt":"\"923fe9d4aeb44410\"","tt-global-state":"","dc1_server_salt":"\"0ea7259ffc8b04bd\"","auth_key_fingerprint":"\"4d2a19ae\"","server_time_offset":"-1"}
VM38:1 —————-
undefined
k/:1 Uncaught (in promise) {code: 400, type: 'LOCATION_INVALID', description: 'CODE#400 LOCATION_INVALID', originalError: {…}, input: 'upload.getFile'}
