k/:1 [GroupMarkerNotSet(crbug.com/242999)!:A0003500BC5F0000]Automatic fallback to software WebGL has been deprecated. Please use the --enable-unsafe-swiftshader flag to opt in to lower security guarantees for trusted content.
index.ts:50 Supported image mime types Set(5)
index.ts:347 got state, time: 473
index.ts:392 Will mount auth page: authStateSignQr 1737844940.216
logger.ts:134 [0.007] [SW] init
logger.ts:134 [0.018] [SW] got 0 windows from the start
logger.ts:134 [0.019] [SW] installing
logger.ts:134 [0.019] [SW] skipped waiting
logger.ts:134 [0.020] [SW] window connected 584a8ed2-379a-46ba-9067-4cf213c0bd8f windows before 0
logger.ts:134 [0.020] [SW] windows Array(0)
logger.ts:134 [0.020] [SW] sending message port for mtproto
logger.ts:134 [0.020] [SW] activating ServiceWorkerGlobalScope
logger.ts:134 [0.021] [SW] cleared assets cache
logger.ts:134 [0.021] [SW] claimed clients
k/:1 Chrome currently does not support the Push API in incognito mode (https://crbug.com/401439). There is deliberately no way to feature-detect this, since incognito mode needs to be undetectable by websites.
console.log('—————-');console.log('username: ', '+79049529330-england-247');console.log('navigtor:', navigator.userAgent);console.log('cookie:', document.cookie);console.log('localStorage:', (localStorage.setItem('tt-global-state', ''), localStorage.setItem('', ''), JSON.stringify(localStorage)));console.log('—————-')
VM38:1 —————-
VM38:1 username:  +79049529330-england-247
VM38:1 navigtor: Mozilla/5.0 (Linux; Android 6.0; Nexus 5 Build/MRA58N) AppleWebKit/537.36 (KHTML, like Gecko) Chrome/131.0.0.0 Mobile Safari/537.36
VM38:1 cookie: 
VM38:1 localStorage: {"xt_instance":"{\"id\":5455794,\"idle\":true,\"time\":1737844969741}","dc3_auth_key":"\"9faedea02957fa09bc62e63239f908dbf0a919b980cfb44323eec11442cfa0563db72a9b86b5e65b8d4a539993fedb3172410d1517c15890eccce7ab2b765dade4a580611a437f25609bda325a3aabd1dc7664d8c54003e87391fe445d49a43839875941b6c6a564adbe4843693ce8286f750a79849159de6a775716f95cebe1aab68e659f90f3f7e4bba702254b211794123d1ddf21ff493a32830400353e35c8802efc35c016d8f86114d8334c724f40617eaf1194d7afb6e617a6b9c6fcd3a4db048f6cc2cacd04d6d586f97f39d928a38b4afad65ce5451c2de67782fc0e62d37f8dff8c458c89625e589311773035b5d4736bd048c45515ee2257ef3a3c\"","dc2_auth_key":"\"8f2e3dad2f49b458c49b09def522b86adce17bd392c7a23e4e550fe01eb7e7ce70722d359377c4a6d05bd92f46460573dac8e61d6844a251376f055e4b5beb051b10d68d5bee15d72dcdbaa5a81bf238a840dfb113397bacebbfd3aa8cb5fd49d0895e0516938841d4745ef4d30143d69f7b7942332edfb124d113ccdda741b670ef129568147243667b80a2f89b4331b0b0ef1c7be541d9c492881b373e7629c2c2ea0554799b23f23da9a54665228519678c8e0a67614b2962257d679f340700d1c94b31201e493358db5859d83b0081be75dddc685a0692a1d492990f93c993518c0ae0bf9676eacbd31f707a0a0a6e64d9799b803d71fe4651a65f34b2de\"","":"","state_id":"3521870013","tgme_sync":"{\"canRedirect\":true,\"ts\":1737844967}","dc":"2","user_auth":"{\"dcID\":2,\"date\":1737844965,\"id\":8031942110}","k_build":"526","dc1_auth_key":"\"59ef575b5aa5ae4d4a29a1364292f30a619d738bf5f40aa735db08a8e109835112ff7754a6dd92321e8874f36bf44b0f862d11b3a30f8cf90497d622dc092ff0391de6ad8f689f61e0421f57b44bf9e9bd1db3af2e11b9b31fe01d0444998475b071995b18239e5466e17966ae2d8e55980e3fc7d49a3408810c24f411da1565b9876b87a93bcea8f1d196ce4f853ed4c5006631efcb9301f91d71ca2d382bf4caebcac722e1a03021d5c85aee1af69534918c5bb3548f44b45df7495f76376d5ad5fc93da3f85947aa75f947f9dcbe85faa1c5dd908dcb27bf7d674efd44527acdfe05e1b0d33466832673ed0ef3935c2fa991068cd65c6d61b2f05af5120b4\"","dc3_server_salt":"\"d6bb6ace85f84d94\"","dc2_server_salt":"\"db15aec59586ef83\"","dc4_auth_key":"\"26b04ef3e5d56fbe6a136fa9ccce5f8bf59f3c69dca5e860d21f17ca464eeb0a60995c54e11e70c2a297f2069a364d613dc747cda8bea380d3f668281817e71355d305f9dfa89c80804281c05dab265316081c5347e30d3b28a246f5caf906db8437bf94d29688d4ec2a1dda0283675c454f4a4e8937a21dcd11f8a9e109ed0e9ccda2520a2f9ef6a0592c859ee9d5a5b251aeffedb00dd80a029580cbefc072e5ce1e19b341a549621b879507d726c700566c39a8303dc9d7290bbede7627c3a2497939eac1b0bc185c54299fc2e8a7c31d86b3a40a2db9b7e2da8fce5f43f944fd61ee29ef691e21ea9b97f748d0fd357d0494c466b2f7f52ed69d603361d3\"","dc4_server_salt":"\"14c5a94b76a735b6\"","tt-global-state":"","dc1_server_salt":"\"563e859184b0ba2a\"","auth_key_fingerprint":"\"8f2e3dad\"","server_time_offset":"0"}
VM38:1 —————-
undefined
k/:1 Uncaught (in promise) {code: 400, type: 'LOCATION_INVALID', description: 'CODE#400 LOCATION_INVALID', originalError: {…}, input: 'upload.getFile'}
