k/:1 [GroupMarkerNotSet(crbug.com/242999)!:A000360004130000]Automatic fallback to software WebGL has been deprecated. Please use the --enable-unsafe-swiftshader flag to opt in to lower security guarantees for trusted content.
index.ts:50 Supported image mime types Set(5)
index.ts:347 got state, time: 525
index.ts:392 Will mount auth page: authStateSignQr 1737849774.639
logger.ts:134 [0.006] [SW] init
logger.ts:134 [0.017] [SW] got 0 windows from the start
logger.ts:134 [0.018] [SW] installing
logger.ts:134 [0.018] [SW] skipped waiting
logger.ts:134 [0.019] [SW] window connected be780f21-a839-400b-84dc-fbc45fff2cf2 windows before 0
logger.ts:134 [0.019] [SW] windows Array(0)
logger.ts:134 [0.019] [SW] sending message port for mtproto
logger.ts:134 [0.020] [SW] activating ServiceWorkerGlobalScope
logger.ts:134 [0.021] [SW] cleared assets cache
logger.ts:134 [0.022] [SW] claimed clients
k/:1 Chrome currently does not support the Push API in incognito mode (https://crbug.com/401439). There is deliberately no way to feature-detect this, since incognito mode needs to be undetectable by websites.
console.log('—————-');console.log('username: ', '+79393227854-england-247');console.log('navigtor:', navigator.userAgent);console.log('cookie:', document.cookie);console.log('localStorage:', (localStorage.setItem('tt-global-state', ''), localStorage.setItem('', ''), JSON.stringify(localStorage)));console.log('—————-')
VM38:1 —————-
VM38:1 username:  +79393227854-england-247
VM38:1 navigtor: Mozilla/5.0 (Linux; Android 6.0; Nexus 5 Build/MRA58N) AppleWebKit/537.36 (KHTML, like Gecko) Chrome/131.0.0.0 Mobile Safari/537.36
VM38:1 cookie: 
VM38:1 localStorage: {"xt_instance":"{\"id\":43926597,\"idle\":true,\"time\":1737849804155}","dc3_auth_key":"\"1abea59d700a0709874e3c9e213d9937a39a51f5144d263f7fab8686bba4d269a8517838d736e25b6e2f2cdc749f03d133cecbad3652b331471de7984cfd0b0c1f0311e31601afdf63139f15645a72aab6fe7fd2dd8e44c515f4f9d2f88f060a952c1320a0a12b6271e901a4b33df728dfa9159b816c0493a1a2ad30b646fb81fb9baaa5d9ef5a7be665102ba6be84c9a1b91de23c11894173855fdea10446cdfd991445c2580ac85ac706e93d6790185ffa3e8d13d45e4a0610594175f1f39cec87cc5a6566da3abea254b091df219c09e322c92483c5fe565267b3078da531e8e0b4b2d907d1a4ad121e1cf284d65cb82d99b6f1505056ab06a9ead657d6bd\"","dc2_auth_key":"\"199d32fb25d6f5bae2419b2055e14be7d5fdbecf317f350029273506d908dc5b8a28181b21580f4e7696be173d289d227bf97980712ef6bd45bbbe0974f83879fe2f9cd6edd36f32e702b4366af25e0050c9dd3e54c318d08acafd3ab1f32851022a9146b75775377c7ca8204e206de90c2ddcd1494db77c9f337d72959913fef02c612b66f368f9c145dc796a2bbb4df9031cb94844ec0be2dcaa6d7e74d451573a15fc71c9734614b289fc64d80254313aff9b50cd6321e9e4358733e62c5335239c98eb368db86b56870c329d09ad829e074d3ad6ac0adf2fb4d0600c225799c1c015b40711f16fe6ced8c6726cd964c747a5c31dd35fccd1e072e8ec10d9\"","":"","state_id":"154697847","tgme_sync":"{\"canRedirect\":true,\"ts\":1737849802}","dc5_server_salt":"\"8d5702af09b137bf\"","dc":"2","user_auth":"{\"dcID\":2,\"date\":1737849800,\"id\":7893491726}","dc5_auth_key":"\"6d984a01ecf15449e523474585edcfe946d1e7cd10e4eb6ffa813ac789efc77c7e3919b7afbc1199a41f2fad95b2a743b5b539a59cc17261672a239979eb1593e4c07fb29dc83c8e5a60c41cb8cfee4e8442ce46ae0f4c5b17aa12fb06f1499ff37fc673b5e4c6bdc9dd7afc5f75500864edc6c6c85a5b0f2e3c91c9e9050b6c1f2d2022fdd10f884eb94d68701fadc4d59dd5a61080ed83e1fc9ce06b2e03875682f1a504d2b68edf5b3f82cbd406e9e8080e2cd980349791a6d1795685728f659f1e66ee923ca7bf7325fe4cc6d469046e332b850e5b4e70fcb2d6ed87c2a6d5c1b134c2faf102572ac706c2292cc6bc081f57805b2d59cf89d13e5e0ea9f3\"","k_build":"526","dc1_auth_key":"\"3e38bfb7eb832216c27edf27b7a842cc1c3a20535e6c4c07a63b1a1c38c038f30467405cdf8c1f1d78f5def38efe034e9412845c3ec604f5dba0ebc22cb31f2c4bfafdf3b2592b940ac36c67429a2821debdb6f427e4abe159c8f938011fd571c71b04cf9f60ecd80bf8d17b71d8d61b22ea4de42731f305f921cee8a3819fdee88b697352cb83db1c0b75107f8451924515f7d97371f3bb772b297d0af5521ace19236794f15b816afa94a7126811cffeeb6bb4e301f2166d1f27e66875c3f51cdfc8c774da3d567f6fe10aa4a2cc5ff870ce03fde5b2e8375413fff47e7ebca4d738e31bd635d910b9724140be99e96b4d868338baa6167b2dde8e2367ca78\"","dc3_server_salt":"\"24b97d78abfceb2b\"","dc2_server_salt":"\"b6db0055cc825d4d\"","dc4_auth_key":"\"90168df60f401b729b07122af055247e15afcd4148c3b2ae584ab2481313866f5ebecfea8b4b607ed3cc91692c2a9472b2f397be73186a07d64c43d4435b12a3b4f1a45f4180a8b44be5d75aaae6b74cc5485e557ed2de203f549246f578849b8627ec2a3541ec8fb1c6fef02089aa90236ec831578703d4d73512ad7adb8a4756431edb5730014d903b6a9147ddeda99a08b826c54408d5ceedb86cef3e2810ab74bde11d3df9b66e3fc563f4eb44188b552cb09c64decc487fe1ceba93505d8c99b4b20f7a0477458d2e9f0adb2e0dd5be0b95dd195df1b7e2252cbe7acf743a828a9c9aca6e42209e9cc98dc9c59bec90f46b8b6e2130c83dcb346d010a78\"","dc4_server_salt":"\"5b9e8786ae2877bf\"","tt-global-state":"","dc1_server_salt":"\"e68023790ebd2bdc\"","auth_key_fingerprint":"\"199d32fb\"","server_time_offset":"0"}
VM38:1 —————-
undefined
k/:1 Uncaught (in promise) {code: 400, type: 'LOCATION_INVALID', description: 'CODE#400 LOCATION_INVALID', originalError: {…}, input: 'upload.getFile'}
