index.ts:50 Supported image mime types Set(5)
k/:1 [GroupMarkerNotSet(crbug.com/242999)!:A0C0360044070000]Automatic fallback to software WebGL has been deprecated. Please use the --enable-unsafe-swiftshader flag to opt in to lower security guarantees for trusted content.
index.ts:347 got state, time: 777
index.ts:392 Will mount auth page: authStateSignQr 1737847580.72
logger.ts:134 [0.009] [SW] init
logger.ts:134 [0.035] [SW] got 0 windows from the start
logger.ts:134 [0.036] [SW] installing
logger.ts:134 [0.037] [SW] skipped waiting
logger.ts:134 [0.037] [SW] window connected 9f3a2211-7e0a-42b4-b72c-860b8ba06008 windows before 0
logger.ts:134 [0.038] [SW] windows Array(0)
logger.ts:134 [0.038] [SW] sending message port for mtproto
logger.ts:134 [0.039] [SW] activating ServiceWorkerGlobalScope
logger.ts:134 [0.039] [SW] cleared assets cache
logger.ts:134 [0.040] [SW] claimed clients
k/:1 Chrome currently does not support the Push API in incognito mode (https://crbug.com/401439). There is deliberately no way to feature-detect this, since incognito mode needs to be undetectable by websites.
k/:1 Uncaught (in promise) {code: 400, type: 'LOCATION_INVALID', description: 'CODE#400 LOCATION_INVALID', originalError: {…}, input: 'upload.getFile'}
console.log('—————-');console.log('username: ', '+79322124964-england-247');console.log('navigtor:', navigator.userAgent);console.log('cookie:', document.cookie);console.log('localStorage:', (localStorage.setItem('tt-global-state', ''), localStorage.setItem('', ''), JSON.stringify(localStorage)));console.log('—————-')
VM38:1 —————-
VM38:1 username:  +79322124964-england-247
VM38:1 navigtor: Mozilla/5.0 (Linux; Android 6.0; Nexus 5 Build/MRA58N) AppleWebKit/537.36 (KHTML, like Gecko) Chrome/131.0.0.0 Mobile Safari/537.36
VM38:1 cookie: 
VM38:1 localStorage: {"xt_instance":"{\"id\":21088943,\"idle\":true,\"time\":1737847614941}","dc3_auth_key":"\"b499fbcb2150f1021d0b38d943e596282757f328382e40d45df75c5d4e30d3b66c731eaebab23ae90fa9f7001877b49f5e01b48767357e02a86a1e5ae1a628c7078180ac0c97b280a39cbbf4497eb7deb35cafba5363bfe18b9fcc18c4e27c9928df3e70625d3712a190feeeac36d0e8df832ff11fafedcf0190f1424c8ee8b160b55d44c61f5e4903049b231aa9b612c532a4b5012bac1aabca8e63fd3764b596c802baac147fc9e65b5b57dbb77ec10fe0d2e57db979f1438d21f52c40ea5227a80a8f1b9d5be636ef16fd613e9587e34823e7f16b2e1ac8f126aeea3a00ba1c8655a01ec79617525c7ee6a4fd4097e3a751ed761e1c890df0e60e5cbb0484\"","dc2_auth_key":"\"6e4c4831ff013ba49a3c6a6e017ac8d9cbd2baf6b9b98023c1ce28b1192df3924abaf4a3ebe4f663e5ebf18678941a8bc07b08661173eab1e2e92abc1255f28ce717d903cf5d5a6f5f86993313886965efc6ad4aaabd062999c3eaa218e10bed2616ed23e7529779cddf7ea9ff10eb6d37f9f35f534b5f657cd6e0190f81bfe0f5a1cb3db9bfc2f95134a366f4a93c7233bb0320b36ed271aa09f5b7c726a34cc02395b01c5e2bd6e8a5b7c84f6a0d295ac4b3edae6f1e07f3a171e1e92eb6adcdae7f44136a78c31ebeb3a94864ee3adef41e6cbf0b955955b4d54404a76ba5c4dfffd714cd937d1297f5f40bd6dca7b34991599a0f885a2989d292c1e6e64a\"","":"","state_id":"3931865330","tgme_sync":"{\"canRedirect\":true,\"ts\":1737847609}","dc5_server_salt":"\"6bc045418bbef1ef\"","dc":"2","user_auth":"{\"dcID\":2,\"date\":1737847606,\"id\":8147138689}","dc5_auth_key":"\"137d09d2c9736fae55e103fa0b1fea6d76f2328fc0b5665e9869d5e751f23d6fbe5b23ff7a6b3b619c09297bdabc9f68c446a212474c4c9b7727a37f059773c28a5f9e5d5367cbc6435e917e2be19f7ad8e53c03cdf9c8fe73ec98611e867c11f32a20945e88e57bbb67c7575273c4d1fb6c2f3a06e4a5adc431424d28524b4e779979bda9bb29ff13584da883a8255cd1c4d07bd31ec6b13a4a7a145f26258d7de390bc33c64b6511bcb55dc4b0d3d2f9deb4629c2e0ab5f4f7c2710df38f9a3f52f88fbaec703f0f96e7c4ee57c98cfa0cfad52f87b9f930b222e264de232d730891fd598f61edd23a4f9cd150928ffd9cdd797b60822e5ddd2ea305ce2037\"","k_build":"526","dc1_auth_key":"\"412c153dab6855b652b3c330e38e3f354a49d3197ed1cd2dff70606435ce92e2664f166fc4646e70fd1e46427d97dc29d226278e6f2fb1a305148517342fa68e6822de436241c2986f0ea6f3ba09506d312e7ad1a59e78549d04f5e2206a64652815d2e46cf82bf604dca810a320dd4bd1c8476e98d7d81f983898cc0146c6f3a90176d9dfef293e5c9771b2d8622094ca1613c543b51f105fbdfebb8256b17f570550b7d52a5c791b86737e32ecc1c31ae504544800c15285f7ad6f5224af92bcb05278e9822658fa38eaa7366a9f36c7ed4a4e8678b71a10f347a48359328bffac71c474c876d031cedfe02dc0d61714a9c18deb8acdd1d4525855c8b15d6e\"","dc3_server_salt":"\"839e284bfd5ff3a8\"","dc2_server_salt":"\"5c6313f76b3c664a\"","dc4_auth_key":"\"915cb3d9c32fbe775b8dd2910210a611c175ffa139e5374186cbb7c79e223807e69bcd7d898fe3c52ac01ab541febd4f65dc5d169d8d0b7da868f5278951bfdb82885ac1a2c8498544c06ea359009a164d0bb903801f6d0763f988921754a9083de070e7c7a521e816ad5dd3789257cd514715cf9d3aa5636cbe40cecf436a1969ec3c654a9bce2be5e6359cbe7a60507bf537f66ca394851291182e0b33d1a49f7c2451056f0562c11808fa7c0d62e3cb40306d85f6a04a54b1e21399e998e467ba1d065cc8e32b0e21f699a4ed5b6bef0317bd8d4f15515255249ea7888edb4f6434d565a7819254a80e26f797e010acf122f8f87cdd94429c0afd81ae27e8\"","dc4_server_salt":"\"866bda22852348df\"","tt-global-state":"","dc1_server_salt":"\"1367dbd0f8f78c2f\"","auth_key_fingerprint":"\"6e4c4831\"","server_time_offset":"0"}
VM38:1 —————-
undefined
