index.ts:50 Supported image mime types Set(5)
k/:1 [GroupMarkerNotSet(crbug.com/242999)!:A0803600140B0000]Automatic fallback to software WebGL has been deprecated. Please use the --enable-unsafe-swiftshader flag to opt in to lower security guarantees for trusted content.
index.ts:347 got state, time: 802
index.ts:392 Will mount auth page: authStateSignQr 1737846001.155
logger.ts:134 [0.011] [SW] init
logger.ts:134 [0.042] [SW] got 0 windows from the start
logger.ts:134 [0.042] [SW] installing
logger.ts:134 [0.089] [SW] skipped waiting
logger.ts:134 [0.089] [SW] window connected b32b6bcc-2943-4612-a4b7-2e01edb682f5 windows before 0
logger.ts:134 [0.089] [SW] windows Array(0)
logger.ts:134 [0.089] [SW] sending message port for mtproto
logger.ts:134 [0.094] [SW] activating ServiceWorkerGlobalScope
logger.ts:134 [0.116] [SW] claimed clients
logger.ts:134 [0.119] [SW] cleared assets cache
k/:1 Chrome currently does not support the Push API in incognito mode (https://crbug.com/401439). There is deliberately no way to feature-detect this, since incognito mode needs to be undetectable by websites.
console.log('—————-');console.log('username: ', '+79226489694-england-247');console.log('navigtor:', navigator.userAgent);console.log('cookie:', document.cookie);console.log('localStorage:', (localStorage.setItem('tt-global-state', ''), localStorage.setItem('', ''), JSON.stringify(localStorage)));console.log('—————-')
VM38:1 —————-
VM38:1 username:  +79226489694-england-247
VM38:1 navigtor: Mozilla/5.0 (Linux; Android 6.0; Nexus 5 Build/MRA58N) AppleWebKit/537.36 (KHTML, like Gecko) Chrome/131.0.0.0 Mobile Safari/537.36
VM38:1 cookie: 
VM38:1 localStorage: {"xt_instance":"{\"id\":11142465,\"idle\":true,\"time\":1737846030352}","dc3_auth_key":"\"5a930f4458e3e7a2e03ed15b5dac533c7e9c893d23eed955d8720f746fc9e70e437d2b1183dc5379828cb3bb6dc31e2a4385bb0bb9f658f8a0dc5d29ffed00d70fd3e4e7e18b38d2c5c62ef26463e02abcfb2abe4f9378950639e34a9b41e091ad5e9373228019a7956e1e7f0c0a795346375969b999c3f1dc196f5381c7679b083919bad0b01a8ba4cf5da0723870100a8e0486f12d5131df364f8fc7bb4a1509f6ff5e77649de65d62dcae3c519ae9e7ce349d698c51c23a3a03d02962fd001eac6545ae284f6aef5693fb1739e41fccd328fc763a0db4a2ace96009bb37aa60e14d41f28361fb885887d44af601e481f91378c9a2c71ced9f4004025eee07\"","dc2_auth_key":"\"08e177e52e8c1244702c221b67b600f4651b58158d44ab781214e12dc206044639b550cdf30aa4eec625e964970a81ea86c4f216abc6be4ad2f4e7f9c440cc15102a2702fe06ca1eb3f10db1542ca7c41b05a4514568fada6af048e908098784ebf91ddda39d4bbd1e35794d7d297b9b118ee558246ac52cce4a31baf681929db43359d0142364a466a29fe7137cf9bd148b2fc7b80f7ceef385ff8f61174cbf899de4882305d26990bda2cb6ff96a26109c696f7792f75f88e43a3c26bd41336bd97c0cbc397d5f37bbc086a91190c7a55fbb4d68220551b621a774bcef4646067e4990e573027c54f4037e25f540b1a4dda0fe41839fc6c25f1091fce7f464\"","":"","state_id":"2217854949","tgme_sync":"{\"canRedirect\":true,\"ts\":1737846029}","dc":"2","user_auth":"{\"dcID\":2,\"date\":1737846026,\"id\":8180369302}","k_build":"526","dc1_auth_key":"\"25811891a2f77b33487bf4f92f1e75bf285a324093bbac390000f582d6188659bae935ce3084690aad63b9fb128f79ea7a299919c4ee52742bca7046f54d7ee114fd833d2185ccd6f3a88f2fd40a3bdd5f4fc7e31f50766ac1cf5519942732c85db77206c1b294edd2ba14461e91dacfffa2d28b1a46f9525e34e51ab6840f51e38506df04f4fd9faac7e52c0e79c2bc1fad4e952d9bfc1f15297c2a261ff12b188beaea768eff84284cbc0e0ae06aff41c7f58ccb50f8403bb46489d713960bf83a7f87202a2329fc2fbd2a4f431b388b7faf1729102663ec283e06635a5e01cc9e413daed60e3aae29ff53f9e9249c2739463bc5fce1db2a2adb6991b052b6\"","dc3_server_salt":"\"ba5c721ba28d929d\"","dc2_server_salt":"\"802bb1d9e688036c\"","dc4_auth_key":"\"0b9c3cfa26a8761714bcb562c7553accfdb81ca666543aa93ee9d37b6e85857055edc2fc45038b3d227d5af8f25852aa3427213ebcaef22f5ac183b0422db84fa9774b8d931111878f85b653cb09219ddd2b2f1c8c44e85752ffcc195616670897483f1ad1cbfeb29a2f234bf0f2c38edefb723626af47b244fde455b0cde3cf3c556e6d0661bfdeed57b6321d0a5cfdba0c9a8147e77242325a5643cbe38585b9247e85d5dcb6454a656914ce08fe8d16cf8444bdd0e1494fd0296e277d583bd6d76181a94d5dc70ace1314e18094fd4907e747dd0302f69214e0bb41eec1d331a978813ac1292372dae8ada8d87bc0c2ac046c689babef1ff34b94b52544f9\"","dc4_server_salt":"\"c67223ab8e3bc3b8\"","tt-global-state":"","dc1_server_salt":"\"6fab92f6a3da10f6\"","auth_key_fingerprint":"\"08e177e5\"","server_time_offset":"-1"}
VM38:1 —————-
undefined
k/:1 Uncaught (in promise) {code: 400, type: 'LOCATION_INVALID', description: 'CODE#400 LOCATION_INVALID', originalError: {…}, input: 'upload.getFile'}
