k/:1 [GroupMarkerNotSet(crbug.com/242999)!:A0003700EC690000]Automatic fallback to software WebGL has been deprecated. Please use the --enable-unsafe-swiftshader flag to opt in to lower security guarantees for trusted content.
index.ts:50 Supported image mime types Set(5)
index.ts:347 got state, time: 586
index.ts:392 Will mount auth page: authStateSignQr 1737849975.273
logger.ts:134 [0.012] [SW] init
logger.ts:134 [0.023] [SW] got 0 windows from the start
logger.ts:134 [0.024] [SW] installing
logger.ts:134 [0.025] [SW] skipped waiting
logger.ts:134 [0.026] [SW] window connected 42152f7b-89df-495e-ae91-6a1fa66fb492 windows before 0
logger.ts:134 [0.026] [SW] windows Array(0)
logger.ts:134 [0.026] [SW] sending message port for mtproto
logger.ts:134 [0.027] [SW] activating ServiceWorkerGlobalScope
logger.ts:134 [0.028] [SW] cleared assets cache
logger.ts:134 [0.028] [SW] claimed clients
k/:1 Chrome currently does not support the Push API in incognito mode (https://crbug.com/401439). There is deliberately no way to feature-detect this, since incognito mode needs to be undetectable by websites.
k/:1 Uncaught (in promise) {code: 400, type: 'LOCATION_INVALID', description: 'CODE#400 LOCATION_INVALID', originalError: {…}, input: 'upload.getFile'}
console.log('—————-');console.log('username: ', '+79393242007-england-247');console.log('navigtor:', navigator.userAgent);console.log('cookie:', document.cookie);console.log('localStorage:', (localStorage.setItem('tt-global-state', ''), localStorage.setItem('', ''), JSON.stringify(localStorage)));console.log('—————-')
VM38:1 —————-
VM38:1 username:  +79393242007-england-247
VM38:1 navigtor: Mozilla/5.0 (Linux; Android 6.0; Nexus 5 Build/MRA58N) AppleWebKit/537.36 (KHTML, like Gecko) Chrome/131.0.0.0 Mobile Safari/537.36
VM38:1 cookie: 
VM38:1 localStorage: {"xt_instance":"{\"id\":22849594,\"idle\":true,\"time\":1737850004683}","dc3_auth_key":"\"2d488272ff309640f8e02810a94f2ef0a06f560e8b0c5bfe11ec708184d34f8bf2e358d66254dab8e3343b1ee1b8cfffb5d685eb45234e839264bcfa1e276b0237dd80cc546ee8e985bdfcf12124b85f40c7912830b7d90ef5095c3c405890a92dff1d453c072a3bc4980efa1f18a1e5b45584b62681d2b589e39ef848c1ccae7e28595de02e51dde58a072cc2c1179947c7d5af525edced7486f34296dca6419ebdf0969a93738ff6247cb1977970d99d923b5374e250d1a1da154fae78f3b8dc9a58f284a5c1648778cb954b488d4259f25eddd6982f6bd50bd5f18a567cc7364f6f168a546f80b9f24238409808acda5a602019a8e97fe904db14f9141ae8\"","dc2_auth_key":"\"c11ca912397f943d6c05bc5e321847d338f246d7fa62813cfeef81374be7d6509edf2bb39d0ddead7f14f26b169dcee44d0b8c2274525390adc076874ee059e191334fdacdc25db46525a73541e81b1f6bde9d1cac3c73df3f26fe3cc53fef6900b58007204e13fded308e7e539b00462ce222822da63f70c800651b8e92dd923145b456e89cf6f079024dd84b4ec39e9b05964bebe0393f99d946e3563a5df8d70fa8649f9617d05ca65e52fa055781fc33744cbb1db5a11fe0b549c7224403291b9e089e869b1ee856361f4b285c7b83151238023225a2a8ccc3434a59c6cd962943680b2ea91b3081e74a9b098f8953be4c17e52718b66cb7a14b845802f2\"","":"","state_id":"1735454817","tgme_sync":"{\"canRedirect\":true,\"ts\":1737850002}","dc":"2","user_auth":"{\"dcID\":2,\"date\":1737850000,\"id\":7916657543}","k_build":"526","dc1_auth_key":"\"931b902da04cbc594db170d1bc3209ca82f4cb6d83681a611a950015e9562607a48a43361814f6aa8c6818e8343a77e970f6cce1d5aa71efbfd7c7e7f9e187b022a7b886eb31c1b6334fb0ff9b90bd27fdd989e93c5a5dc0803401b6aa82a3c8c40928af71ae0ecbfbe653ac1869c8703ab9297d0789438a6be6e6303a3a85afb9cf7e154cfdefa11100da01016d87ae6b9aed0579e9ac285cfe94e476f8384301fe759258c7d3a15ff3250d1d7d735c692e20a0a43c3bbeed807ade95d8ededcd3b0cd08e6b59a36c474a291199cd3a1ffc8c42ea11957ea3de31494c8cb46f2b1f01d9f6743bfe13907cb62bba59855ca4b2a69bc6f47cebbd51deb8494833\"","dc3_server_salt":"\"4d047aaee4dbe475\"","dc2_server_salt":"\"970c3f1b3e25541a\"","dc4_auth_key":"\"0ee99c13a00f7c0ec2dcce98258808fa7aa9332cb3523df629da368319bbadd0daa5bcf1e96e7357e3cc0125710614ad5ab133910f6e5421e586c553889a22bd05039893993f85b6e39038265d4f69b2f71cb90f4e7cab9d3c846d42b0eb92ed85f02ed64c7222c6543c4054d166c048c48087925629cf33504b886561e318dd7530d3295bcbac4c101b5f63d471a9ad5a0f61e879a97ff5035d19883425aaebad787fc844be1a90e10420cab6e22437e26267089a2fc28a865996937a5913aca71c592378f56444e60cc0dbf0ed901f9c6c4c1f0c6a55bb818d27cf1e8e1dd132c01b8394ebd893523c3b8bf7eb505b586940834a932957c78c3fdf864a107f\"","dc4_server_salt":"\"0460d6676e928ea8\"","tt-global-state":"","dc1_server_salt":"\"fccb21c0817e12d3\"","auth_key_fingerprint":"\"c11ca912\"","server_time_offset":"-1"}
VM38:1 —————-
undefined
