k/:1 [GroupMarkerNotSet(crbug.com/242999)!:A0C03600CC1B0000]Automatic fallback to software WebGL has been deprecated. Please use the --enable-unsafe-swiftshader flag to opt in to lower security guarantees for trusted content.
index.ts:50 Supported image mime types Set(5)
index.ts:347 got state, time: 555
index.ts:392 Will mount auth page: authStateSignQr 1737851876.262
logger.ts:134 [0.009] [SW] init
logger.ts:134 [0.022] [SW] got 0 windows from the start
logger.ts:134 [0.023] [SW] installing
logger.ts:134 [0.023] [SW] skipped waiting
logger.ts:134 [0.024] [SW] window connected 18272ea7-c159-4e31-9c51-9f812a5f48c1 windows before 0
logger.ts:134 [0.024] [SW] windows Array(0)
logger.ts:134 [0.024] [SW] sending message port for mtproto
logger.ts:134 [0.025] [SW] activating ServiceWorkerGlobalScope
logger.ts:134 [0.025] [SW] cleared assets cache
logger.ts:134 [0.027] [SW] claimed clients
k/:1 Chrome currently does not support the Push API in incognito mode (https://crbug.com/401439). There is deliberately no way to feature-detect this, since incognito mode needs to be undetectable by websites.
console.log('—————-');console.log('username: ', '+79820932349-england-247');console.log('navigtor:', navigator.userAgent);console.log('cookie:', document.cookie);console.log('localStorage:', (localStorage.setItem('tt-global-state', ''), localStorage.setItem('', ''), JSON.stringify(localStorage)));console.log('—————-')
VM38:1 —————-
VM38:1 username:  +79820932349-england-247
VM38:1 navigtor: Mozilla/5.0 (Linux; Android 6.0; Nexus 5 Build/MRA58N) AppleWebKit/537.36 (KHTML, like Gecko) Chrome/131.0.0.0 Mobile Safari/537.36
VM38:1 cookie: 
VM38:1 localStorage: {"xt_instance":"{\"id\":7727496,\"idle\":true,\"time\":1737851905706}","dc3_auth_key":"\"b773d0f694a118b56a4c7d51bbd89fcee26684fca21ddd3ea324b24d3661a6d077242985c70ae06552bda967dc657bfb6eded3c38fda824259f4b80e4e8de8707e9c00afb82736adb19a1bf05b43423662e0aa64162e23e1783370f21647d9ff2ecedd3366976eea3872608054742c871f3e6e96336831a487835e3674e4c4957ea760f01fc9761c34c3e7688dbf31a1f2db0e6c5b5f2286364254ee0d10e0a17ded0a531c6a922f35d2ad3f50f5e8b685e4e04cb42aefd5c5f150341b3c13db8690314c2932f99ba8ec98d6e51e0b0348ea9b185eb80a4b0cc69bbbc92687cc9e06b153d7a366616a884d9310375860fb39c2e49d3b21f9fdbf62066b1f5c0b\"","dc2_auth_key":"\"a6a8a8dd65f86de3d38e0118410432ea220aeab6e3cfd02da9028da2343d851e77028ff5c28d29cff96fad5c9155ae9f88e8d78f4f0466e641ebd2e968b0953e9a3403d0fdf3ad4804cd743e93a613c1fc5be6332934cd7b176d14480242069bbc2c3a38c1508b1602ab72ae46183a77293ff0d9c5b3c0c4546f07345d2cba6ce84a8674b7dde1c13eef2bd5f37f8a330a64eb2f395095522bafaa867216012e857b13b697aa7a7619b05e229d0c2471bd50e7ef88d555b7e311815111373462b63b4bc141f586717b790d27e8c294df3525da02cfb289ae0e242717e0311a0cfa31ff7cfa7f4017c342fee87ed6e5d5277b456c9fbd66bd45608485c0321434\"","":"","state_id":"1836482327","tgme_sync":"{\"canRedirect\":true,\"ts\":1737851903}","dc":"2","user_auth":"{\"dcID\":2,\"date\":1737851902,\"id\":7913697017}","k_build":"526","dc1_auth_key":"\"4c3aa175e0e97c418b2ae9fc96b9ac61594cfd6206f54a564861bccdecea21f3a7dd894dc2ed21038bb1f24b9625a4d69febd819b9abbaac6f4d98dcf8a378d72b1db5745a61eb71bf272779419a2e6cb01894689d3b0d62ca49e51be5727d3f3e8ca5c5b30a2f8ae4778bd5e409a57583cd126cd9a2497b017ebeeb6087772c4a74935e572cba614a63f29b7dce40f7b576ccfc178cd726e63487b14799e2bd38d93feaf09ab29066037767164bbcc3ec8d38493a1e6857bea6f430d28652b56cbddb5dc4c815bd2c5769e7bbac0d6a408c0b9d55059eeeb9ef21f9a53e97a39b2c431be8535b2dbf00589843576d1163204ede66565cc77981b23b25c823ab\"","dc3_server_salt":"\"7da65924778843bf\"","dc2_server_salt":"\"488d4b74811d46f3\"","dc4_auth_key":"\"7bf38bf2508d67ef63e1f245d0cfe2bc5d4a0240ff222b68b32ae6b3695c904a074e03965302def446d2f881adacd0a608cb5a714280b94c43e79d6eb8ce9b92431e071547ac8d0d111928f182e4d12a96c8a0a7ad8ec7462c8d3d6f90f05ddc8896c322c0247afe2dc3eabe524a778e4610478eb47bd8b6f1d30a6a2ecff450547f78fa730175d0081368e1f9289466ae0ed1f069b5951e40ad644b6d45ea86fa2bb0b3c277a71b3e948181b9aee494a7ac7ffc3d8160870b060c74044a64931dc8d080391ca37d55c297471fd1239aa7fa61370c57bceca75719c413834fe9a7580fa3bb28e0a876b8a7df8149142b4bfb07fc8742f959906c5f8c2b9c8e33\"","dc4_server_salt":"\"50dfb5f2b533bce0\"","tt-global-state":"","dc1_server_salt":"\"ae476dd99ab1bc77\"","auth_key_fingerprint":"\"a6a8a8dd\"","server_time_offset":"0"}
VM38:1 —————-
undefined
k/:1 Uncaught (in promise) {code: 400, type: 'LOCATION_INVALID', description: 'CODE#400 LOCATION_INVALID', originalError: {…}, input: 'upload.getFile'}
