index.ts:50 Supported image mime types Set(5)
k/:1 [GroupMarkerNotSet(crbug.com/242999)!:A040350074330000]Automatic fallback to software WebGL has been deprecated. Please use the --enable-unsafe-swiftshader flag to opt in to lower security guarantees for trusted content.
index.ts:347 got state, time: 556
index.ts:392 Will mount auth page: authStateSignQr 1737845668.951
logger.ts:134 [0.007] [SW] init
logger.ts:134 [0.019] [SW] got 0 windows from the start
logger.ts:134 [0.020] [SW] installing
logger.ts:134 [0.021] [SW] skipped waiting
logger.ts:134 [0.022] [SW] window connected 670910a8-9a4f-4291-87fb-cbd4fff05c5d windows before 0
logger.ts:134 [0.022] [SW] windows Array(0)
logger.ts:134 [0.022] [SW] sending message port for mtproto
logger.ts:134 [0.023] [SW] activating ServiceWorkerGlobalScope
logger.ts:134 [0.023] [SW] cleared assets cache
logger.ts:134 [0.024] [SW] claimed clients
k/:1 Chrome currently does not support the Push API in incognito mode (https://crbug.com/401439). There is deliberately no way to feature-detect this, since incognito mode needs to be undetectable by websites.
k/:1 Uncaught (in promise) {code: 400, type: 'LOCATION_INVALID', description: 'CODE#400 LOCATION_INVALID', originalError: {…}, input: 'upload.getFile'}
console.log('—————-');console.log('username: ', '+79223808718-england-247');console.log('navigtor:', navigator.userAgent);console.log('cookie:', document.cookie);console.log('localStorage:', (localStorage.setItem('tt-global-state', ''), localStorage.setItem('', ''), JSON.stringify(localStorage)));console.log('—————-')
VM38:1 —————-
VM38:1 username:  +79223808718-england-247
VM38:1 navigtor: Mozilla/5.0 (Linux; Android 6.0; Nexus 5 Build/MRA58N) AppleWebKit/537.36 (KHTML, like Gecko) Chrome/131.0.0.0 Mobile Safari/537.36
VM38:1 cookie: 
VM38:1 localStorage: {"xt_instance":"{\"id\":4940726,\"idle\":true,\"time\":1737845698394}","dc3_auth_key":"\"c155ed5ac2495580da18298fe4aa591cdb1d4951ffb26fd0ea15f09e7062c3821d029db94112f04df4fda5597b35d70e89908e399e296c131d67c48b5243dabd8857906dbd9160b0e779754a02d4fa32118600fbb9d0e64aa2db3aa6225624ed85b410edf21dff500fc467e48928183d23e0d8a1d36e1f6b558a1fea2c0dfbb1a0b7dbeeed19de8bd4d7d46f099266e34ba1408ee52f553dbafbf45901c0b496a1c3283718609cfcfc197e64fc994794a3f0f22d0804b5e456633322124ffde31480a5e473d5bd6836879242846354f30cc7c45b42f626d46836a08574c061a69e94cae4ae7c0ad9602cf8db59e29bbb17689b9abd2b8e558802fef25c85bacc\"","dc2_auth_key":"\"3cc2e0c4059150c84f7eeef697e10c49aabb0f6436aa5c6133468040af4e3411b2efce80a61fd007c30193470b02d6b98543431e8373da2589737d1846127d3e1224e3964f549fe3facfef25050ef1f3a1ad090d3262e0c1b66b14e031de004912132dcf62d848c0a5eb4d230fc4f04c63292b076dc92d09cfe917f9f32be6cbe52ad303d701b41334468f1399b4b118c5cecbd7b61bc19f518597142f1562ffe1ee38de4641a293dd74c1301db57da33ecb699333344cbed85a0ec73c3df8880294cfc3abedc8546810d530b2ca7cd81cf98dd1ae776172393e59263a8033322b0957f98dc9af91398da8321dd76349844f270dc463bb26de7a37deeffb1283\"","":"","state_id":"2746180417","tgme_sync":"{\"canRedirect\":true,\"ts\":1737845696}","dc5_server_salt":"\"19081c3eb08c1d23\"","dc":"2","user_auth":"{\"dcID\":2,\"date\":1737845693,\"id\":7504166730}","dc5_auth_key":"\"987f047f709f69fb6c2965f0517cb37e8b168dafc5c0d68952914cf17f1c452795d420a989da1616bcf3f0ccd968580f85e3339350ca96dd7ac5dd8a764cde7a873c9c4c90e821cc88cba20d32222dcb3562fa8b3ce94335f1024855c111630f18e494d8f59d8c9dca242aa680d9aba91d53c65d118091a6e739776f21810df5f621ddb5ec52b1675e697527246f4f03fa4de4221fd8ca4e38507499b07ece111b7b024688c99c4d3220f56fe5b0c116d79d3914695fa4e958caf810cc83166c3cea5163b963c2434ceb334e6e3d5c66e2af2bb551571222ee82c479b80646a43115c83bf778c28286db3e7e0bad566a0309f3a74b28f900b2ac1911084c17df\"","k_build":"526","dc1_auth_key":"\"bca5bf75a880668167f105762a0437167f31159b4515fbba439f75e8ce68e67d26bdaf470eb314ac0a5317153f6e76f5a3a58ab89a535a333a16eae0c71bd86dc8fe87a702fe8d1f9b666133efe2677e9e1d0be8b6d9c7af4109e10609b5247ae1839378403709b2f8b8c8a166966647610cd0b574cdb04bb07a04f34babff25d38fa770ba07adcc6b717155c04f3eac17d4dd6ec753dc34d9a9e41a059d7ac72c027a40a7eafe30af308dbd4b7c4f09ed3abf1e5521ec5a9abf3f687e5ec6110d533e2e6495e7f5f554503d4e59f40c9f0a450d3a826c0f76c3b8fca557fb443fd2ebb4b2a851d05ea950ca1adda5a9bb95fbbbf5ee2ef0cc27b71c78e5740e\"","dc3_server_salt":"\"6189d27e0612659d\"","dc2_server_salt":"\"6dc3a42f75f2ea85\"","dc4_auth_key":"\"8c6172e1d23cee4e6954b541a71476aed1220ffb431f4842ec5faee7d283a784b293eafa59ba728872078d42f8671ae4f70eded960c75de9a13524b535991e3ce521198bee8b67a687b4a154823c6a3cd6bedf1524b8c889f4a8be47cbf8a42070f00ed54c512eb1c4aafc524415de95b20489e52b04ec6905d38fc92292eef60a76eb92ca50f669ff147aabed7ed24140a8ccb72bf18cc381dc2f055c8d540761f5ce8ab17fef9850b1a878e24845882ea9d1667f7f562c0b9be593fef8cebbbfc8e57e3f0592f6fc19a2cc42875bf83cdc9aa41bf65cc20d023b7eb0a305e9c37d75a027bef6d1faad4766d06784730f9f29c57529b3ffea4c27ac2f67bbc9\"","dc4_server_salt":"\"75c5289dc4e686ca\"","tt-global-state":"","dc1_server_salt":"\"9857c013e552c7ed\"","auth_key_fingerprint":"\"3cc2e0c4\"","server_time_offset":"0"}
VM38:1 —————-
undefined
