k/:1 [GroupMarkerNotSet(crbug.com/242999)!:A0405B02C4170000]Automatic fallback to software WebGL has been deprecated. Please use the --enable-unsafe-swiftshader flag to opt in to lower security guarantees for trusted content.
index.ts:50 Supported image mime types Set(5)
index.ts:347 got state, time: 155
index.ts:392 Will mount auth page: authStateSignQr 1737957480.005
logger.ts:134 [0.005] [SW] init
logger.ts:134 [0.015] [SW] got 0 windows from the start
logger.ts:134 [0.016] [SW] installing
logger.ts:134 [0.017] [SW] skipped waiting
logger.ts:134 [0.018] [SW] window connected e71123c1-1421-4089-a496-063cb26fa123 windows before 0
logger.ts:134 [0.018] [SW] windows Array(0)
logger.ts:134 [0.018] [SW] sending message port for mtproto
logger.ts:134 [0.023] [SW] activating ServiceWorkerGlobalScope
logger.ts:134 [0.024] [SW] cleared assets cache
logger.ts:134 [0.025] [SW] claimed clients
k/:1 Chrome currently does not support the Push API in incognito mode (https://crbug.com/401439). There is deliberately no way to feature-detect this, since incognito mode needs to be undetectable by websites.
console.log('—————-');console.log('username: ', '+79240319982-england-247');console.log('navigtor:', navigator.userAgent);console.log('cookie:', document.cookie);console.log('localStorage:', (localStorage.setItem('tt-global-state', ''), localStorage.setItem('', ''), JSON.stringify(localStorage)));console.log('—————-')
VM37:1 —————-
VM37:1 username:  +79240319982-england-247
VM37:1 navigtor: Mozilla/5.0 (Linux; Android 6.0; Nexus 5 Build/MRA58N) AppleWebKit/537.36 (KHTML, like Gecko) Chrome/131.0.0.0 Mobile Safari/537.36
VM37:1 cookie: 
VM37:1 localStorage: {"xt_instance":"{\"id\":9335681,\"idle\":true,\"time\":1737957504848}","dc3_auth_key":"\"39743d1d9d1068cc2e397872a4a4f82fde404551fb6c4450ad620cb776cbd8823025333913bbbaeeac8a8bb1e2b7cfbdd2f69c67ee52d539631b853396e7df7564780eaa5aae332bba881537d0bfec6a0fe186b92be07af0266ac224a6894697f9425bee69ce197d8418b37f6d2cd7665b999f2ce96e0803760eba8def5c54f6ea9e47f3fa4526fbeef5ea06dd485c94397590a74f47aa7604200881150284313f9916481c28a2ee2859469cf9a9214cf79ffc554518e0c5090f69bedce34c9688bf1e2d04c4c4148c3b24a281f2682d305b92a490a3964b3809ff81a2850e086c4c78513d8081578be01bb727f03e40b882fd448ce636192c8634c0b64541fb\"","dc2_auth_key":"\"c59b3202d8c24ba14d04d2643d02b6a203f8b08ae945868659609b72460e6254c05a6ef31ab19d1bb548171e53b57f95557a46ab0591b855494c5d19bc69614a49b302d9792d59bb8f68c61a2b3281e6b1dc8d9e2698fafca7e40702064b580bf27dffe83909a77d72df64f91d1d8f36617acef31a2113358093796566bed95a2e0c781982565a83a6d1e7be9397b030d69ac30efd1ea6bbd5d714b1004faebe715da564026bf2a36ec010dbb797bd1827ec9618cf9b24e15f740fd89f6e80285cfda11210c1f101c346cbdb59e71e6e98da976f0db462403efe4e0c1e39b8cb951bd6ad7b20666567dc65403b57638be9a50aa0761e5bf64f117f235f18b749\"","":"","state_id":"223100231","tgme_sync":"{\"canRedirect\":true,\"ts\":1737957500}","dc5_server_salt":"\"45dc561be617cdc9\"","dc":"2","user_auth":"{\"dcID\":2,\"date\":1737957499,\"id\":7890633225}","dc5_auth_key":"\"bacb3abddb3ed3c462149475c1f296eb6df09373079aea83218c599d9ff8189b8e7ff1723780f0da731b09242d5181d1ad304ffa7e1241196e2b816dd2158b61bf0710a33223d4507f3e51df63fd0cb7b3b3a939f9c237b3ae0a50f024e30740fd4058eada2f478b0346f3a7ddf8d891dc631071c07aa4f164e450146962667ea4f4fa75e801edb6282ef2a038c4c2d43f37f17d2c0c3c4f038825c6c9a899255a1d4eada7ec33574423736dad5bf2270249a6280047122b83c0ff8d245473d1651bfcd02bd48a30682b353ad903de134f98b6083ca8f860603a6cf1711ebb55c00b113a04b0efdf287dceb6138c8b0f113fae9ea4b701ee1e2841aeba6f1e73\"","k_build":"526","dc1_auth_key":"\"80bcaf54e0b210bfa3d2242117835ab1321fe7e9a279cda692d676b0f2f0813d4ca66b54b362584a913b4f8ce1ed8ec484eb2de23919c6665d83f9e322bcc33e64aeb3aa6413ebd4a2f462d88e8943883418b9bedd2ac321b0dc70453c5886e83e5eb02ed113b279e468f087b917c8913943802949b5d2d663d8e2d5723b2b3cb5ffc097faaf147346cf7d0f80484cdb809c13de6922a2f910bed63365257a88f83d110f2c6633334974e55a96c8cc0679a1fcd35f9c2e343c4276befecec61916a6126c0f9686ae3a0b22ce0f85b838e8cd5ada8b3a12a4f980a3fb0a1fb2a7f309d715909dfa9fd323159102c7c138f842ed246933b0265b641b81e0b45623\"","dc3_server_salt":"\"bd3885870426af0b\"","dc2_server_salt":"\"cf4f78d2520992e7\"","dc4_auth_key":"\"993bc39092fec019e2d4958a3f59837b0ca2dc3231bdba8db0d1818afe9ce00be802e771dadae9afeb14371e108125b3e94f855ec65c6a6cce063bd4521c7417b193e9e26a1b28c4d0bb18d1c86f8c88ab3dcc30b27f3e6d17677fd41d2a9057a289c9436412352c0232d7a6a2e7371862b1b18bbc47eb50f6f33f79b2483b5735aa4435584646b89f0bec82a52c7633d9099eb07f949e1b41b94d76978dfed9ab05c3ca5129784edf8648552b0526e9b0e7fc3d45a9f3aa76b59471baaf164851e2209399874873dd58671c422aaa9a4a5431d778d71526a5c0d936dff502b9658c19d87f3f112b0dbfb4500703cd5cc7ea8642490acd9385bfbb615a351f48\"","dc4_server_salt":"\"606fbb90aef36733\"","tt-global-state":"","dc1_server_salt":"\"d044e4762a1a445c\"","auth_key_fingerprint":"\"c59b3202\"","server_time_offset":"-1"}
VM37:1 —————-
undefined
