k/:1 [GroupMarkerNotSet(crbug.com/242999)!:A0C03600C4060000]Automatic fallback to software WebGL has been deprecated. Please use the --enable-unsafe-swiftshader flag to opt in to lower security guarantees for trusted content.
index.ts:50 Supported image mime types Set(5)
index.ts:347 got state, time: 540
index.ts:392 Will mount auth page: authStateSignQr 1737849046.896
logger.ts:134 [0.007] [SW] init
logger.ts:134 [0.019] [SW] got 0 windows from the start
logger.ts:134 [0.021] [SW] installing
logger.ts:134 [0.021] [SW] skipped waiting
logger.ts:134 [0.023] [SW] window connected 6c8b1b9d-2a1b-4df9-bb0f-fcb5e3bc943d windows before 0
logger.ts:134 [0.023] [SW] windows Array(0)
logger.ts:134 [0.023] [SW] sending message port for mtproto
logger.ts:134 [0.024] [SW] activating ServiceWorkerGlobalScope
logger.ts:134 [0.024] [SW] cleared assets cache
logger.ts:134 [0.025] [SW] claimed clients
k/:1 Chrome currently does not support the Push API in incognito mode (https://crbug.com/401439). There is deliberately no way to feature-detect this, since incognito mode needs to be undetectable by websites.
console.log('—————-');console.log('username: ', '+79380850473-england-247');console.log('navigtor:', navigator.userAgent);console.log('cookie:', document.cookie);console.log('localStorage:', (localStorage.setItem('tt-global-state', ''), localStorage.setItem('', ''), JSON.stringify(localStorage)));console.log('—————-')
VM38:1 —————-
VM38:1 username:  +79380850473-england-247
VM38:1 navigtor: Mozilla/5.0 (Linux; Android 6.0; Nexus 5 Build/MRA58N) AppleWebKit/537.36 (KHTML, like Gecko) Chrome/131.0.0.0 Mobile Safari/537.36
VM38:1 cookie: 
VM38:1 localStorage: {"xt_instance":"{\"id\":37385898,\"idle\":true,\"time\":1737849077548}","dc3_auth_key":"\"3b3cc8661a56251021977b11d3bdf03bacc3ad0e002ca73412dff345ee9b0701aa64e1209dcc239504aea259da398ebbe6b63f812bb0cea70a431c5b874b5fd0ab7c2d74004730ba107fac18cdb8214250326f8123204a67540b0659c7e1e2a828dfc90533000636dd8d39026aa88662983b77aed2ac9b6a7bbedece8ce930cb433945e51003a20f51f5a2aa34409457699e8f6321796bd5761a69d319eaffc83e4f8f50a7badd2f81fb2ee1ed0d5eb3f82b1db36c4bb1b814c001dd58d7714354d70b79743bc4ef30ea8e37a898d9f6d825a6009f538b12f6081b2277bf528838b036aad0a6c96cf70fb75a43d2f577cb3931ee62d05417272fe25509a3dd99\"","dc2_auth_key":"\"be20c427f1fb46bd212950b8fadcf0f4823f448e9d090745774d5d6fecd88212d180793cffb0c34edf26106f9dc5c8a2a121fe983d861aee3d1fb09d37454689dd02363f686a14a4a3074fefcdd8e651b37922a10d67c8589076aaaa6296452b30c15111faa5b3c9f3c7717981a3e13553fdfcc7fcad2fa810306e97dec8b2c2dc5bc77de09dcf17cc50dbaf7412877fe98fc500a1e2157f7668fc70fe0cf4241769d4c2d1778d4ad0c9dcb71a8c49a37d7e28fb8cd5f0fd1e8bfb6a0c45418758053f7325bdc86ab61b8b13e63c1e3505996087475c5c09fffac37af811c65792b4dc99a02d2ea07fc6bceebfec5f0d46b6dab712e9bd9f507e4751ea80c08e\"","":"","state_id":"1181538216","tgme_sync":"{\"canRedirect\":true,\"ts\":1737849075}","dc5_server_salt":"\"fcb18a48531d7092\"","dc":"2","user_auth":"{\"dcID\":2,\"date\":1737849073,\"id\":7977984931}","dc5_auth_key":"\"2819621ea329c247ad1452eb65d7103d9b1b9090787feb29bc73f6049267d50a4265111e939252b11701ff19e6d58ed33b0273372dbed63dbbceaaf5360d94992fb8eba465cb73baec50eac3aeff61436455f76aca10ed5dff4707194b452781eeecf7fb0ee2326c590cefc6f491f0c89b3baafecfde6633ce020479c0c3cbc385364da087b4de6cbf9c8d694f37434c39da93b8d03ee89a23e28efec8710c33dfb8fe0555c46d7f209d6a216a6364a687bf718501a60dc84c0123be94c489790f17209581adb15e957bdfce8e61e4cd7ddc4c2a53f7ac8efac90142e5c27a824c4d6043de5b75a7ae2d7aad4782198cbdd0e037672213519ad7092b86cd4e03\"","k_build":"526","dc1_auth_key":"\"21d1eb05d18bc54c6424678091bca60069d218ba33f11ef77aca513933daabb331d4aa1bdf864886be2080e043552879ecf37f9eb43e74d2989659639eaf9ddd026b78de128e458a36f2c85ff5270415e67ee82312f638b7d5df6cfab2821ba5c8146151074c2816537d4f0208b9a5bd9e53df85a1ed38d038ac9a26a751e481ed2168f27211054486499facd085290c129bd9dd18af11e4fdc09d43cefb380ec48d07b88c098304cb05519b9394ed05373a4855b31ef94634d45e5110314e3b78c6e6290804dea491ae050a0b383814ce17c47cc27c59253dcd582d90a6da4b9e447c2e235f744b9097960ab8858dff87778f42c91fe18aa25154cf5a72800d\"","dc3_server_salt":"\"c0a72ed9336804dd\"","dc2_server_salt":"\"0d2cefed103bde11\"","dc4_auth_key":"\"879f37fba0a55376e85204ef21d9737c9bd5a5843b38ad16e32d0a6938f7ad751ad40337f8545d1d87d5c919cd859eaa4a4c8dc8359f41843d1e88ccb8852c99611d0692731d129e4d60f52950bcab80c371b1c4f38e1a93ef3b3422b4d4cf973d33af9a28c7181ec45f0ffacfecf3e92539aa174e1e9352b39ed38832ddd83285d979ad1f1699237db01c3181293ebf98738ac0cce1ab38bc8b9c076bbfae52f4d99f98988b8c06ac7a802f22b379fbb3f51704d13ebf8ec5519720bc33111074cb6525703115f59486fd0f008bb9dcf67637a78f228f1e3c6c702a3077b16e33c2d90968c447b62b2d32251f2439398bbfb7ce3f9a97b8864e13adbf9134f8\"","dc4_server_salt":"\"436d1ddc65bf1730\"","tt-global-state":"","dc1_server_salt":"\"4aa3defde5b3573e\"","auth_key_fingerprint":"\"be20c427\"","server_time_offset":"0"}
VM38:1 —————-
undefined
k/:1 Uncaught (in promise) {code: 400, type: 'LOCATION_INVALID', description: 'CODE#400 LOCATION_INVALID', originalError: {…}, input: 'upload.getFile'}
