k/:1 [GroupMarkerNotSet(crbug.com/242999)!:A0403500FC300000]Automatic fallback to software WebGL has been deprecated. Please use the --enable-unsafe-swiftshader flag to opt in to lower security guarantees for trusted content.
index.ts:50 Supported image mime types Set(5)
index.ts:347 got state, time: 565
index.ts:392 Will mount auth page: authStateSignQr 1737850168.366
logger.ts:134 [0.009] [SW] init
logger.ts:134 [0.024] [SW] got 0 windows from the start
logger.ts:134 [0.025] [SW] installing
logger.ts:134 [0.025] [SW] skipped waiting
logger.ts:134 [0.025] [SW] window connected 59b3cfc3-4bf1-4be2-b48f-9922d9b8aa9b windows before 0
logger.ts:134 [0.025] [SW] windows Array(0)
logger.ts:134 [0.025] [SW] sending message port for mtproto
logger.ts:134 [0.026] [SW] activating ServiceWorkerGlobalScope
logger.ts:134 [0.026] [SW] cleared assets cache
logger.ts:134 [0.027] [SW] claimed clients
k/:1 Chrome currently does not support the Push API in incognito mode (https://crbug.com/401439). There is deliberately no way to feature-detect this, since incognito mode needs to be undetectable by websites.
k/:1 Uncaught (in promise) {code: 400, type: 'LOCATION_INVALID', description: 'CODE#400 LOCATION_INVALID', originalError: {…}, input: 'upload.getFile'}
console.log('—————-');console.log('username: ', '+79675845316-england-247');console.log('navigtor:', navigator.userAgent);console.log('cookie:', document.cookie);console.log('localStorage:', (localStorage.setItem('tt-global-state', ''), localStorage.setItem('', ''), JSON.stringify(localStorage)));console.log('—————-')
VM38:1 —————-
VM38:1 username:  +79675845316-england-247
VM38:1 navigtor: Mozilla/5.0 (Linux; Android 6.0; Nexus 5 Build/MRA58N) AppleWebKit/537.36 (KHTML, like Gecko) Chrome/131.0.0.0 Mobile Safari/537.36
VM38:1 cookie: 
VM38:1 localStorage: {"xt_instance":"{\"id\":17938431,\"idle\":true,\"time\":1737850202799}","dc3_auth_key":"\"8ff2607665f1351805db81d280d6ddecc7c4aaf0341fc34e0b389bb56fd0820c5752390be6b70a9c046b0b19e695da725a37d1f2fc19795b43282bca926f69ca306c5b4e4dc1de4d9048c006953aca13cc2c800f97b5491dab23e8efaa9313d5193a801532935972c37287435546d22c7362c5c7a6a3244587a524b4e8d9e3c938fdfd9d5cc078911b2cd66a93d82e276b14b3ac99dce978952a208a759863875c98c9f6e367046c9b76e62082103ba7bcc8aa51a26c628c784121116131ec8f2600fc6c51a4cec593ed618137a6845af4944aa94f332d3677e62be01c2f91905cbffb78c859453b67aa30b0a57aeb4ccd0eed542b30b2303bc1356b84b4cbfe\"","dc2_auth_key":"\"338f3c38f2f5a6505a20506718ca6bf7f0b23c85796f7997f517fea71535c33f66be42e6b8c5adee808f9e21e8c528f7ad634f7d957a4fede58890bbe500e64458fac2b29b2dae99c0ca877ce49bab3a581e56bc44c739d4bf23a3e3798efe14ca1ea0616b693e590558fe9404538490d04cf8059bc2c8a4204839d376e68b938ecc67f7f2249832a6b64fc5d32de4d8c095d429734e8c8e8b609042b75364e2395a474ad4fdeeb9e570d9be531dfe9a0a27cc3804bb0a27576b53d6f1793d25825b3c9055b9de59b5a26e105aeedefeaece0b2bae83ad2bce385118ae444cdd70cf5ffe052bb58419c944d3b00afa8221422b03a63f9ebfbb47a883daf3671b\"","":"","state_id":"135784361","tgme_sync":"{\"canRedirect\":true,\"ts\":1737850197}","dc5_server_salt":"\"ed6837cf1c22e0dc\"","dc":"2","user_auth":"{\"dcID\":2,\"date\":1737850195,\"id\":7146619662}","dc5_auth_key":"\"7ce8487a200eddb48f0e3db0a4871842127ce2335b1352659f55ae8f6daaec87069433a9857acc8fd3513ca0147b054910ff2de4f36a2f1a2190dd5a638f270eb4dccd0feea4c89e996a99da6a2a256e1af40c63a5cb93e2a7560454ca194b4f96f4cee0f92c4fb7bd18a1f56089168951189ae7a61385558bd37fa6bb09a74b60046d9c3bc6b374d95900c5e5a563e1be20c39bfc523b2c1b6613443f82d7daffc92852ea53161e84d2cd6586a76fb661c7f1fa5015a521662046e0b579d7bd3e4b1b4a34f066498d74f312cd2b917dfa5c4b375b5ce8ec50f827fc87dab40e57f0ef43d904ec9f3ad240dff3df33ce981a7f819b902296fd706304f9f851b6\"","k_build":"526","dc1_auth_key":"\"7cb173fcafb7222ccb69d1917298875657859bae22559d6543c0470fa39cbaca917a2efe02c5ac2b70585ee2b2cdd37706ff4757b23e1acb7da872a89dee7bafca52277ae8d6486b6edee35f7c57f90da870f0a13ac321d67bbec60864cfc2956e881ed8b7e30272c71c257e52b8f04312a17e69f73020aac76ff6ca88f7dcd35b8f32ff3f958c16b03e82661d55727e119847a8cf308c9acd21a408e0f38306bf24bea79d6cd2bfe5021f74e5f0ffb7086889e82d2a5b0d85aa5776c8edb29d712f22f1e7cf527c4e40d1e81f407e36a3e63c44f1c0a4e6abaef3cc782843c9b575a52637c92788b545f5f4c77393c6e33f2d36029c003a50949073fb293013\"","dc3_server_salt":"\"afb517406fabd72e\"","dc2_server_salt":"\"101da94f813cd341\"","dc4_auth_key":"\"b238dcd8b11fbeb54a2b2640af8468393cd0ac4020365b2ead4d4446355cba87e3d056f5d16f362702b14136b3f0b423dfd13517d8e051f0fda5ca7343d282692582c5622e39a2be737f5cf95be0c56cf849f7ae664447d40571e386ee219fc28c7722fe6bdde83f6231bd20923b487e459d6a0791170bd433ad58145d8a74c4e927ccd4bf577b5138a7606a9806ac6d4b221b70a46f1b7b27c1839c19c755a32722fc497ee8f4a9f327bd28385cce9306e41b529adb1fa21d5608d98fd942560e11514ccb1ce6afb9af3980900cf6c5d9f2722f124149233846573728446704c6c1c10454be7bd02fb24b540d9fbd03f7624ad8d7f358a1fcead37492394259\"","dc4_server_salt":"\"e6e6bf686d080282\"","tt-global-state":"","dc1_server_salt":"\"6f527a184bfb4887\"","auth_key_fingerprint":"\"338f3c38\"","server_time_offset":"-1"}
VM38:1 —————-
undefined
