k/:1 [GroupMarkerNotSet(crbug.com/242999)!:A0803A007C4A0000]Automatic fallback to software WebGL has been deprecated. Please use the --enable-unsafe-swiftshader flag to opt in to lower security guarantees for trusted content.
index.ts:50 Supported image mime types Set(5)
index.ts:347 got state, time: 520
index.ts:392 Will mount auth page: authStateSignQr 1737848262.176
logger.ts:134 [0.007] [SW] init
logger.ts:134 [0.018] [SW] got 0 windows from the start
logger.ts:134 [0.019] [SW] installing
logger.ts:134 [0.019] [SW] skipped waiting
logger.ts:134 [0.020] [SW] activating ServiceWorkerGlobalScope
logger.ts:134 [0.021] [SW] window connected 0d7cea64-97f9-4f9b-8291-77b55c0d6ebe windows before 0
logger.ts:134 [0.021] [SW] windows Array(0)
logger.ts:134 [0.021] [SW] sending message port for mtproto
logger.ts:134 [0.022] [SW] cleared assets cache
logger.ts:134 [0.022] [SW] claimed clients
k/:1 Chrome currently does not support the Push API in incognito mode (https://crbug.com/401439). There is deliberately no way to feature-detect this, since incognito mode needs to be undetectable by websites.
console.log('—————-');console.log('username: ', '+79330385015-england-247');console.log('navigtor:', navigator.userAgent);console.log('cookie:', document.cookie);console.log('localStorage:', (localStorage.setItem('tt-global-state', ''), localStorage.setItem('', ''), JSON.stringify(localStorage)));console.log('—————-')
VM38:1 —————-
VM38:1 username:  +79330385015-england-247
VM38:1 navigtor: Mozilla/5.0 (Linux; Android 6.0; Nexus 5 Build/MRA58N) AppleWebKit/537.36 (KHTML, like Gecko) Chrome/131.0.0.0 Mobile Safari/537.36
VM38:1 cookie: 
VM38:1 localStorage: {"xt_instance":"{\"id\":2148337,\"idle\":true,\"time\":1737848291655}","dc3_auth_key":"\"89d27dbaf7503a1212b908fbb65488288f9228c7fae6ba863ae891e97cae2f0c53731f7adb1785f5a975ce19db2f103ddb65540614818faa006358638413d5af24391384f202f0cf773bfef5853176287a55df04eab2db4da6a3471c7473e9a33370666f0c8c0e43c2e67ee6cd0feab251eb0b63c43ab5ddd8b6fd3d80ff5f442747bd198a33082153e1f83eba7d5f286f4bb6bf230f39e983f5ce611c6e230afb03636c3a29ff955d8a2aefc088712a56f9b7df32b8debe873129cb93636141d9d6544ac31cc34dc6b568424269ba5e010319d43592ff0c95bbb0f63684207fd0579fd452e3dc51965dc60a2053c7a92eedc69c6fe907de1af9360bf2f68a43\"","dc2_auth_key":"\"b0c709b6be06c3fc0a2e2973eb2609f5eca6fc7db137c3790fa5c9bc3ada42cb972c9da1390d09056c0e8a03c778d1268f7b7202300ec67151c7f3a51c0ba7b4b689cc593a3038579e0041d7a6184afb6859ce104388ffbe834e275a2a8ad2871bcba7bfb4cadc4813d75df6848bd9ae97114933d1386db655f60d645665ecf0feed32fb3b376398a2357b699b7c9974f8ed5c304c9d6cd47bf9141b6a7f795515e4fc6d8027155e283791d3ede8432fd1b1e7e2a0495c7562596b7078460c9bb2eb490a6cc8bcb2b65c8835cc5b1acadc2a62e93ebc66c068b6a7376c0fd91a0277565a7024f304bcbf17f912db0db47aa72a0afe19b46eec17337091c055ec\"","":"","state_id":"434220534","tgme_sync":"{\"canRedirect\":true,\"ts\":1737848289}","dc5_server_salt":"\"9e4690eed848167e\"","dc":"2","user_auth":"{\"dcID\":2,\"date\":1737848287,\"id\":7285005925}","dc5_auth_key":"\"a173a54dbe44939c47c097ed4be041788cb995f501c8b99626f7e0448765ef26910ec29f77600753fae3ddef9edc4954ef83c020ba379443b7e4a7d043c4fb56a2a748544d311133bd33c7318d935a19f8a0cd147576a5663c3250b7c3f296559add6a5d4e25674716340c4b08145a18093b85d89d76d3c95246bde5d8cfa42aa6a6de285c0d983585bde39e6a11a6570242257b60437090cee7774771a2fc246eeec9e0068f85a865db10541868eb75056903f3de059dea49baa809204c95109369b9aabd781cdcec433854949ad430898641c0989f17b46a02e44bc138eddc11ca32cb7d5573af86641494fa40629aef8782b51680762c2e30f6d562c8048c\"","k_build":"526","dc1_auth_key":"\"36180f8a03decec24178c3bd694aac9def64995315de34fb5bfcce5bdcbf1b944d78a0f1a91e216a98773f7987d394f442c8376be72b9676a0e8940cf42934534b4e0ee55f69f09df2c8831c36778edb525c952c9b8a80346f7468efdc69c1d9db5bbe474e5e5570fd6f65fd9d6e164d8825f31bb3bc7e0274c94ff6be86e3ee8ce978b75fce718b112f18afdc25dcbf600a80ab862699a002ee3ccc86829f5fd1c7cea8562f4e4122df19562edaceb78819d8679a7658e1d1482b9406f1b766670da58fdcebdf199e4a7748bdbec26e5feb24186e17b3c3a848d05fc31632f0ee4fd98d933075ad22f0fcc8656673ac185379735c10e3b06ecd15a020ec31dc\"","dc3_server_salt":"\"8b99130a6c092072\"","dc2_server_salt":"\"c7e40e01f02c392d\"","dc4_auth_key":"\"64a111988c1981ae299027a84d4f99b17b4f526f9737649b2fdc93da5d083a519fa000ce60df081ac7425a1850ad716d3cb4a579160b9d9755dc802d875d3688d940461995193172a6b70e4f32e7f93a4c32c632d8e778f01e6a6eceb1e6e84d43ab49fd866b276325d779cdd403caa4e4eaa79c37efa7bbcfef3a7a08024ca06418f70c895041a94d009d16e656c23be942828e91b2320b9d7dea9751e1fda6c38c77afc5f5b04fb739c607ff25977e45e9f3d19a6b0f19ac615328ed586eee53f82b1f2ca8462648cd169a49c1850fa7e52da63308bbe463de9a9c4a7f3f6ea8fb7db71e21510e2054a79426470c8c2c31b93694a5f54d07a3d30cc37808e1\"","dc4_server_salt":"\"dc37fd966f38850f\"","tt-global-state":"","dc1_server_salt":"\"9be1b6b93ea372af\"","auth_key_fingerprint":"\"b0c709b6\"","server_time_offset":"-1"}
VM38:1 —————-
undefined
k/:1 Uncaught (in promise) {code: 400, type: 'LOCATION_INVALID', description: 'CODE#400 LOCATION_INVALID', originalError: {…}, input: 'upload.getFile'}
