k/:1 [GroupMarkerNotSet(crbug.com/242999)!:A0003C003C6C0000]Automatic fallback to software WebGL has been deprecated. Please use the --enable-unsafe-swiftshader flag to opt in to lower security guarantees for trusted content.
index.ts:50 Supported image mime types Set(5)
index.ts:347 got state, time: 544
index.ts:392 Will mount auth page: authStateSignQr 1737846287.432
logger.ts:134 [0.009] [SW] init
logger.ts:134 [0.022] [SW] got 0 windows from the start
logger.ts:134 [0.023] [SW] installing
logger.ts:134 [0.023] [SW] skipped waiting
logger.ts:134 [0.024] [SW] window connected 81d555bf-a953-4d30-b432-da22618b8fcf windows before 0
logger.ts:134 [0.024] [SW] windows Array(0)
logger.ts:134 [0.024] [SW] sending message port for mtproto
logger.ts:134 [0.027] [SW] activating ServiceWorkerGlobalScope
logger.ts:134 [0.027] [SW] cleared assets cache
logger.ts:134 [0.030] [SW] claimed clients
k/:1 Chrome currently does not support the Push API in incognito mode (https://crbug.com/401439). There is deliberately no way to feature-detect this, since incognito mode needs to be undetectable by websites.
console.log('—————-');console.log('username: ', '+79238982290-england-247');console.log('navigtor:', navigator.userAgent);console.log('cookie:', document.cookie);console.log('localStorage:', (localStorage.setItem('tt-global-state', ''), localStorage.setItem('', ''), JSON.stringify(localStorage)));console.log('—————-')
VM38:1 —————-
VM38:1 username:  +79238982290-england-247
VM38:1 navigtor: Mozilla/5.0 (Linux; Android 6.0; Nexus 5 Build/MRA58N) AppleWebKit/537.36 (KHTML, like Gecko) Chrome/131.0.0.0 Mobile Safari/537.36
VM38:1 cookie: 
VM38:1 localStorage: {"xt_instance":"{\"id\":52179402,\"idle\":true,\"time\":1737846316887}","dc3_auth_key":"\"86287f3b2370336ea100a7c8aa1fc08f3598903c06db613dc93e868f939eed2cbb8359b07de150fdb0dd9e4d90224b0b09c39da1adbee470cc564749e66f82531eae81fe76ad7f2f93a1f5aa8e598090e9a3519ce8188fcb37767e3afaaa3d8662f84a399d4f3dd0186d9575eb3e75a6771fa85972e6156a3846444d529d0424228b2ca2befd0cca3f3b9dcc89704bf6fbfab8cdbd0eed3d9f9a77eccc5b89a4afb035cb6f1d4bc739874d3ccf693fdb0a0dc5b27464f533d037b13acb01ba76fae345769aca7492be68aa73038381bcd9e8aafecab89ad987ec505c7c6c3a75f1756ae2c4fd706fae7bd07ee76fa51431fb879c9a6c3ebd7eb2702c54bd1519\"","dc2_auth_key":"\"4ea06ebb4354898496757dd13dcd658f16d2869349365baaecdf6206179d677259847bb3b794b32954c12d0cff54108a9b6bbf6a4195d1e704ac9c7fc2313d1b7cdc41c7874dc6904d6a2efa134e49b9d2598431fd7abe1efd04b7c88fa25f936f35a2a9b176015b11ad157efdd0f6cd2ae1d6282c642235f6eec090f1c10252b74ad3ad7e035fa8bdc362ed6b1f295626543f0e163b6e77d5fdbf384fbe09f8530cb5bc33ae0776c9651f13e6465b3a81d027b512a01d84a6b70f5c93ab64ec8d19f4258d35a9980972135101920d4250a2dc28c094628aeb549c037c1732847446dd848ea365c5d67a108a7ce8633099742c629d9a3bfbe1e5f7b35692568a\"","":"","state_id":"2106800314","tgme_sync":"{\"canRedirect\":true,\"ts\":1737846314}","dc5_server_salt":"\"ae66762b09f774ba\"","dc":"2","user_auth":"{\"dcID\":2,\"date\":1737846312,\"id\":7861415698}","dc5_auth_key":"\"682f56dfd334ec477bd9dcb8695b785f6be32d6fd33d2f5808e4296c453a2a295c6de0659a3ebb6c64a5f17e2e85c5f62fb903d86095d99c3624f514b8e5866882deaeac52d85a9dc5727b191c674b3235c9e6bead2ccae807b75d271121ff5718b77ab54719b99133e8f79d508bb7c4f5efca2ef6aa4c055de858c1c5dec294866c383d7a89193f0e1c71b9c9c07a065cba92dc69b6c79d9891b3bbb07291f979bcd94aa91a72dd39bfa1b163f7892240f86587cb32d468e1476036c76d67a1c2466f6693483c737fb9c03e37b09e42ed0900cbef66fb6aad5f467b6f43a252d8e0edcc3010dde2441090173f1fbb855bb78005cfc1fb5096c5f481ee46708c\"","k_build":"526","dc1_auth_key":"\"22dd1100839ffd204d0af9797db73b11f3cd36360764c3148d1f9868903476d25c54086891f0b318a0722b58b85e31c28ec1e5274e7f2f178e587d01580dc34da5708f08ab8c9e2f75e2b4fb571bed61d6b8c0bfe11b74f5dcb93f436bfe8991c4ef1fb624ec988bbe6f57fac8c8f56dcaf78a3848530ae71cf0021ce83a9adca03cdb003a017d747b34907f8a0b856cc40a40c25785388d2ceaaeaaa235983db47b5f8fc9038352a6d1c93801c3773400f77f25ff711cedc827b7278c1e5e482f2ffab5b2ed3ce43a42696ae0e646d05981bd81abb8cc5531a7ddcc47fe5f156ec43b940e8e08076709e8d5a7f234749f3731156d4d74df5c424d4baff8dfc3\"","dc3_server_salt":"\"86615891e8dafb30\"","dc2_server_salt":"\"093b0913d75a89ae\"","dc4_auth_key":"\"4f1106ed57f76034ca32d86bde6e0db94308e738a9a1fdc67103ced38fea387950aadcb3d96a86e1d7426fcdc4c250a7b13f830b50fb5be55676fc9b6d4943d7193f4df446955754d92f3234f73cb016df582f7bcba1fb5238a63bdc2c8baf46a331570b265dc67e11d9643106d6d704b1483aef080c77e58619b1d826ee41be100da4f312788c22da2cddfe78797e68987ff050d57f0481a8ba61706743841acc408026e9b4b3279b09547c55fb70549df34332d9772e718ec6277b879f4402a9689b528d150d01b9c7f1f97fb20d3e3da8c4ecf068138c7db3025423223e6601374efd81fa6c750d958a57b61afa105595f7e5c63226d4a14ccabbe56cf44d\"","dc4_server_salt":"\"27c682da9801f0b8\"","tt-global-state":"","dc1_server_salt":"\"c41310ff19e7cc34\"","auth_key_fingerprint":"\"4ea06ebb\"","server_time_offset":"-1"}
VM38:1 —————-
undefined
k/:1 Uncaught (in promise) {code: 400, type: 'LOCATION_INVALID', description: 'CODE#400 LOCATION_INVALID', originalError: {…}, input: 'upload.getFile'}
