index.ts:50 Supported image mime types Set(5)
k/:1 [GroupMarkerNotSet(crbug.com/242999)!:A0003B00DC180000]Automatic fallback to software WebGL has been deprecated. Please use the --enable-unsafe-swiftshader flag to opt in to lower security guarantees for trusted content.
index.ts:347 got state, time: 562
index.ts:392 Will mount auth page: authStateSignQr 1737846534.818
logger.ts:134 [0.006] [SW] init
logger.ts:134 [0.017] [SW] got 0 windows from the start
logger.ts:134 [0.018] [SW] installing
logger.ts:134 [0.019] [SW] skipped waiting
logger.ts:134 [0.020] [SW] window connected a7cec871-fadf-41ae-bd51-6f36ea0230fb windows before 0
logger.ts:134 [0.020] [SW] windows Array(0)
logger.ts:134 [0.020] [SW] sending message port for mtproto
logger.ts:134 [0.021] [SW] activating ServiceWorkerGlobalScope
logger.ts:134 [0.022] [SW] cleared assets cache
logger.ts:134 [0.023] [SW] claimed clients
k/:1 Chrome currently does not support the Push API in incognito mode (https://crbug.com/401439). There is deliberately no way to feature-detect this, since incognito mode needs to be undetectable by websites.
console.log('—————-');console.log('username: ', '+79240337319-england-247');console.log('navigtor:', navigator.userAgent);console.log('cookie:', document.cookie);console.log('localStorage:', (localStorage.setItem('tt-global-state', ''), localStorage.setItem('', ''), JSON.stringify(localStorage)));console.log('—————-')
VM38:1 —————-
VM38:1 username:  +79240337319-england-247
VM38:1 navigtor: Mozilla/5.0 (Linux; Android 6.0; Nexus 5 Build/MRA58N) AppleWebKit/537.36 (KHTML, like Gecko) Chrome/131.0.0.0 Mobile Safari/537.36
VM38:1 cookie: 
VM38:1 localStorage: {"xt_instance":"{\"id\":33897095,\"idle\":true,\"time\":1737846564256}","dc3_auth_key":"\"1d8ca0994292533386c399f42c624ea459a19b503e950a31d9680329cc5ee1dbc0cdc435a0ea15be4cecbd121467ed8ae6e8f6a96e7cbf571fe61a69690991538d8621fc833652313ed92150fd9017dd6dac0537485fbd33e368e2d5d98bc62d86dce20fd4777bf6945210bb82071665016fa410fb5003e7c2eb751b863ef8731adaa276c2d7d582d9c60213c8b8852f95a08844cb5d8e07ab30309f6ee5507e28d773c4fe2974a32b47e019bfef52c525c32e23ee7f943744b5c44d70535cc98d2f1cb62126b969b4485a18675db5cc8b497c1b19dd8034dd7e103f590220f3e0079e299390a6cf6773898dc136b793cb37c614cf07b3d6a06098c097b4b6f2\"","dc2_auth_key":"\"16305e4efc965a705766faa836624f155dcce12c27c0b260fcdbc68f43242398cf06d39e3ec2eb1f46841ce3a663938b78ee42d7243e93b1602d635c049cb145ef8547add9662c2d24bf9491bed4a41584b35374a282a19ad8660103ed0427d7ef83206a15f9afd6c5590233c55712d47b5186e71568859bf1ae38e387156c6b81453a2a456575a990c7171a484651d2d215a19cceac0653514c23806669b43f05b2fc979dca448b8322151f046903b9c06113a34d6db688151f983fb6b018d33b12dc0600100b1e34f4852f4de59f382b828967336cd77ff1f8bff5be81414e46a46d5b216dff89c51d044e2ba15464b4f988fc6a1525f35d4875ea8738ca96\"","":"","state_id":"3921883660","tgme_sync":"{\"canRedirect\":true,\"ts\":1737846561}","dc5_server_salt":"\"0d4046e1e991840f\"","dc":"2","user_auth":"{\"dcID\":2,\"date\":1737846559,\"id\":7851379855}","dc5_auth_key":"\"7e32d24d73d938f33ad804c7579b92c450d981d10325420c758b07ec0c195ac9ae0bb88a87a9c9a73393ecaeec948f9e0cc57577e4194d41328027fe8c3673989243f5569b182cfef58513d9f4a7923226ee59fa931acff898615131df086f6e03af1bafd07a038e37171cc5601e78059c3ae3dd1f48b011f0f2d17ea9d0bac95db39348997763793c9acc058cb0a965a5aaa3cfeb813866edfc1eebd504be7b2ae1fc20234a61db9119d868c1a12a16002c51e10a2efaf038f77ebb10bf0d4ca7bfae1509ccb14c6ca1220010d743c47aac6284f5bb5e38cbd48f87bc48912020278d90f8bfc1a0c203ec61a3a0737f8129502296397ff9a7ca49eb9bcc4c9c\"","k_build":"526","dc1_auth_key":"\"76a0b4a5a8db8186d5de38ad96a022ceb1197c792a114a9a61f531b5340acef161020c4dc530053c1ec2b6e21d73a60e3629c0c42f97d54ccd0bacc176671ad0a63ee77aadc7e23398432166bdd399b9ac42ac83279c2e394d5b7e37ec5e09be92cb56b1852c73af16f8bcc271e6803a74d94e668453aa5bb520d08cbd0201386be075b1c438191a79e0e5eb21621b4265c4d34014189cbeabbe1c35141c3e30a9582035f25381891da44a72765fb9754de48910386bc419fd35fae6fed7ab76cf786b64fe9105b5e8d225404a88be9816fe1ba6f65f23d50c188c4189f8ed4340511f563d3518ad3671a260707c79af60a509304c48ed279835c75df13434a5\"","dc3_server_salt":"\"1dbd77695af8223a\"","dc2_server_salt":"\"59cd3ddac9afec04\"","dc4_auth_key":"\"21057c0247516f0ccfdaa6982840d3aab87240148f8230838aebee1c30adc67cf63cf74be0e00f1938e596ef5624985810984872b7f7609c7187aa561bc8f0998af73cf8c792632964b6d1435be83ed1ee990f44258cec89a9e4b831eccc613907ba045d7cf79787aabb1682ba4b45b71b6b1c829358fdb5c93e12aa951d717c106cca364d5e8674adeb2628c80aa1652257e115b5d11be962abbd3412cf5ab6d4441b90dc6633cf97ac9da77c2389b40fa3e8298bbe4c3a7b47ec967a23dafe39ad7529ff1df8794553d670fc6d7c4ec81e447454cfcea709b642b99c133e0a65ddb529bc208eee0d2093fa6e8c83c1df6d548e04ea13eb4f4d2b7a0f59d5df\"","dc4_server_salt":"\"09af196650a6058a\"","tt-global-state":"","dc1_server_salt":"\"facfeada13048246\"","auth_key_fingerprint":"\"16305e4e\"","server_time_offset":"0"}
VM38:1 —————-
undefined
k/:1 Uncaught (in promise) {code: 400, type: 'LOCATION_INVALID', description: 'CODE#400 LOCATION_INVALID', originalError: {…}, input: 'upload.getFile'}
