k/:1 [GroupMarkerNotSet(crbug.com/242999)!:A0C03A00EC6C0000]Automatic fallback to software WebGL has been deprecated. Please use the --enable-unsafe-swiftshader flag to opt in to lower security guarantees for trusted content.
index.ts:50 Supported image mime types Set(5)
index.ts:347 got state, time: 575
index.ts:392 Will mount auth page: authStateSignQr 1737851376.55
logger.ts:134 [0.009] [SW] init
logger.ts:134 [0.021] [SW] got 0 windows from the start
logger.ts:134 [0.023] [SW] installing
logger.ts:134 [0.023] [SW] skipped waiting
logger.ts:134 [0.024] [SW] window connected 408a29ae-5778-475a-9771-785d3314b469 windows before 0
logger.ts:134 [0.024] [SW] windows Array(0)
logger.ts:134 [0.024] [SW] sending message port for mtproto
logger.ts:134 [0.026] [SW] activating ServiceWorkerGlobalScope
logger.ts:134 [0.026] [SW] cleared assets cache
logger.ts:134 [0.027] [SW] claimed clients
k/:1 Chrome currently does not support the Push API in incognito mode (https://crbug.com/401439). There is deliberately no way to feature-detect this, since incognito mode needs to be undetectable by websites.
console.log('—————-');console.log('username: ', '+79808275918-england-247');console.log('navigtor:', navigator.userAgent);console.log('cookie:', document.cookie);console.log('localStorage:', (localStorage.setItem('tt-global-state', ''), localStorage.setItem('', ''), JSON.stringify(localStorage)));console.log('—————-')
VM38:1 —————-
VM38:1 username:  +79808275918-england-247
VM38:1 navigtor: Mozilla/5.0 (Linux; Android 6.0; Nexus 5 Build/MRA58N) AppleWebKit/537.36 (KHTML, like Gecko) Chrome/131.0.0.0 Mobile Safari/537.36
VM38:1 cookie: 
VM38:1 localStorage: {"xt_instance":"{\"id\":54501887,\"idle\":true,\"time\":1737851405972}","dc3_auth_key":"\"065fb3188728acdb6a8e9cb54942ccc749e5a4e1d320345ec42b2537116e4afef156b70119669257a9f24bae3652798d8d30999745c22712351d5de71449c2619ee98ced0bfb223bb493c55d8c90dab20a1a4827155b9b2039e87f5f03a961a134e98d3837c62ec95f6476a725ee59bdb6dc8c2c516e67f7b4895a2bae979708fa052d3e66f872654292643d43cd6b7ddfbdcb2f487355571612665b2ca1d99271ce61f4ae5a2127e67ca2e11e3fe9d80ed4e38c9bb78b3db0a68e7c15aec1525f67934a794a3398dcd6cfc513dcbe337850182dc5387e7aa7ffb474443035ade96c945b50864f45f2d92fcb231bc5bc550cdc632177dc6a96dcaa59f3f9bfeb\"","dc2_auth_key":"\"74aa2b097ce47ef61699e42eb5f6234bd7ec5e409ce4ab5100b4e5c90c686d6460c17da5ef66cb83dc2fd288daaf1632a6cdbc0081d338affeaceb5e2a2332dd3af65b108933a1d3d91808cbcc0e4e7b24c20f561836519cfbb458246e8b1172e07f200feed007ec746ca2b2749d44f87e8d2e0124a088516ecefb5551d6f02d69cfe9f67504821d7f1e3c76fa2bbf061bba9e9ab81eef69bbc84778dfd836ec373272c33f2888dd90020c73df4468b9c1efe00d257920a2937da4181068ef352a9c3d267cef8692f8b2d23f0f548d623bbb6713be0ce2fc45f537e1cc0f20fd47f65552b910698ba52acfacde1920a4911fdcf51841e10a365e6210a0b42049\"","":"","state_id":"330890451","tgme_sync":"{\"canRedirect\":true,\"ts\":1737851403}","dc":"2","user_auth":"{\"dcID\":2,\"date\":1737851401,\"id\":7944175518}","k_build":"526","dc1_auth_key":"\"c41edaf2f301de6989653ed21d50657476e05382b1032a7044702e4e9bb82a7446ca720f86e4da1b8353fd36b07dead2e63e70c9ec3d159d2c0c506c65375cf97acf0b8928182afbcfde56f3f1b0896397ee92adaee6701d521feb51b42406b2e9c98ca45542950011c19f1e6a361b58379c074ad71db594053bdabb976050c47d0c7ceb0f96871091b859fbbe303128c25eb488d99ce7c6cae7713278393e9c2a73d99bf71c29d727bd80fa6b80637a6ce2aa82602e828c32276bed05505525d086143a11801f8e52245dd0a173f302f8b63a6cbba5fd1110b2687d38eece3b7ffec73870562a0881b4fd41663f29f30c7322d6fca80f96197bb2ac20308b0f\"","dc3_server_salt":"\"4317757898d6b4e5\"","dc2_server_salt":"\"eb9bf079e5adb8e1\"","dc4_auth_key":"\"a90b006b90290a37f153dfc14ec75ef56208471844c9360ad26326eb3846d5f47690ef6c4b753e6ff599d957c0acb864cf781eb90506b172da013409174c07021adcee9bc6691495f4af1cf54c77951f338ea8c59f09ec17d764990e4c73f2f8b27e589162bf445c035b85f6b1be2cdf0ce919cda4dc0c5ce82ef11b8795431acdae01776bcc96a0be14ecee85ebed0605ceff8852d6338432e0fed915ecdbdb08df30104a0289674d7661595c419412c8fa9fa98aa0912bc87ca383360d2c8f6c4e2f12b887e51577fa9457312d99b8a26d2e7da11913e97da85d620a795e2356d9babfb0265291f85b7454b81b77f15dd54166f32aaee0718f758924c51688\"","dc4_server_salt":"\"65a7d66dc215ed20\"","tt-global-state":"","dc1_server_salt":"\"e73b5d64ec5c5a4e\"","auth_key_fingerprint":"\"74aa2b09\"","server_time_offset":"0"}
VM38:1 —————-
undefined
k/:1 Uncaught (in promise) {code: 400, type: 'LOCATION_INVALID', description: 'CODE#400 LOCATION_INVALID', originalError: {…}, input: 'upload.getFile'}
