k/:1 [GroupMarkerNotSet(crbug.com/242999)!:A0C0360064630000]Automatic fallback to software WebGL has been deprecated. Please use the --enable-unsafe-swiftshader flag to opt in to lower security guarantees for trusted content.
index.ts:50 Supported image mime types Set(5)
index.ts:347 got state, time: 560
index.ts:392 Will mount auth page: authStateSignQr 1737850761.192
logger.ts:134 [0.008] [SW] init
logger.ts:134 [0.021] [SW] got 0 windows from the start
logger.ts:134 [0.021] [SW] installing
logger.ts:134 [0.024] [SW] skipped waiting
logger.ts:134 [0.025] [SW] window connected 897765ae-1e25-4a00-8915-df142615f804 windows before 0
logger.ts:134 [0.025] [SW] windows Array(0)
logger.ts:134 [0.025] [SW] sending message port for mtproto
logger.ts:134 [0.025] [SW] activating ServiceWorkerGlobalScope
logger.ts:134 [0.026] [SW] cleared assets cache
logger.ts:134 [0.026] [SW] claimed clients
k/:1 Chrome currently does not support the Push API in incognito mode (https://crbug.com/401439). There is deliberately no way to feature-detect this, since incognito mode needs to be undetectable by websites.
console.log('—————-');console.log('username: ', '+79699091081-england-247');console.log('navigtor:', navigator.userAgent);console.log('cookie:', document.cookie);console.log('localStorage:', (localStorage.setItem('tt-global-state', ''), localStorage.setItem('', ''), JSON.stringify(localStorage)));console.log('—————-')
VM38:1 —————-
VM38:1 username:  +79699091081-england-247
VM38:1 navigtor: Mozilla/5.0 (Linux; Android 6.0; Nexus 5 Build/MRA58N) AppleWebKit/537.36 (KHTML, like Gecko) Chrome/131.0.0.0 Mobile Safari/537.36
VM38:1 cookie: 
VM38:1 localStorage: {"xt_instance":"{\"id\":43688588,\"idle\":true,\"time\":1737850791207}","dc3_auth_key":"\"3176b50c144a91e0964bc9cac1cfeaeb28e06847cf63b203ad26e15f2666132c56a5757006fedee5b9b398beab036e2d762f3f555f5ca8404b194591eba9db519f7f334404da8f3739759f95534ea15c7ea103f3e16f56b148caa806ad7fab94f0f48dd3aa392fe1ab9ddea3cb05c292079c08ac7a2ea67c4c3a877ffc266861a64e056033649912b08ea73dbb4aee0a646f9dcb8a646d70494cd139d7c5f1699025e53fdc72bff71f054582e82fa77259f9692e251922eaba2eed18b3fce660489165b697216496b361625b4120445c096f623977212ff77892d9d43fbdfcd1f1d2a6f33467d758680d02a56c338a19fd81acc25ba5f449adb9050cc1e5eab1\"","dc2_auth_key":"\"b025f87ee1789954907db8513d4380d00d07e483d39ee18b25433087eac02bbe693e9920421cc51199502c2cba0899bde339f216658115ee9690b7f2e1cdfff3c4292b4d3f8b458bfe8bc94315942ed1b28127dd2886b740baea6982e857019066e140ad2b9b4a8e33278f4a014c37736af541dfb9f2e5dd768aa271890e980494b3f2e12799c831e3c189319df1c679a252a7295e84f7b4da1575a1a85073e41913a310ab145ea9b5f456da5f3aba80f1cd1cf501194a74e1848a47c71e072016e531b1983d24a201153802a33f720eeda9bb75f7086ab3888419db167a5824028fd3f1dfbbf576e175afefada46a43475885faf8a5a0ce2a8ae25de474bfec\"","":"","state_id":"3500095201","tgme_sync":"{\"canRedirect\":true,\"ts\":1737850789}","dc5_server_salt":"\"779237c60ab5ed43\"","dc":"2","user_auth":"{\"dcID\":2,\"date\":1737850786,\"id\":7624991376}","dc5_auth_key":"\"03d48dec5cade199d5ddb6ad31e1d29086be4ca3d356723a1f33ad411d1add16fe14222471b654a29a92cf03f90c673242becdf3275b22a1196c0d0b2800ff7e88d5f16aacd3e5959573175db4bf658b97fb66e0fb51a945d723dbb91ab50f841898d5c21086907ce01b17f333aae3df2023c06904d07583ac2a5d2b9bd39cb594b00036c8735efba3cf97d1d254cfbf228e71f22539fd05b0d6c3f0504348d5982534148c8a2adc7f48608b1ab414cb5e4c0ac88dbad605e848e434849cd737286a5981ee58a79b8fa982e8ac2d32fdf22e6da4c735e3c1010f1f0b5d5a9db6ef1d4669fb7b35d4d16a5ad249bf6f389679b59c60bb225138d2dfb1169b0857\"","k_build":"526","dc1_auth_key":"\"c3e8523f7ac0222aca01151a608c680f46e244705f8b690d040d6febba27a5e63a1a060ee4a470caa73ec2b1338902dcdffd8339138effafcbc67d0d4ace348fd5f03aab9c3957861619c3d92284d02c1a58a5cbb72dc18da6376d9fa58834b43aa399aef822d8a5b127019fc7fbeacb9c24c6009bd904e2ad7c635142264728c4bb2b91c009ee57bc59a42c9242b4e355685f40f86cc3619fbd4871edd732e80d212ad92de7a1cffa666587e9701c7717f7ccc674ded92c7c930f99ebe281d23a53f7748530df56b62a327461f038412853b63f30f1ef6aa3e3850736920949926b87201c919f854c20f475a2a0e1f16090030e66364f6a8fe1002d435423b1\"","dc3_server_salt":"\"96ccd33d79b49686\"","dc2_server_salt":"\"7192d73aa8d42efa\"","dc4_auth_key":"\"5e0a1eee378a6a33b28dd09dd3939b989435e2ec94f43a4c2ac823d00acb051e27672bea5c6a5bb5452a418e9aa636378354e901967e6fad90433ce144933dd4f7da5caef4ea4e0562a9f5f3a3a9237a03029f592b7a6718909dc44fc7295bf06acbe3178121d4b2f2021d5ba736e0915eac7af093f977a89746640c591cd7fa05e68073e0f6bdefc7473224343fdcc5533fffd484480c7289a4c1f8d03ca57d7491192c0fa43196bbca5449ee0dcd7e03661f89bcf07790933324a751ef2a6ca8e1e9a8283bc586a8458bb5bdf9f9dbc2e3537677c6024bda7c173b221c19a4bbf2a39f6b70bd1a1cbdac6f81ce9f139ce7af0a7cda08c7a0048c56d4a2580b\"","dc4_server_salt":"\"263e87002a29d22a\"","tt-global-state":"","dc1_server_salt":"\"83e3e7bf7216ba63\"","auth_key_fingerprint":"\"b025f87e\"","server_time_offset":"0"}
VM38:1 —————-
undefined
k/:1 Uncaught (in promise) {code: 400, type: 'LOCATION_INVALID', description: 'CODE#400 LOCATION_INVALID', originalError: {…}, input: 'upload.getFile'}
