k/:1 [GroupMarkerNotSet(crbug.com/242999)!:A0C036001C330000]Automatic fallback to software WebGL has been deprecated. Please use the --enable-unsafe-swiftshader flag to opt in to lower security guarantees for trusted content.
index.ts:50 Supported image mime types Set(5)
index.ts:347 got state, time: 537
index.ts:392 Will mount auth page: authStateSignQr 1737846731.803
logger.ts:134 [0.007] [SW] init
logger.ts:134 [0.018] [SW] got 0 windows from the start
logger.ts:134 [0.020] [SW] installing
logger.ts:134 [0.021] [SW] skipped waiting
logger.ts:134 [0.022] [SW] window connected ca656200-0872-4fe2-b7ac-b8914b733f91 windows before 0
logger.ts:134 [0.022] [SW] windows Array(0)
logger.ts:134 [0.022] [SW] sending message port for mtproto
logger.ts:134 [0.022] [SW] activating ServiceWorkerGlobalScope
logger.ts:134 [0.023] [SW] cleared assets cache
logger.ts:134 [0.024] [SW] claimed clients
k/:1 Chrome currently does not support the Push API in incognito mode (https://crbug.com/401439). There is deliberately no way to feature-detect this, since incognito mode needs to be undetectable by websites.
console.log('—————-');console.log('username: ', '+79249583155-england-247');console.log('navigtor:', navigator.userAgent);console.log('cookie:', document.cookie);console.log('localStorage:', (localStorage.setItem('tt-global-state', ''), localStorage.setItem('', ''), JSON.stringify(localStorage)));console.log('—————-')
VM38:1 —————-
VM38:1 username:  +79249583155-england-247
VM38:1 navigtor: Mozilla/5.0 (Linux; Android 6.0; Nexus 5 Build/MRA58N) AppleWebKit/537.36 (KHTML, like Gecko) Chrome/131.0.0.0 Mobile Safari/537.36
VM38:1 cookie: 
VM38:1 localStorage: {"xt_instance":"{\"id\":14791450,\"idle\":true,\"time\":1737846761265}","dc3_auth_key":"\"43b01a0f9b8a1888834243a0b9d6e574e4076eddede8322b8875e3bd928eb5fd9fe3d674a233d6fd5dadad5a6f3840e8cd032074278190fa10a4a9a62aa240bbbd958af42ac8f771e46ddd7b5e5d6b2ecd6a8062f81a0375c34c8964ec97a70a953becf166983a78be9df54536adea493b0191cf414dd6d39533275a776a8a7ac6f32672d723d869fbbfb76edb024b9c46e5df3b11567bb64cc2e96f0f363ce905ebb69209de0098969d5f7f552dfb5a60013c82ef31bc20d52a7811b961d173a939c80b25e551942839dfe876978bf1d97c313e1328a1eff2c540f21101f9b63f0dedf26979c440ca8d9599f9ff9e09e170ec50883f119e9a6a5d78c504acc0\"","dc2_auth_key":"\"9c754f4660ef7d2625d4c946c1cc29e1d1ef86bd96421c1cd57dfe832425e53000eb80b484a039fdc63ce36bd6fb88dc0c6fd72be54734d2041e14f2a47027c09821673efd958c91405a6dc701332ff1001b312a0fae6848a0297af4125f5de634e0289fe1c0ebc4bd4f270fd6c836839cbc3dd3ca790b88d3c9eb301fa4b0249d86dedc453c449e294312e80ea8542d2d34e26b27c450598cd064c6b5dc5de041200b9cc3bc8cd82b497911a7e997065159cd42ea5182974807170cdb25e5e78f1b0bd2a26fc04b97fbf2b08fc47716a047aecf01ff47450d4b365992b443adc52fd4301d8b2231e2fe5dc4388bd5bc85443586b9b84c6404b4c172c74cd116\"","":"","state_id":"3774113561","tgme_sync":"{\"canRedirect\":true,\"ts\":1737846758}","dc":"2","user_auth":"{\"dcID\":2,\"date\":1737846756,\"id\":7398917417}","k_build":"526","dc1_auth_key":"\"95a7a2312f793e67184f89f7201efd1db345cbd4d2f7c472ac710b187a8fcdb8a91f5f1e47331ac44092ad8f317253d212fba1b9edc662245ed6ba0990f15d18b8ae5be59b39a103cce2adc9ba3d9c942265e2de1e4a0e90a78c8d9af2ac9b523eed442909e068b944d0ea12e535b20962982772b49359883109c5cfccd607e42ed99d46dec5566e6affc464fec6d4936d7dad8e8d665137f297e47b38eb579830bc323512cbc30eb62b983ada1714532977efe303c9e6978525cb7ef817559911fa7efc9035c7fcda49ffc65061b0b998147160ac70042111a86d9cef1a24710223e6db6ae4af5733e9e852cb128839e96b4deb0d4c0b158aa285637cf4bb8b\"","dc3_server_salt":"\"227d61a01c55e1cf\"","dc2_server_salt":"\"bc8ef6af00d76849\"","dc4_auth_key":"\"8968acc3267843536fd09340fb638016ba33bbda8aa195143eea0e76b58cfe334961996018bd78af75dd29c9b9d0145319214f44968268c8070b6f9f020566ee94e1e4240ff1e0c4ff4e6908e804d3d8f7a0c18dbca110ac1dc641823a0b75bc87af7cb49606d87a76902ea2ccbedc4e41cf55dca6b012c8a36b2539942f80f29193668508bfc58c2639dfd44ee4bf5dfb0eea5924ed59adbc418187132d847b36f027d6a3d65040bc7e5a8f3cbb265dfd17c7ab379d7420a1c7726f64081d73d1b40b91b3e27a462baafe61926aa9f1df59208f22dd92e83a791026f28f36bf8136c280689fd8277e7364ae6a12d13c007e0e181e4416431a5a1ab459024092\"","dc4_server_salt":"\"8ea7f09a02d69faa\"","tt-global-state":"","dc1_server_salt":"\"25e438c076960e32\"","auth_key_fingerprint":"\"9c754f46\"","server_time_offset":"-1"}
VM38:1 —————-
undefined
k/:1 Uncaught (in promise) {code: 400, type: 'LOCATION_INVALID', description: 'CODE#400 LOCATION_INVALID', originalError: {…}, input: 'upload.getFile'}
